---------------------------------------------------------------
[ 2019-04-13T00:39:32+08:00 ] 127.0.0.1 GET 127.0.0.2/index/user/index.html
[运行时间：1.002812s] [吞吐率：1.00req/s] [内存消耗：2,922.01kb] [文件加载：74]
[ info ] [ BEHAVIOR ] Run Closure @app_init [ RunTime:0.000310s ]
[ info ] [ CACHE ] INIT File
[ info ] [ BEHAVIOR ] Run Closure @app_init [ RunTime:0.050114s ]
[ info ] [ LANG ] D:\fastadmin\thinkphp\lang\zh-cn.php
[ info ] [ ROUTE ] array (
  'type' => 'module',
  'module' => 
  array (
    0 => 'index',
    1 => 'user',
    2 => 'index',
  ),
)
[ info ] [ HEADER ] array (
  'cookie' => 'Hm_lvt_f8d0a8c400404989e195270b0bbf060a=1554814376; uid=1; token=16a21bfc-008a-4680-bc7c-a078de2379ba',
  'accept-language' => 'zh-CN,zh;q=0.9',
  'accept-encoding' => 'gzip, deflate, br',
  'referer' => 'http://127.0.0.2/index/user/login.html',
  'accept' => 'text/html,application/xhtml+xml,application/xml;q=0.9,image/webp,image/apng,*/*;q=0.8',
  'user-agent' => 'Mozilla/5.0 (Windows NT 10.0; Win64; x64) AppleWebKit/537.36 (KHTML, like Gecko) Chrome/70.0.3538.67 Safari/537.36',
  'upgrade-insecure-requests' => '1',
  'cache-control' => 'max-age=0',
  'connection' => 'close',
  'host' => '127.0.0.2',
)
[ info ] [ PARAM ] array (
)
[ info ] [ LANG ] D:\fastadmin\public/../application/index\lang\zh-cn.php
[ info ] [ BEHAVIOR ] Run app\common\behavior\Common @module_init [ RunTime:0.027661s ]
[ info ] [ TOKEN ] INIT Mysql
[ info ] [ DB ] INIT mysql
[ info ] [ LANG ] D:\fastadmin\public/../application/index/lang/zh-cn/user.php
[ info ] [ RUN ] app\index\controller\User->index[ D:\fastadmin\application\index\controller\User.php ]
[ info ] [ VIEW ] D:\fastadmin\public/../application/index\view\user\index.html [ array (
  0 => 'user',
  1 => 'site',
  2 => 'config',
  3 => 'title',
) ]
[ info ] [ LOG ] INIT File
[ sql ] [ DB ] CONNECT:[ UseTime:0.023156s ] mysql:host=127.0.0.2;dbname=schedule;charset=utf8
[ sql ] [ SQL ] SHOW COLUMNS FROM `sd_user_token` [ RunTime:0.017643s ]
[ sql ] [ SQL ] SELECT * FROM `sd_user_token` WHERE  `token` = '1e3a99f137ce511404bb0cf5dfaef8bcd0929140' LIMIT 1 [ RunTime:0.003986s ]
[ sql ] [ SQL ] SHOW COLUMNS FROM `sd_user` [ RunTime:0.001732s ]
[ sql ] [ SQL ] SELECT * FROM `sd_user` WHERE  `id` = 1 LIMIT 1 [ RunTime:0.000526s ]
---------------------------------------------------------------
[ 2019-04-13T00:39:32+08:00 ] 127.0.0.1 GET 127.0.0.2/index/calender/main.html
[运行时间：0.088572s] [吞吐率：11.29req/s] [内存消耗：2,827.88kb] [文件加载：74]
[ info ] [ BEHAVIOR ] Run Closure @app_init [ RunTime:0.000020s ]
[ info ] [ CACHE ] INIT File
[ info ] [ BEHAVIOR ] Run Closure @app_init [ RunTime:0.002304s ]
[ info ] [ LANG ] D:\fastadmin\thinkphp\lang\zh-cn.php
[ info ] [ ROUTE ] array (
  'type' => 'module',
  'module' => 
  array (
    0 => 'index',
    1 => 'calender',
    2 => 'main',
  ),
)
[ info ] [ HEADER ] array (
  'cookie' => 'Hm_lvt_f8d0a8c400404989e195270b0bbf060a=1554814376; uid=1; token=16a21bfc-008a-4680-bc7c-a078de2379ba',
  'accept-language' => 'zh-CN,zh;q=0.9',
  'accept-encoding' => 'gzip, deflate, br',
  'referer' => 'http://127.0.0.2/index/user/index.html',
  'accept' => 'text/html,application/xhtml+xml,application/xml;q=0.9,image/webp,image/apng,*/*;q=0.8',
  'user-agent' => 'Mozilla/5.0 (Windows NT 10.0; Win64; x64) AppleWebKit/537.36 (KHTML, like Gecko) Chrome/70.0.3538.67 Safari/537.36',
  'upgrade-insecure-requests' => '1',
  'connection' => 'close',
  'host' => '127.0.0.2',
)
[ info ] [ PARAM ] array (
)
[ info ] [ LANG ] D:\fastadmin\public/../application/index\lang\zh-cn.php
[ info ] [ BEHAVIOR ] Run app\common\behavior\Common @module_init [ RunTime:0.001308s ]
[ info ] [ TOKEN ] INIT Mysql
[ info ] [ DB ] INIT mysql
[ info ] [ RUN ] app\index\controller\Calender->main[ D:\fastadmin\application\index\controller\Calender.php ]
[ info ] [ VIEW ] D:\fastadmin\public/../application/index\view\calender\main.html [ array (
  0 => 'user',
  1 => 'site',
  2 => 'config',
) ]
[ info ] [ LOG ] INIT File
[ sql ] [ DB ] CONNECT:[ UseTime:0.001602s ] mysql:host=127.0.0.2;dbname=schedule;charset=utf8
[ sql ] [ SQL ] SHOW COLUMNS FROM `sd_user_token` [ RunTime:0.002003s ]
[ sql ] [ SQL ] SELECT * FROM `sd_user_token` WHERE  `token` = '1e3a99f137ce511404bb0cf5dfaef8bcd0929140' LIMIT 1 [ RunTime:0.000403s ]
[ sql ] [ SQL ] SHOW COLUMNS FROM `sd_user` [ RunTime:0.001119s ]
[ sql ] [ SQL ] SELECT * FROM `sd_user` WHERE  `id` = 1 LIMIT 1 [ RunTime:0.000355s ]
---------------------------------------------------------------
[ 2019-04-13T00:39:43+08:00 ] 127.0.0.1 GET 127.0.0.2/index/user/libs/favicon.ico
[运行时间：0.072210s] [吞吐率：13.85req/s] [内存消耗：2,963.95kb] [文件加载：76]
[ info ] [ BEHAVIOR ] Run Closure @app_init [ RunTime:0.000014s ]
[ info ] [ CACHE ] INIT File
[ info ] [ BEHAVIOR ] Run Closure @app_init [ RunTime:0.002136s ]
[ info ] [ LANG ] D:\fastadmin\thinkphp\lang\zh-cn.php
[ info ] [ ROUTE ] array (
  'type' => 'module',
  'module' => 
  array (
    0 => 'index',
    1 => 'user',
    2 => 'libs',
  ),
)
[ info ] [ HEADER ] array (
  'cookie' => 'Hm_lvt_f8d0a8c400404989e195270b0bbf060a=1554814376; uid=1; token=16a21bfc-008a-4680-bc7c-a078de2379ba',
  'accept-language' => 'zh-CN,zh;q=0.9',
  'accept-encoding' => 'gzip, deflate, br',
  'referer' => 'http://127.0.0.2/index/user/index.html',
  'accept' => 'image/webp,image/apng,image/*,*/*;q=0.8',
  'user-agent' => 'Mozilla/5.0 (Windows NT 10.0; Win64; x64) AppleWebKit/537.36 (KHTML, like Gecko) Chrome/70.0.3538.67 Safari/537.36',
  'cache-control' => 'no-cache',
  'pragma' => 'no-cache',
  'connection' => 'close',
  'host' => '127.0.0.2',
)
[ info ] [ PARAM ] array (
)
[ info ] [ LANG ] D:\fastadmin\public/../application/index\lang\zh-cn.php
[ info ] [ BEHAVIOR ] Run app\common\behavior\Common @module_init [ RunTime:0.004988s ]
[ info ] [ TOKEN ] INIT Mysql
[ info ] [ DB ] INIT mysql
[ info ] [ LANG ] D:\fastadmin\public/../application/index/lang/zh-cn/user.php
[ info ] [ RUN ] app\index\controller\User->_empty[ D:\fastadmin\application\index\controller\User.php ]
[ info ] [ LOG ] INIT File
[ sql ] [ DB ] CONNECT:[ UseTime:0.001424s ] mysql:host=127.0.0.2;dbname=schedule;charset=utf8
[ sql ] [ SQL ] SHOW COLUMNS FROM `sd_user_token` [ RunTime:0.001560s ]
[ sql ] [ SQL ] SELECT * FROM `sd_user_token` WHERE  `token` = '1e3a99f137ce511404bb0cf5dfaef8bcd0929140' LIMIT 1 [ RunTime:0.000448s ]
[ sql ] [ SQL ] SHOW COLUMNS FROM `sd_user` [ RunTime:0.001758s ]
[ sql ] [ SQL ] SELECT * FROM `sd_user` WHERE  `id` = 1 LIMIT 1 [ RunTime:0.000511s ]
[ error ] [0]模板文件不存在:D:\fastadmin\public/../application/index\view\user\libs.html[D:\fastadmin\thinkphp\library\think\view\driver\Think.php:82]
---------------------------------------------------------------
[ 2019-04-13T21:36:01+08:00 ] 127.0.0.1 GET 127.0.0.2/
[运行时间：1.390182s] [吞吐率：0.72req/s] [内存消耗：2,822.03kb] [文件加载：74]
[ info ] [ BEHAVIOR ] Run Closure @app_init [ RunTime:0.000302s ]
[ info ] [ CACHE ] INIT File
[ info ] [ BEHAVIOR ] Run Closure @app_init [ RunTime:0.082980s ]
[ info ] [ LANG ] D:\fastadmin\thinkphp\lang\zh-cn.php
[ info ] [ ROUTE ] array (
  'type' => 'module',
  'module' => 
  array (
    0 => '',
    1 => NULL,
    2 => NULL,
  ),
)
[ info ] [ HEADER ] array (
  'cookie' => 'Hm_lvt_f8d0a8c400404989e195270b0bbf060a=1554814376; uid=1; token=16a21bfc-008a-4680-bc7c-a078de2379ba',
  'accept-language' => 'zh-CN,zh;q=0.9',
  'accept-encoding' => 'gzip, deflate, br',
  'accept' => 'text/html,application/xhtml+xml,application/xml;q=0.9,image/webp,image/apng,*/*;q=0.8',
  'user-agent' => 'Mozilla/5.0 (Windows NT 10.0; Win64; x64) AppleWebKit/537.36 (KHTML, like Gecko) Chrome/70.0.3538.67 Safari/537.36',
  'upgrade-insecure-requests' => '1',
  'connection' => 'close',
  'host' => '127.0.0.2',
)
[ info ] [ PARAM ] array (
)
[ info ] [ LANG ] D:\fastadmin\public/../application/index\lang\zh-cn.php
[ info ] [ BEHAVIOR ] Run app\common\behavior\Common @module_init [ RunTime:0.040270s ]
[ info ] [ TOKEN ] INIT Mysql
[ info ] [ DB ] INIT mysql
[ info ] [ LANG ] D:\fastadmin\public/../application/index/lang/zh-cn/index.php
[ info ] [ RUN ] app\index\controller\Index->index[ D:\fastadmin\application\index\controller\Index.php ]
[ info ] [ VIEW ] D:\fastadmin\public/../application/index\view\index\index.html [ array (
  0 => 'user',
  1 => 'site',
  2 => 'config',
) ]
[ info ] [ LOG ] INIT File
[ sql ] [ DB ] CONNECT:[ UseTime:0.028441s ] mysql:host=127.0.0.2;dbname=schedule;charset=utf8
[ sql ] [ SQL ] SHOW COLUMNS FROM `sd_user_token` [ RunTime:0.018855s ]
[ sql ] [ SQL ] SELECT * FROM `sd_user_token` WHERE  `token` = '1e3a99f137ce511404bb0cf5dfaef8bcd0929140' LIMIT 1 [ RunTime:0.002431s ]
[ sql ] [ SQL ] SHOW COLUMNS FROM `sd_user` [ RunTime:0.001468s ]
[ sql ] [ SQL ] SELECT * FROM `sd_user` WHERE  `id` = 1 LIMIT 1 [ RunTime:0.000388s ]
---------------------------------------------------------------
[ 2019-04-13T21:36:02+08:00 ] 127.0.0.1 GET 127.0.0.2/assets/img/
[运行时间：0.075166s] [吞吐率：13.30req/s] [内存消耗：1,401.55kb] [文件加载：49]
[ info ] [ BEHAVIOR ] Run Closure @app_init [ RunTime:0.000116s ]
[ info ] [ CACHE ] INIT File
[ info ] [ BEHAVIOR ] Run Closure @app_init [ RunTime:0.003993s ]
[ info ] [ LANG ] D:\fastadmin\thinkphp\lang\zh-cn.php
[ info ] [ ROUTE ] array (
  'type' => 'module',
  'module' => 
  array (
    0 => '403',
    1 => NULL,
    2 => NULL,
  ),
)
[ info ] [ HEADER ] array (
  'cookie' => 'Hm_lvt_f8d0a8c400404989e195270b0bbf060a=1554814376; uid=1; token=16a21bfc-008a-4680-bc7c-a078de2379ba',
  'accept-language' => 'zh-CN,zh;q=0.9',
  'accept-encoding' => 'gzip, deflate, br',
  'referer' => 'http://127.0.0.2/',
  'accept' => 'image/webp,image/apng,image/*,*/*;q=0.8',
  'user-agent' => 'Mozilla/5.0 (Windows NT 10.0; Win64; x64) AppleWebKit/537.36 (KHTML, like Gecko) Chrome/70.0.3538.67 Safari/537.36',
  'connection' => 'close',
  'host' => '127.0.0.2',
)
[ info ] [ PARAM ] array (
)
[ info ] [ LOG ] INIT File
---------------------------------------------------------------
[ 2019-04-13T21:36:02+08:00 ] 127.0.0.1 GET 127.0.0.2/favicon.ico
[运行时间：0.059649s] [吞吐率：16.76req/s] [内存消耗：1,401.23kb] [文件加载：49]
[ info ] [ BEHAVIOR ] Run Closure @app_init [ RunTime:0.000022s ]
[ info ] [ CACHE ] INIT File
[ info ] [ BEHAVIOR ] Run Closure @app_init [ RunTime:0.027959s ]
[ info ] [ LANG ] D:\fastadmin\thinkphp\lang\zh-cn.php
[ info ] [ ROUTE ] array (
  'type' => 'module',
  'module' => 
  array (
    0 => 'favicon.ico',
    1 => NULL,
    2 => NULL,
  ),
)
[ info ] [ HEADER ] array (
  'cookie' => 'Hm_lvt_f8d0a8c400404989e195270b0bbf060a=1554814376; uid=1; token=16a21bfc-008a-4680-bc7c-a078de2379ba',
  'accept-language' => 'zh-CN,zh;q=0.9',
  'accept-encoding' => 'gzip, deflate, br',
  'referer' => 'http://127.0.0.2/',
  'accept' => 'image/webp,image/apng,image/*,*/*;q=0.8',
  'user-agent' => 'Mozilla/5.0 (Windows NT 10.0; Win64; x64) AppleWebKit/537.36 (KHTML, like Gecko) Chrome/70.0.3538.67 Safari/537.36',
  'connection' => 'close',
  'host' => '127.0.0.2',
)
[ info ] [ PARAM ] array (
)
[ info ] [ LOG ] INIT File
---------------------------------------------------------------
[ 2019-04-13T21:36:03+08:00 ] 127.0.0.1 GET 127.0.0.2/index/user/login.html
[运行时间：0.132268s] [吞吐率：7.56req/s] [内存消耗：2,872.80kb] [文件加载：75]
[ info ] [ BEHAVIOR ] Run Closure @app_init [ RunTime:0.000019s ]
[ info ] [ CACHE ] INIT File
[ info ] [ BEHAVIOR ] Run Closure @app_init [ RunTime:0.007641s ]
[ info ] [ LANG ] D:\fastadmin\thinkphp\lang\zh-cn.php
[ info ] [ ROUTE ] array (
  'type' => 'module',
  'module' => 
  array (
    0 => 'index',
    1 => 'user',
    2 => 'login',
  ),
)
[ info ] [ HEADER ] array (
  'cookie' => 'Hm_lvt_f8d0a8c400404989e195270b0bbf060a=1554814376; uid=1; token=16a21bfc-008a-4680-bc7c-a078de2379ba',
  'accept-language' => 'zh-CN,zh;q=0.9',
  'accept-encoding' => 'gzip, deflate, br',
  'referer' => 'http://127.0.0.2/',
  'accept' => 'text/html,application/xhtml+xml,application/xml;q=0.9,image/webp,image/apng,*/*;q=0.8',
  'user-agent' => 'Mozilla/5.0 (Windows NT 10.0; Win64; x64) AppleWebKit/537.36 (KHTML, like Gecko) Chrome/70.0.3538.67 Safari/537.36',
  'upgrade-insecure-requests' => '1',
  'connection' => 'close',
  'host' => '127.0.0.2',
)
[ info ] [ PARAM ] array (
)
[ info ] [ LANG ] D:\fastadmin\public/../application/index\lang\zh-cn.php
[ info ] [ BEHAVIOR ] Run app\common\behavior\Common @module_init [ RunTime:0.001543s ]
[ info ] [ TOKEN ] INIT Mysql
[ info ] [ DB ] INIT mysql
[ info ] [ LANG ] D:\fastadmin\public/../application/index/lang/zh-cn/user.php
[ info ] [ RUN ] app\index\controller\User->login[ D:\fastadmin\application\index\controller\User.php ]
[ info ] [ VIEW ] D:\fastadmin\public/../application/common\view\tpl\dispatch_jump.tpl [ array (
  0 => 'user',
  1 => 'site',
  2 => 'config',
  3 => 'code',
  4 => 'msg',
  5 => 'data',
  6 => 'url',
  7 => 'wait',
) ]
[ info ] [ LOG ] INIT File
[ sql ] [ DB ] CONNECT:[ UseTime:0.002922s ] mysql:host=127.0.0.2;dbname=schedule;charset=utf8
[ sql ] [ SQL ] SHOW COLUMNS FROM `sd_user_token` [ RunTime:0.001142s ]
[ sql ] [ SQL ] SELECT * FROM `sd_user_token` WHERE  `token` = '1e3a99f137ce511404bb0cf5dfaef8bcd0929140' LIMIT 1 [ RunTime:0.000288s ]
[ sql ] [ SQL ] SHOW COLUMNS FROM `sd_user` [ RunTime:0.001068s ]
[ sql ] [ SQL ] SELECT * FROM `sd_user` WHERE  `id` = 1 LIMIT 1 [ RunTime:0.000370s ]
---------------------------------------------------------------
[ 2019-04-13T21:36:04+08:00 ] 127.0.0.1 GET 127.0.0.2/index/user/index.html
[运行时间：0.060101s] [吞吐率：16.64req/s] [内存消耗：2,921.56kb] [文件加载：74]
[ info ] [ BEHAVIOR ] Run Closure @app_init [ RunTime:0.000015s ]
[ info ] [ CACHE ] INIT File
[ info ] [ BEHAVIOR ] Run Closure @app_init [ RunTime:0.002583s ]
[ info ] [ LANG ] D:\fastadmin\thinkphp\lang\zh-cn.php
[ info ] [ ROUTE ] array (
  'type' => 'module',
  'module' => 
  array (
    0 => 'index',
    1 => 'user',
    2 => 'index',
  ),
)
[ info ] [ HEADER ] array (
  'cookie' => 'Hm_lvt_f8d0a8c400404989e195270b0bbf060a=1554814376; uid=1; token=16a21bfc-008a-4680-bc7c-a078de2379ba',
  'accept-language' => 'zh-CN,zh;q=0.9',
  'accept-encoding' => 'gzip, deflate, br',
  'referer' => 'http://127.0.0.2/index/user/login.html',
  'accept' => 'text/html,application/xhtml+xml,application/xml;q=0.9,image/webp,image/apng,*/*;q=0.8',
  'user-agent' => 'Mozilla/5.0 (Windows NT 10.0; Win64; x64) AppleWebKit/537.36 (KHTML, like Gecko) Chrome/70.0.3538.67 Safari/537.36',
  'upgrade-insecure-requests' => '1',
  'connection' => 'close',
  'host' => '127.0.0.2',
)
[ info ] [ PARAM ] array (
)
[ info ] [ LANG ] D:\fastadmin\public/../application/index\lang\zh-cn.php
[ info ] [ BEHAVIOR ] Run app\common\behavior\Common @module_init [ RunTime:0.001403s ]
[ info ] [ TOKEN ] INIT Mysql
[ info ] [ DB ] INIT mysql
[ info ] [ LANG ] D:\fastadmin\public/../application/index/lang/zh-cn/user.php
[ info ] [ RUN ] app\index\controller\User->index[ D:\fastadmin\application\index\controller\User.php ]
[ info ] [ VIEW ] D:\fastadmin\public/../application/index\view\user\index.html [ array (
  0 => 'user',
  1 => 'site',
  2 => 'config',
  3 => 'title',
) ]
[ info ] [ LOG ] INIT File
[ sql ] [ DB ] CONNECT:[ UseTime:0.001830s ] mysql:host=127.0.0.2;dbname=schedule;charset=utf8
[ sql ] [ SQL ] SHOW COLUMNS FROM `sd_user_token` [ RunTime:0.001476s ]
[ sql ] [ SQL ] SELECT * FROM `sd_user_token` WHERE  `token` = '1e3a99f137ce511404bb0cf5dfaef8bcd0929140' LIMIT 1 [ RunTime:0.000484s ]
[ sql ] [ SQL ] SHOW COLUMNS FROM `sd_user` [ RunTime:0.003192s ]
[ sql ] [ SQL ] SELECT * FROM `sd_user` WHERE  `id` = 1 LIMIT 1 [ RunTime:0.000617s ]
---------------------------------------------------------------
[ 2019-04-13T21:36:04+08:00 ] 127.0.0.1 GET 127.0.0.2/index/calender/main.html
[运行时间：0.106411s] [吞吐率：9.40req/s] [内存消耗：2,827.88kb] [文件加载：74]
[ info ] [ BEHAVIOR ] Run Closure @app_init [ RunTime:0.000022s ]
[ info ] [ CACHE ] INIT File
[ info ] [ BEHAVIOR ] Run Closure @app_init [ RunTime:0.008417s ]
[ info ] [ LANG ] D:\fastadmin\thinkphp\lang\zh-cn.php
[ info ] [ ROUTE ] array (
  'type' => 'module',
  'module' => 
  array (
    0 => 'index',
    1 => 'calender',
    2 => 'main',
  ),
)
[ info ] [ HEADER ] array (
  'cookie' => 'Hm_lvt_f8d0a8c400404989e195270b0bbf060a=1554814376; uid=1; token=16a21bfc-008a-4680-bc7c-a078de2379ba',
  'accept-language' => 'zh-CN,zh;q=0.9',
  'accept-encoding' => 'gzip, deflate, br',
  'referer' => 'http://127.0.0.2/index/user/index.html',
  'accept' => 'text/html,application/xhtml+xml,application/xml;q=0.9,image/webp,image/apng,*/*;q=0.8',
  'user-agent' => 'Mozilla/5.0 (Windows NT 10.0; Win64; x64) AppleWebKit/537.36 (KHTML, like Gecko) Chrome/70.0.3538.67 Safari/537.36',
  'upgrade-insecure-requests' => '1',
  'connection' => 'close',
  'host' => '127.0.0.2',
)
[ info ] [ PARAM ] array (
)
[ info ] [ LANG ] D:\fastadmin\public/../application/index\lang\zh-cn.php
[ info ] [ BEHAVIOR ] Run app\common\behavior\Common @module_init [ RunTime:0.001218s ]
[ info ] [ TOKEN ] INIT Mysql
[ info ] [ DB ] INIT mysql
[ info ] [ RUN ] app\index\controller\Calender->main[ D:\fastadmin\application\index\controller\Calender.php ]
[ info ] [ VIEW ] D:\fastadmin\public/../application/index\view\calender\main.html [ array (
  0 => 'user',
  1 => 'site',
  2 => 'config',
) ]
[ info ] [ LOG ] INIT File
[ sql ] [ DB ] CONNECT:[ UseTime:0.005091s ] mysql:host=127.0.0.2;dbname=schedule;charset=utf8
[ sql ] [ SQL ] SHOW COLUMNS FROM `sd_user_token` [ RunTime:0.001248s ]
[ sql ] [ SQL ] SELECT * FROM `sd_user_token` WHERE  `token` = '1e3a99f137ce511404bb0cf5dfaef8bcd0929140' LIMIT 1 [ RunTime:0.000246s ]
[ sql ] [ SQL ] SHOW COLUMNS FROM `sd_user` [ RunTime:0.001142s ]
[ sql ] [ SQL ] SELECT * FROM `sd_user` WHERE  `id` = 1 LIMIT 1 [ RunTime:0.000380s ]
---------------------------------------------------------------
[ 2019-04-13T21:36:06+08:00 ] 127.0.0.1 GET 127.0.0.2/index/calender/main.html
[运行时间：0.060476s] [吞吐率：16.54req/s] [内存消耗：2,827.88kb] [文件加载：74]
[ info ] [ BEHAVIOR ] Run Closure @app_init [ RunTime:0.000015s ]
[ info ] [ CACHE ] INIT File
[ info ] [ BEHAVIOR ] Run Closure @app_init [ RunTime:0.002511s ]
[ info ] [ LANG ] D:\fastadmin\thinkphp\lang\zh-cn.php
[ info ] [ ROUTE ] array (
  'type' => 'module',
  'module' => 
  array (
    0 => 'index',
    1 => 'calender',
    2 => 'main',
  ),
)
[ info ] [ HEADER ] array (
  'cookie' => 'Hm_lvt_f8d0a8c400404989e195270b0bbf060a=1554814376; uid=1; token=16a21bfc-008a-4680-bc7c-a078de2379ba',
  'accept-language' => 'zh-CN,zh;q=0.9',
  'accept-encoding' => 'gzip, deflate, br',
  'referer' => 'http://127.0.0.2/index/user/index.html',
  'accept' => 'text/html,application/xhtml+xml,application/xml;q=0.9,image/webp,image/apng,*/*;q=0.8',
  'user-agent' => 'Mozilla/5.0 (Windows NT 10.0; Win64; x64) AppleWebKit/537.36 (KHTML, like Gecko) Chrome/70.0.3538.67 Safari/537.36',
  'upgrade-insecure-requests' => '1',
  'connection' => 'close',
  'host' => '127.0.0.2',
)
[ info ] [ PARAM ] array (
)
[ info ] [ LANG ] D:\fastadmin\public/../application/index\lang\zh-cn.php
[ info ] [ BEHAVIOR ] Run app\common\behavior\Common @module_init [ RunTime:0.003335s ]
[ info ] [ TOKEN ] INIT Mysql
[ info ] [ DB ] INIT mysql
[ info ] [ RUN ] app\index\controller\Calender->main[ D:\fastadmin\application\index\controller\Calender.php ]
[ info ] [ VIEW ] D:\fastadmin\public/../application/index\view\calender\main.html [ array (
  0 => 'user',
  1 => 'site',
  2 => 'config',
) ]
[ info ] [ LOG ] INIT File
[ sql ] [ DB ] CONNECT:[ UseTime:0.002080s ] mysql:host=127.0.0.2;dbname=schedule;charset=utf8
[ sql ] [ SQL ] SHOW COLUMNS FROM `sd_user_token` [ RunTime:0.003779s ]
[ sql ] [ SQL ] SELECT * FROM `sd_user_token` WHERE  `token` = '1e3a99f137ce511404bb0cf5dfaef8bcd0929140' LIMIT 1 [ RunTime:0.000406s ]
[ sql ] [ SQL ] SHOW COLUMNS FROM `sd_user` [ RunTime:0.000998s ]
[ sql ] [ SQL ] SELECT * FROM `sd_user` WHERE  `id` = 1 LIMIT 1 [ RunTime:0.000351s ]
---------------------------------------------------------------
[ 2019-04-13T21:36:07+08:00 ] 127.0.0.1 GET 127.0.0.2/index/calender/team.html
[运行时间：0.074252s] [吞吐率：13.47req/s] [内存消耗：2,823.88kb] [文件加载：74]
[ info ] [ BEHAVIOR ] Run Closure @app_init [ RunTime:0.000023s ]
[ info ] [ CACHE ] INIT File
[ info ] [ BEHAVIOR ] Run Closure @app_init [ RunTime:0.003745s ]
[ info ] [ LANG ] D:\fastadmin\thinkphp\lang\zh-cn.php
[ info ] [ ROUTE ] array (
  'type' => 'module',
  'module' => 
  array (
    0 => 'index',
    1 => 'calender',
    2 => 'team',
  ),
)
[ info ] [ HEADER ] array (
  'cookie' => 'Hm_lvt_f8d0a8c400404989e195270b0bbf060a=1554814376; uid=1; token=16a21bfc-008a-4680-bc7c-a078de2379ba',
  'accept-language' => 'zh-CN,zh;q=0.9',
  'accept-encoding' => 'gzip, deflate, br',
  'referer' => 'http://127.0.0.2/index/user/index.html',
  'accept' => 'text/html,application/xhtml+xml,application/xml;q=0.9,image/webp,image/apng,*/*;q=0.8',
  'user-agent' => 'Mozilla/5.0 (Windows NT 10.0; Win64; x64) AppleWebKit/537.36 (KHTML, like Gecko) Chrome/70.0.3538.67 Safari/537.36',
  'upgrade-insecure-requests' => '1',
  'connection' => 'close',
  'host' => '127.0.0.2',
)
[ info ] [ PARAM ] array (
)
[ info ] [ LANG ] D:\fastadmin\public/../application/index\lang\zh-cn.php
[ info ] [ BEHAVIOR ] Run app\common\behavior\Common @module_init [ RunTime:0.003059s ]
[ info ] [ TOKEN ] INIT Mysql
[ info ] [ DB ] INIT mysql
[ info ] [ RUN ] app\index\controller\Calender->team[ D:\fastadmin\application\index\controller\Calender.php ]
[ info ] [ VIEW ] D:\fastadmin\public/../application/index\view\calender\team.html [ array (
  0 => 'user',
  1 => 'site',
  2 => 'config',
) ]
[ info ] [ LOG ] INIT File
[ sql ] [ DB ] CONNECT:[ UseTime:0.001527s ] mysql:host=127.0.0.2;dbname=schedule;charset=utf8
[ sql ] [ SQL ] SHOW COLUMNS FROM `sd_user_token` [ RunTime:0.001200s ]
[ sql ] [ SQL ] SELECT * FROM `sd_user_token` WHERE  `token` = '1e3a99f137ce511404bb0cf5dfaef8bcd0929140' LIMIT 1 [ RunTime:0.001621s ]
[ sql ] [ SQL ] SHOW COLUMNS FROM `sd_user` [ RunTime:0.001380s ]
[ sql ] [ SQL ] SELECT * FROM `sd_user` WHERE  `id` = 1 LIMIT 1 [ RunTime:0.000393s ]
---------------------------------------------------------------
[ 2019-04-13T21:36:14+08:00 ] 127.0.0.1 GET 127.0.0.2/index/user/user.html
[运行时间：0.084059s] [吞吐率：11.90req/s] [内存消耗：2,890.06kb] [文件加载：75]
[ info ] [ BEHAVIOR ] Run Closure @app_init [ RunTime:0.000037s ]
[ info ] [ CACHE ] INIT File
[ info ] [ BEHAVIOR ] Run Closure @app_init [ RunTime:0.002501s ]
[ info ] [ LANG ] D:\fastadmin\thinkphp\lang\zh-cn.php
[ info ] [ ROUTE ] array (
  'type' => 'module',
  'module' => 
  array (
    0 => 'index',
    1 => 'user',
    2 => 'user',
  ),
)
[ info ] [ HEADER ] array (
  'cookie' => 'Hm_lvt_f8d0a8c400404989e195270b0bbf060a=1554814376; uid=1; token=16a21bfc-008a-4680-bc7c-a078de2379ba',
  'accept-language' => 'zh-CN,zh;q=0.9',
  'accept-encoding' => 'gzip, deflate, br',
  'referer' => 'http://127.0.0.2/index/user/index.html',
  'accept' => 'text/html,application/xhtml+xml,application/xml;q=0.9,image/webp,image/apng,*/*;q=0.8',
  'user-agent' => 'Mozilla/5.0 (Windows NT 10.0; Win64; x64) AppleWebKit/537.36 (KHTML, like Gecko) Chrome/70.0.3538.67 Safari/537.36',
  'upgrade-insecure-requests' => '1',
  'connection' => 'close',
  'host' => '127.0.0.2',
)
[ info ] [ PARAM ] array (
)
[ info ] [ LANG ] D:\fastadmin\public/../application/index\lang\zh-cn.php
[ info ] [ BEHAVIOR ] Run app\common\behavior\Common @module_init [ RunTime:0.004127s ]
[ info ] [ TOKEN ] INIT Mysql
[ info ] [ DB ] INIT mysql
[ info ] [ LANG ] D:\fastadmin\public/../application/index/lang/zh-cn/user.php
[ info ] [ RUN ] app\index\controller\User->user[ D:\fastadmin\application\index\controller\User.php ]
[ info ] [ VIEW ] D:\fastadmin\public/../application/index\view\user\user.html [ array (
  0 => 'user',
  1 => 'site',
  2 => 'config',
) ]
[ info ] [ LOG ] INIT File
[ sql ] [ DB ] CONNECT:[ UseTime:0.001619s ] mysql:host=127.0.0.2;dbname=schedule;charset=utf8
[ sql ] [ SQL ] SHOW COLUMNS FROM `sd_user_token` [ RunTime:0.000862s ]
[ sql ] [ SQL ] SELECT * FROM `sd_user_token` WHERE  `token` = '1e3a99f137ce511404bb0cf5dfaef8bcd0929140' LIMIT 1 [ RunTime:0.000338s ]
[ sql ] [ SQL ] SHOW COLUMNS FROM `sd_user` [ RunTime:0.001066s ]
[ sql ] [ SQL ] SELECT * FROM `sd_user` WHERE  `id` = 1 LIMIT 1 [ RunTime:0.000435s ]
---------------------------------------------------------------
[ 2019-04-13T21:36:16+08:00 ] 127.0.0.1 GET 127.0.0.2/index/user/revise.html
[运行时间：0.204041s] [吞吐率：4.90req/s] [内存消耗：3,098.98kb] [文件加载：77]
[ info ] [ BEHAVIOR ] Run Closure @app_init [ RunTime:0.000044s ]
[ info ] [ CACHE ] INIT File
[ info ] [ BEHAVIOR ] Run Closure @app_init [ RunTime:0.002450s ]
[ info ] [ LANG ] D:\fastadmin\thinkphp\lang\zh-cn.php
[ info ] [ ROUTE ] array (
  'type' => 'module',
  'module' => 
  array (
    0 => 'index',
    1 => 'user',
    2 => 'revise',
  ),
)
[ info ] [ HEADER ] array (
  'cookie' => 'Hm_lvt_f8d0a8c400404989e195270b0bbf060a=1554814376; uid=1; token=16a21bfc-008a-4680-bc7c-a078de2379ba',
  'accept-language' => 'zh-CN,zh;q=0.9',
  'accept-encoding' => 'gzip, deflate, br',
  'referer' => 'http://127.0.0.2/index/user/index.html',
  'accept' => 'text/html,application/xhtml+xml,application/xml;q=0.9,image/webp,image/apng,*/*;q=0.8',
  'user-agent' => 'Mozilla/5.0 (Windows NT 10.0; Win64; x64) AppleWebKit/537.36 (KHTML, like Gecko) Chrome/70.0.3538.67 Safari/537.36',
  'upgrade-insecure-requests' => '1',
  'connection' => 'close',
  'host' => '127.0.0.2',
)
[ info ] [ PARAM ] array (
)
[ info ] [ LANG ] D:\fastadmin\public/../application/index\lang\zh-cn.php
[ info ] [ BEHAVIOR ] Run app\common\behavior\Common @module_init [ RunTime:0.001882s ]
[ info ] [ TOKEN ] INIT Mysql
[ info ] [ DB ] INIT mysql
[ info ] [ LANG ] D:\fastadmin\public/../application/index/lang/zh-cn/user.php
[ info ] [ RUN ] app\index\controller\User->revise[ D:\fastadmin\application\index\controller\User.php ]
[ info ] [ VIEW ] D:\fastadmin\public/../application/index\view\user\revise.html [ array (
  0 => 'user',
  1 => 'site',
  2 => 'config',
) ]
[ info ] [ LOG ] INIT File
[ sql ] [ DB ] CONNECT:[ UseTime:0.001394s ] mysql:host=127.0.0.2;dbname=schedule;charset=utf8
[ sql ] [ SQL ] SHOW COLUMNS FROM `sd_user_token` [ RunTime:0.001141s ]
[ sql ] [ SQL ] SELECT * FROM `sd_user_token` WHERE  `token` = '1e3a99f137ce511404bb0cf5dfaef8bcd0929140' LIMIT 1 [ RunTime:0.000183s ]
[ sql ] [ SQL ] SHOW COLUMNS FROM `sd_user` [ RunTime:0.000809s ]
[ sql ] [ SQL ] SELECT * FROM `sd_user` WHERE  `id` = 1 LIMIT 1 [ RunTime:0.000951s ]
---------------------------------------------------------------
[ 2019-04-13T21:36:16+08:00 ] 127.0.0.1 GET 127.0.0.2/index/user/libs/favicon.ico
[运行时间：0.163433s] [吞吐率：6.12req/s] [内存消耗：2,963.34kb] [文件加载：76]
[ info ] [ BEHAVIOR ] Run Closure @app_init [ RunTime:0.000028s ]
[ info ] [ CACHE ] INIT File
[ info ] [ BEHAVIOR ] Run Closure @app_init [ RunTime:0.003304s ]
[ info ] [ LANG ] D:\fastadmin\thinkphp\lang\zh-cn.php
[ info ] [ ROUTE ] array (
  'type' => 'module',
  'module' => 
  array (
    0 => 'index',
    1 => 'user',
    2 => 'libs',
  ),
)
[ info ] [ HEADER ] array (
  'cookie' => 'Hm_lvt_f8d0a8c400404989e195270b0bbf060a=1554814376; uid=1; token=16a21bfc-008a-4680-bc7c-a078de2379ba',
  'accept-language' => 'zh-CN,zh;q=0.9',
  'accept-encoding' => 'gzip, deflate, br',
  'referer' => 'http://127.0.0.2/index/user/index.html',
  'accept' => 'image/webp,image/apng,image/*,*/*;q=0.8',
  'user-agent' => 'Mozilla/5.0 (Windows NT 10.0; Win64; x64) AppleWebKit/537.36 (KHTML, like Gecko) Chrome/70.0.3538.67 Safari/537.36',
  'connection' => 'close',
  'host' => '127.0.0.2',
)
[ info ] [ PARAM ] array (
)
[ info ] [ LANG ] D:\fastadmin\public/../application/index\lang\zh-cn.php
[ info ] [ BEHAVIOR ] Run app\common\behavior\Common @module_init [ RunTime:0.001544s ]
[ info ] [ TOKEN ] INIT Mysql
[ info ] [ DB ] INIT mysql
[ info ] [ LANG ] D:\fastadmin\public/../application/index/lang/zh-cn/user.php
[ info ] [ RUN ] app\index\controller\User->_empty[ D:\fastadmin\application\index\controller\User.php ]
[ info ] [ LOG ] INIT File
[ sql ] [ DB ] CONNECT:[ UseTime:0.001634s ] mysql:host=127.0.0.2;dbname=schedule;charset=utf8
[ sql ] [ SQL ] SHOW COLUMNS FROM `sd_user_token` [ RunTime:0.000808s ]
[ sql ] [ SQL ] SELECT * FROM `sd_user_token` WHERE  `token` = '1e3a99f137ce511404bb0cf5dfaef8bcd0929140' LIMIT 1 [ RunTime:0.000217s ]
[ sql ] [ SQL ] SHOW COLUMNS FROM `sd_user` [ RunTime:0.001485s ]
[ sql ] [ SQL ] SELECT * FROM `sd_user` WHERE  `id` = 1 LIMIT 1 [ RunTime:0.004950s ]
[ error ] [0]模板文件不存在:D:\fastadmin\public/../application/index\view\user\libs.html[D:\fastadmin\thinkphp\library\think\view\driver\Think.php:82]
---------------------------------------------------------------
[ 2019-04-13T21:36:37+08:00 ] 127.0.0.1 GET 127.0.0.2/index/user/mailbox.html
[运行时间：0.069897s] [吞吐率：14.31req/s] [内存消耗：2,963.98kb] [文件加载：76]
[ info ] [ BEHAVIOR ] Run Closure @app_init [ RunTime:0.000028s ]
[ info ] [ CACHE ] INIT File
[ info ] [ BEHAVIOR ] Run Closure @app_init [ RunTime:0.009948s ]
[ info ] [ LANG ] D:\fastadmin\thinkphp\lang\zh-cn.php
[ info ] [ ROUTE ] array (
  'type' => 'module',
  'module' => 
  array (
    0 => 'index',
    1 => 'user',
    2 => 'mailbox',
  ),
)
[ info ] [ HEADER ] array (
  'cookie' => 'Hm_lvt_f8d0a8c400404989e195270b0bbf060a=1554814376; uid=1; token=16a21bfc-008a-4680-bc7c-a078de2379ba',
  'accept-language' => 'zh-CN,zh;q=0.9',
  'accept-encoding' => 'gzip, deflate, br',
  'referer' => 'http://127.0.0.2/index/user/index.html',
  'accept' => 'text/html,application/xhtml+xml,application/xml;q=0.9,image/webp,image/apng,*/*;q=0.8',
  'user-agent' => 'Mozilla/5.0 (Windows NT 10.0; Win64; x64) AppleWebKit/537.36 (KHTML, like Gecko) Chrome/70.0.3538.67 Safari/537.36',
  'upgrade-insecure-requests' => '1',
  'connection' => 'close',
  'host' => '127.0.0.2',
)
[ info ] [ PARAM ] array (
)
[ info ] [ LANG ] D:\fastadmin\public/../application/index\lang\zh-cn.php
[ info ] [ BEHAVIOR ] Run app\common\behavior\Common @module_init [ RunTime:0.001427s ]
[ info ] [ TOKEN ] INIT Mysql
[ info ] [ DB ] INIT mysql
[ info ] [ LANG ] D:\fastadmin\public/../application/index/lang/zh-cn/user.php
[ info ] [ RUN ] app\index\controller\User->_empty[ D:\fastadmin\application\index\controller\User.php ]
[ info ] [ LOG ] INIT File
[ sql ] [ DB ] CONNECT:[ UseTime:0.012898s ] mysql:host=127.0.0.2;dbname=schedule;charset=utf8
[ sql ] [ SQL ] SHOW COLUMNS FROM `sd_user_token` [ RunTime:0.000916s ]
[ sql ] [ SQL ] SELECT * FROM `sd_user_token` WHERE  `token` = '1e3a99f137ce511404bb0cf5dfaef8bcd0929140' LIMIT 1 [ RunTime:0.000314s ]
[ sql ] [ SQL ] SHOW COLUMNS FROM `sd_user` [ RunTime:0.001898s ]
[ sql ] [ SQL ] SELECT * FROM `sd_user` WHERE  `id` = 1 LIMIT 1 [ RunTime:0.000659s ]
[ error ] [0]模板文件不存在:D:\fastadmin\public/../application/index\view\user\mailbox.html[D:\fastadmin\thinkphp\library\think\view\driver\Think.php:82]
