---------------------------------------------------------------
[ 2019-04-14T20:12:47+08:00 ] 127.0.0.1 GET 127.0.0.2/
[运行时间：0.268598s] [吞吐率：3.72req/s] [内存消耗：2,822.02kb] [文件加载：74]
[ info ] [ BEHAVIOR ] Run Closure @app_init [ RunTime:0.000202s ]
[ info ] [ CACHE ] INIT File
[ info ] [ BEHAVIOR ] Run Closure @app_init [ RunTime:0.003058s ]
[ info ] [ LANG ] D:\fastadmin\thinkphp\lang\zh-cn.php
[ info ] [ ROUTE ] array (
  'type' => 'module',
  'module' => 
  array (
    0 => '',
    1 => NULL,
    2 => NULL,
  ),
)
[ info ] [ HEADER ] array (
  'cookie' => 'Hm_lvt_f8d0a8c400404989e195270b0bbf060a=1554814376; uid=1; token=16a21bfc-008a-4680-bc7c-a078de2379ba',
  'accept-language' => 'zh-CN,zh;q=0.9',
  'accept-encoding' => 'gzip, deflate, br',
  'accept' => 'text/html,application/xhtml+xml,application/xml;q=0.9,image/webp,image/apng,*/*;q=0.8',
  'user-agent' => 'Mozilla/5.0 (Windows NT 10.0; Win64; x64) AppleWebKit/537.36 (KHTML, like Gecko) Chrome/70.0.3538.67 Safari/537.36',
  'upgrade-insecure-requests' => '1',
  'connection' => 'close',
  'host' => '127.0.0.2',
)
[ info ] [ PARAM ] array (
)
[ info ] [ LANG ] D:\fastadmin\public/../application/index\lang\zh-cn.php
[ info ] [ BEHAVIOR ] Run app\common\behavior\Common @module_init [ RunTime:0.003092s ]
[ info ] [ TOKEN ] INIT Mysql
[ info ] [ DB ] INIT mysql
[ info ] [ LANG ] D:\fastadmin\public/../application/index/lang/zh-cn/index.php
[ info ] [ RUN ] app\index\controller\Index->index[ D:\fastadmin\application\index\controller\Index.php ]
[ info ] [ VIEW ] D:\fastadmin\public/../application/index\view\index\index.html [ array (
  0 => 'user',
  1 => 'site',
  2 => 'config',
) ]
[ info ] [ LOG ] INIT File
[ sql ] [ DB ] CONNECT:[ UseTime:0.044819s ] mysql:host=127.0.0.2;dbname=schedule;charset=utf8
[ sql ] [ SQL ] SHOW COLUMNS FROM `sd_user_token` [ RunTime:0.028078s ]
[ sql ] [ SQL ] SELECT * FROM `sd_user_token` WHERE  `token` = '1e3a99f137ce511404bb0cf5dfaef8bcd0929140' LIMIT 1 [ RunTime:0.008397s ]
[ sql ] [ SQL ] SHOW COLUMNS FROM `sd_user` [ RunTime:0.005043s ]
[ sql ] [ SQL ] SELECT * FROM `sd_user` WHERE  `id` = 1 LIMIT 1 [ RunTime:0.001026s ]
---------------------------------------------------------------
[ 2019-04-14T20:12:47+08:00 ] 127.0.0.1 GET 127.0.0.2/assets/img/
[运行时间：0.032985s] [吞吐率：30.32req/s] [内存消耗：1,401.55kb] [文件加载：49]
[ info ] [ BEHAVIOR ] Run Closure @app_init [ RunTime:0.000016s ]
[ info ] [ CACHE ] INIT File
[ info ] [ BEHAVIOR ] Run Closure @app_init [ RunTime:0.002527s ]
[ info ] [ LANG ] D:\fastadmin\thinkphp\lang\zh-cn.php
[ info ] [ ROUTE ] array (
  'type' => 'module',
  'module' => 
  array (
    0 => '403',
    1 => NULL,
    2 => NULL,
  ),
)
[ info ] [ HEADER ] array (
  'cookie' => 'Hm_lvt_f8d0a8c400404989e195270b0bbf060a=1554814376; uid=1; token=16a21bfc-008a-4680-bc7c-a078de2379ba',
  'accept-language' => 'zh-CN,zh;q=0.9',
  'accept-encoding' => 'gzip, deflate, br',
  'referer' => 'http://127.0.0.2/',
  'accept' => 'image/webp,image/apng,image/*,*/*;q=0.8',
  'user-agent' => 'Mozilla/5.0 (Windows NT 10.0; Win64; x64) AppleWebKit/537.36 (KHTML, like Gecko) Chrome/70.0.3538.67 Safari/537.36',
  'connection' => 'close',
  'host' => '127.0.0.2',
)
[ info ] [ PARAM ] array (
)
[ info ] [ LOG ] INIT File
---------------------------------------------------------------
[ 2019-04-14T20:12:48+08:00 ] 127.0.0.1 GET 127.0.0.2/favicon.ico
[运行时间：0.063758s] [吞吐率：15.68req/s] [内存消耗：1,401.23kb] [文件加载：49]
[ info ] [ BEHAVIOR ] Run Closure @app_init [ RunTime:0.000041s ]
[ info ] [ CACHE ] INIT File
[ info ] [ BEHAVIOR ] Run Closure @app_init [ RunTime:0.033353s ]
[ info ] [ LANG ] D:\fastadmin\thinkphp\lang\zh-cn.php
[ info ] [ ROUTE ] array (
  'type' => 'module',
  'module' => 
  array (
    0 => 'favicon.ico',
    1 => NULL,
    2 => NULL,
  ),
)
[ info ] [ HEADER ] array (
  'cookie' => 'Hm_lvt_f8d0a8c400404989e195270b0bbf060a=1554814376; uid=1; token=16a21bfc-008a-4680-bc7c-a078de2379ba',
  'accept-language' => 'zh-CN,zh;q=0.9',
  'accept-encoding' => 'gzip, deflate, br',
  'referer' => 'http://127.0.0.2/',
  'accept' => 'image/webp,image/apng,image/*,*/*;q=0.8',
  'user-agent' => 'Mozilla/5.0 (Windows NT 10.0; Win64; x64) AppleWebKit/537.36 (KHTML, like Gecko) Chrome/70.0.3538.67 Safari/537.36',
  'connection' => 'close',
  'host' => '127.0.0.2',
)
[ info ] [ PARAM ] array (
)
[ info ] [ LOG ] INIT File
---------------------------------------------------------------
[ 2019-04-14T20:12:48+08:00 ] 127.0.0.1 GET 127.0.0.2/index/user/login.html
[运行时间：0.049190s] [吞吐率：20.33req/s] [内存消耗：2,872.80kb] [文件加载：75]
[ info ] [ BEHAVIOR ] Run Closure @app_init [ RunTime:0.000016s ]
[ info ] [ CACHE ] INIT File
[ info ] [ BEHAVIOR ] Run Closure @app_init [ RunTime:0.002530s ]
[ info ] [ LANG ] D:\fastadmin\thinkphp\lang\zh-cn.php
[ info ] [ ROUTE ] array (
  'type' => 'module',
  'module' => 
  array (
    0 => 'index',
    1 => 'user',
    2 => 'login',
  ),
)
[ info ] [ HEADER ] array (
  'cookie' => 'Hm_lvt_f8d0a8c400404989e195270b0bbf060a=1554814376; uid=1; token=16a21bfc-008a-4680-bc7c-a078de2379ba',
  'accept-language' => 'zh-CN,zh;q=0.9',
  'accept-encoding' => 'gzip, deflate, br',
  'referer' => 'http://127.0.0.2/',
  'accept' => 'text/html,application/xhtml+xml,application/xml;q=0.9,image/webp,image/apng,*/*;q=0.8',
  'user-agent' => 'Mozilla/5.0 (Windows NT 10.0; Win64; x64) AppleWebKit/537.36 (KHTML, like Gecko) Chrome/70.0.3538.67 Safari/537.36',
  'upgrade-insecure-requests' => '1',
  'connection' => 'close',
  'host' => '127.0.0.2',
)
[ info ] [ PARAM ] array (
)
[ info ] [ LANG ] D:\fastadmin\public/../application/index\lang\zh-cn.php
[ info ] [ BEHAVIOR ] Run app\common\behavior\Common @module_init [ RunTime:0.001395s ]
[ info ] [ TOKEN ] INIT Mysql
[ info ] [ DB ] INIT mysql
[ info ] [ LANG ] D:\fastadmin\public/../application/index/lang/zh-cn/user.php
[ info ] [ RUN ] app\index\controller\User->login[ D:\fastadmin\application\index\controller\User.php ]
[ info ] [ VIEW ] D:\fastadmin\public/../application/common\view\tpl\dispatch_jump.tpl [ array (
  0 => 'user',
  1 => 'site',
  2 => 'config',
  3 => 'code',
  4 => 'msg',
  5 => 'data',
  6 => 'url',
  7 => 'wait',
) ]
[ info ] [ LOG ] INIT File
[ sql ] [ DB ] CONNECT:[ UseTime:0.001822s ] mysql:host=127.0.0.2;dbname=schedule;charset=utf8
[ sql ] [ SQL ] SHOW COLUMNS FROM `sd_user_token` [ RunTime:0.002012s ]
[ sql ] [ SQL ] SELECT * FROM `sd_user_token` WHERE  `token` = '1e3a99f137ce511404bb0cf5dfaef8bcd0929140' LIMIT 1 [ RunTime:0.001405s ]
[ sql ] [ SQL ] SHOW COLUMNS FROM `sd_user` [ RunTime:0.003998s ]
[ sql ] [ SQL ] SELECT * FROM `sd_user` WHERE  `id` = 1 LIMIT 1 [ RunTime:0.000615s ]
---------------------------------------------------------------
[ 2019-04-14T20:12:49+08:00 ] 127.0.0.1 GET 127.0.0.2/index/user/index.html
[运行时间：0.055959s] [吞吐率：17.87req/s] [内存消耗：2,921.56kb] [文件加载：74]
[ info ] [ BEHAVIOR ] Run Closure @app_init [ RunTime:0.000015s ]
[ info ] [ CACHE ] INIT File
[ info ] [ BEHAVIOR ] Run Closure @app_init [ RunTime:0.002095s ]
[ info ] [ LANG ] D:\fastadmin\thinkphp\lang\zh-cn.php
[ info ] [ ROUTE ] array (
  'type' => 'module',
  'module' => 
  array (
    0 => 'index',
    1 => 'user',
    2 => 'index',
  ),
)
[ info ] [ HEADER ] array (
  'cookie' => 'Hm_lvt_f8d0a8c400404989e195270b0bbf060a=1554814376; uid=1; token=16a21bfc-008a-4680-bc7c-a078de2379ba',
  'accept-language' => 'zh-CN,zh;q=0.9',
  'accept-encoding' => 'gzip, deflate, br',
  'referer' => 'http://127.0.0.2/index/user/login.html',
  'accept' => 'text/html,application/xhtml+xml,application/xml;q=0.9,image/webp,image/apng,*/*;q=0.8',
  'user-agent' => 'Mozilla/5.0 (Windows NT 10.0; Win64; x64) AppleWebKit/537.36 (KHTML, like Gecko) Chrome/70.0.3538.67 Safari/537.36',
  'upgrade-insecure-requests' => '1',
  'connection' => 'close',
  'host' => '127.0.0.2',
)
[ info ] [ PARAM ] array (
)
[ info ] [ LANG ] D:\fastadmin\public/../application/index\lang\zh-cn.php
[ info ] [ BEHAVIOR ] Run app\common\behavior\Common @module_init [ RunTime:0.001296s ]
[ info ] [ TOKEN ] INIT Mysql
[ info ] [ DB ] INIT mysql
[ info ] [ LANG ] D:\fastadmin\public/../application/index/lang/zh-cn/user.php
[ info ] [ RUN ] app\index\controller\User->index[ D:\fastadmin\application\index\controller\User.php ]
[ info ] [ VIEW ] D:\fastadmin\public/../application/index\view\user\index.html [ array (
  0 => 'user',
  1 => 'site',
  2 => 'config',
  3 => 'title',
) ]
[ info ] [ LOG ] INIT File
[ sql ] [ DB ] CONNECT:[ UseTime:0.003074s ] mysql:host=127.0.0.2;dbname=schedule;charset=utf8
[ sql ] [ SQL ] SHOW COLUMNS FROM `sd_user_token` [ RunTime:0.001622s ]
[ sql ] [ SQL ] SELECT * FROM `sd_user_token` WHERE  `token` = '1e3a99f137ce511404bb0cf5dfaef8bcd0929140' LIMIT 1 [ RunTime:0.000417s ]
[ sql ] [ SQL ] SHOW COLUMNS FROM `sd_user` [ RunTime:0.001641s ]
[ sql ] [ SQL ] SELECT * FROM `sd_user` WHERE  `id` = 1 LIMIT 1 [ RunTime:0.000529s ]
---------------------------------------------------------------
[ 2019-04-14T20:12:49+08:00 ] 127.0.0.1 GET 127.0.0.2/index/calender/main.html
[运行时间：0.065703s] [吞吐率：15.22req/s] [内存消耗：2,827.88kb] [文件加载：74]
[ info ] [ BEHAVIOR ] Run Closure @app_init [ RunTime:0.000168s ]
[ info ] [ CACHE ] INIT File
[ info ] [ BEHAVIOR ] Run Closure @app_init [ RunTime:0.005639s ]
[ info ] [ LANG ] D:\fastadmin\thinkphp\lang\zh-cn.php
[ info ] [ ROUTE ] array (
  'type' => 'module',
  'module' => 
  array (
    0 => 'index',
    1 => 'calender',
    2 => 'main',
  ),
)
[ info ] [ HEADER ] array (
  'cookie' => 'Hm_lvt_f8d0a8c400404989e195270b0bbf060a=1554814376; uid=1; token=16a21bfc-008a-4680-bc7c-a078de2379ba',
  'accept-language' => 'zh-CN,zh;q=0.9',
  'accept-encoding' => 'gzip, deflate, br',
  'referer' => 'http://127.0.0.2/index/user/index.html',
  'accept' => 'text/html,application/xhtml+xml,application/xml;q=0.9,image/webp,image/apng,*/*;q=0.8',
  'user-agent' => 'Mozilla/5.0 (Windows NT 10.0; Win64; x64) AppleWebKit/537.36 (KHTML, like Gecko) Chrome/70.0.3538.67 Safari/537.36',
  'upgrade-insecure-requests' => '1',
  'connection' => 'close',
  'host' => '127.0.0.2',
)
[ info ] [ PARAM ] array (
)
[ info ] [ LANG ] D:\fastadmin\public/../application/index\lang\zh-cn.php
[ info ] [ BEHAVIOR ] Run app\common\behavior\Common @module_init [ RunTime:0.001355s ]
[ info ] [ TOKEN ] INIT Mysql
[ info ] [ DB ] INIT mysql
[ info ] [ RUN ] app\index\controller\Calender->main[ D:\fastadmin\application\index\controller\Calender.php ]
[ info ] [ VIEW ] D:\fastadmin\public/../application/index\view\calender\main.html [ array (
  0 => 'user',
  1 => 'site',
  2 => 'config',
) ]
[ info ] [ LOG ] INIT File
[ sql ] [ DB ] CONNECT:[ UseTime:0.002409s ] mysql:host=127.0.0.2;dbname=schedule;charset=utf8
[ sql ] [ SQL ] SHOW COLUMNS FROM `sd_user_token` [ RunTime:0.007050s ]
[ sql ] [ SQL ] SELECT * FROM `sd_user_token` WHERE  `token` = '1e3a99f137ce511404bb0cf5dfaef8bcd0929140' LIMIT 1 [ RunTime:0.000410s ]
[ sql ] [ SQL ] SHOW COLUMNS FROM `sd_user` [ RunTime:0.001939s ]
[ sql ] [ SQL ] SELECT * FROM `sd_user` WHERE  `id` = 1 LIMIT 1 [ RunTime:0.000462s ]
---------------------------------------------------------------
[ 2019-04-14T20:12:49+08:00 ] 127.0.0.1 GET 127.0.0.2/index/user/libs/favicon.ico
[运行时间：0.145538s] [吞吐率：6.87req/s] [内存消耗：2,963.34kb] [文件加载：76]
[ info ] [ BEHAVIOR ] Run Closure @app_init [ RunTime:0.000024s ]
[ info ] [ CACHE ] INIT File
[ info ] [ BEHAVIOR ] Run Closure @app_init [ RunTime:0.002520s ]
[ info ] [ LANG ] D:\fastadmin\thinkphp\lang\zh-cn.php
[ info ] [ ROUTE ] array (
  'type' => 'module',
  'module' => 
  array (
    0 => 'index',
    1 => 'user',
    2 => 'libs',
  ),
)
[ info ] [ HEADER ] array (
  'cookie' => 'Hm_lvt_f8d0a8c400404989e195270b0bbf060a=1554814376; uid=1; token=16a21bfc-008a-4680-bc7c-a078de2379ba',
  'accept-language' => 'zh-CN,zh;q=0.9',
  'accept-encoding' => 'gzip, deflate, br',
  'referer' => 'http://127.0.0.2/index/user/index.html',
  'accept' => 'image/webp,image/apng,image/*,*/*;q=0.8',
  'user-agent' => 'Mozilla/5.0 (Windows NT 10.0; Win64; x64) AppleWebKit/537.36 (KHTML, like Gecko) Chrome/70.0.3538.67 Safari/537.36',
  'connection' => 'close',
  'host' => '127.0.0.2',
)
[ info ] [ PARAM ] array (
)
[ info ] [ LANG ] D:\fastadmin\public/../application/index\lang\zh-cn.php
[ info ] [ BEHAVIOR ] Run app\common\behavior\Common @module_init [ RunTime:0.001429s ]
[ info ] [ TOKEN ] INIT Mysql
[ info ] [ DB ] INIT mysql
[ info ] [ LANG ] D:\fastadmin\public/../application/index/lang/zh-cn/user.php
[ info ] [ RUN ] app\index\controller\User->_empty[ D:\fastadmin\application\index\controller\User.php ]
[ info ] [ LOG ] INIT File
[ sql ] [ DB ] CONNECT:[ UseTime:0.001929s ] mysql:host=127.0.0.2;dbname=schedule;charset=utf8
[ sql ] [ SQL ] SHOW COLUMNS FROM `sd_user_token` [ RunTime:0.002005s ]
[ sql ] [ SQL ] SELECT * FROM `sd_user_token` WHERE  `token` = '1e3a99f137ce511404bb0cf5dfaef8bcd0929140' LIMIT 1 [ RunTime:0.002956s ]
[ sql ] [ SQL ] SHOW COLUMNS FROM `sd_user` [ RunTime:0.002104s ]
[ sql ] [ SQL ] SELECT * FROM `sd_user` WHERE  `id` = 1 LIMIT 1 [ RunTime:0.000414s ]
[ error ] [0]模板文件不存在:D:\fastadmin\public/../application/index\view\user\libs.html[D:\fastadmin\thinkphp\library\think\view\driver\Think.php:82]
---------------------------------------------------------------
[ 2019-04-14T20:12:51+08:00 ] 127.0.0.1 GET 127.0.0.2/index/form/index.html
[运行时间：0.051892s] [吞吐率：19.27req/s] [内存消耗：2,827.30kb] [文件加载：74]
[ info ] [ BEHAVIOR ] Run Closure @app_init [ RunTime:0.000017s ]
[ info ] [ CACHE ] INIT File
[ info ] [ BEHAVIOR ] Run Closure @app_init [ RunTime:0.002691s ]
[ info ] [ LANG ] D:\fastadmin\thinkphp\lang\zh-cn.php
[ info ] [ ROUTE ] array (
  'type' => 'module',
  'module' => 
  array (
    0 => 'index',
    1 => 'form',
    2 => 'index',
  ),
)
[ info ] [ HEADER ] array (
  'cookie' => 'Hm_lvt_f8d0a8c400404989e195270b0bbf060a=1554814376; uid=1; token=16a21bfc-008a-4680-bc7c-a078de2379ba',
  'accept-language' => 'zh-CN,zh;q=0.9',
  'accept-encoding' => 'gzip, deflate, br',
  'referer' => 'http://127.0.0.2/index/user/index.html',
  'accept' => 'text/html,application/xhtml+xml,application/xml;q=0.9,image/webp,image/apng,*/*;q=0.8',
  'user-agent' => 'Mozilla/5.0 (Windows NT 10.0; Win64; x64) AppleWebKit/537.36 (KHTML, like Gecko) Chrome/70.0.3538.67 Safari/537.36',
  'upgrade-insecure-requests' => '1',
  'connection' => 'close',
  'host' => '127.0.0.2',
)
[ info ] [ PARAM ] array (
)
[ info ] [ LANG ] D:\fastadmin\public/../application/index\lang\zh-cn.php
[ info ] [ BEHAVIOR ] Run app\common\behavior\Common @module_init [ RunTime:0.001888s ]
[ info ] [ TOKEN ] INIT Mysql
[ info ] [ DB ] INIT mysql
[ info ] [ RUN ] app\index\controller\Form->index[ D:\fastadmin\application\index\controller\Form.php ]
[ info ] [ VIEW ] D:\fastadmin\public/../application/index\view\form\index.html [ array (
  0 => 'user',
  1 => 'site',
  2 => 'config',
) ]
[ info ] [ LOG ] INIT File
[ sql ] [ DB ] CONNECT:[ UseTime:0.011101s ] mysql:host=127.0.0.2;dbname=schedule;charset=utf8
[ sql ] [ SQL ] SHOW COLUMNS FROM `sd_user_token` [ RunTime:0.001627s ]
[ sql ] [ SQL ] SELECT * FROM `sd_user_token` WHERE  `token` = '1e3a99f137ce511404bb0cf5dfaef8bcd0929140' LIMIT 1 [ RunTime:0.000511s ]
[ sql ] [ SQL ] SHOW COLUMNS FROM `sd_user` [ RunTime:0.001893s ]
[ sql ] [ SQL ] SELECT * FROM `sd_user` WHERE  `id` = 1 LIMIT 1 [ RunTime:0.000546s ]
---------------------------------------------------------------
[ 2019-04-14T20:12:51+08:00 ] 127.0.0.1 GET 127.0.0.2/index/user/graph_flot.html
[运行时间：0.049163s] [吞吐率：20.34req/s] [内存消耗：2,964.02kb] [文件加载：76]
[ info ] [ BEHAVIOR ] Run Closure @app_init [ RunTime:0.000017s ]
[ info ] [ CACHE ] INIT File
[ info ] [ BEHAVIOR ] Run Closure @app_init [ RunTime:0.003055s ]
[ info ] [ LANG ] D:\fastadmin\thinkphp\lang\zh-cn.php
[ info ] [ ROUTE ] array (
  'type' => 'module',
  'module' => 
  array (
    0 => 'index',
    1 => 'user',
    2 => 'graph_flot',
  ),
)
[ info ] [ HEADER ] array (
  'cookie' => 'Hm_lvt_f8d0a8c400404989e195270b0bbf060a=1554814376; uid=1; token=16a21bfc-008a-4680-bc7c-a078de2379ba',
  'accept-language' => 'zh-CN,zh;q=0.9',
  'accept-encoding' => 'gzip, deflate, br',
  'referer' => 'http://127.0.0.2/index/user/index.html',
  'accept' => 'text/html,application/xhtml+xml,application/xml;q=0.9,image/webp,image/apng,*/*;q=0.8',
  'user-agent' => 'Mozilla/5.0 (Windows NT 10.0; Win64; x64) AppleWebKit/537.36 (KHTML, like Gecko) Chrome/70.0.3538.67 Safari/537.36',
  'upgrade-insecure-requests' => '1',
  'connection' => 'close',
  'host' => '127.0.0.2',
)
[ info ] [ PARAM ] array (
)
[ info ] [ LANG ] D:\fastadmin\public/../application/index\lang\zh-cn.php
[ info ] [ BEHAVIOR ] Run app\common\behavior\Common @module_init [ RunTime:0.001316s ]
[ info ] [ TOKEN ] INIT Mysql
[ info ] [ DB ] INIT mysql
[ info ] [ LANG ] D:\fastadmin\public/../application/index/lang/zh-cn/user.php
[ info ] [ RUN ] app\index\controller\User->_empty[ D:\fastadmin\application\index\controller\User.php ]
[ info ] [ LOG ] INIT File
[ sql ] [ DB ] CONNECT:[ UseTime:0.001934s ] mysql:host=127.0.0.2;dbname=schedule;charset=utf8
[ sql ] [ SQL ] SHOW COLUMNS FROM `sd_user_token` [ RunTime:0.001740s ]
[ sql ] [ SQL ] SELECT * FROM `sd_user_token` WHERE  `token` = '1e3a99f137ce511404bb0cf5dfaef8bcd0929140' LIMIT 1 [ RunTime:0.000539s ]
[ sql ] [ SQL ] SHOW COLUMNS FROM `sd_user` [ RunTime:0.002892s ]
[ sql ] [ SQL ] SELECT * FROM `sd_user` WHERE  `id` = 1 LIMIT 1 [ RunTime:0.000572s ]
[ error ] [0]模板文件不存在:D:\fastadmin\public/../application/index\view\user\graph_flot.html[D:\fastadmin\thinkphp\library\think\view\driver\Think.php:82]
---------------------------------------------------------------
[ 2019-04-14T20:12:52+08:00 ] 127.0.0.1 GET 127.0.0.2/index/form/team.html
[运行时间：0.059917s] [吞吐率：16.69req/s] [内存消耗：2,831.24kb] [文件加载：74]
[ info ] [ BEHAVIOR ] Run Closure @app_init [ RunTime:0.000045s ]
[ info ] [ CACHE ] INIT File
[ info ] [ BEHAVIOR ] Run Closure @app_init [ RunTime:0.002565s ]
[ info ] [ LANG ] D:\fastadmin\thinkphp\lang\zh-cn.php
[ info ] [ ROUTE ] array (
  'type' => 'module',
  'module' => 
  array (
    0 => 'index',
    1 => 'form',
    2 => 'team',
  ),
)
[ info ] [ HEADER ] array (
  'cookie' => 'Hm_lvt_f8d0a8c400404989e195270b0bbf060a=1554814376; uid=1; token=16a21bfc-008a-4680-bc7c-a078de2379ba',
  'accept-language' => 'zh-CN,zh;q=0.9',
  'accept-encoding' => 'gzip, deflate, br',
  'referer' => 'http://127.0.0.2/index/user/index.html',
  'accept' => 'text/html,application/xhtml+xml,application/xml;q=0.9,image/webp,image/apng,*/*;q=0.8',
  'user-agent' => 'Mozilla/5.0 (Windows NT 10.0; Win64; x64) AppleWebKit/537.36 (KHTML, like Gecko) Chrome/70.0.3538.67 Safari/537.36',
  'upgrade-insecure-requests' => '1',
  'connection' => 'close',
  'host' => '127.0.0.2',
)
[ info ] [ PARAM ] array (
)
[ info ] [ LANG ] D:\fastadmin\public/../application/index\lang\zh-cn.php
[ info ] [ BEHAVIOR ] Run app\common\behavior\Common @module_init [ RunTime:0.001283s ]
[ info ] [ TOKEN ] INIT Mysql
[ info ] [ DB ] INIT mysql
[ info ] [ RUN ] app\index\controller\Form->team[ D:\fastadmin\application\index\controller\Form.php ]
[ info ] [ VIEW ] D:\fastadmin\public/../application/index\view\form\team.html [ array (
  0 => 'user',
  1 => 'site',
  2 => 'config',
) ]
[ info ] [ LOG ] INIT File
[ sql ] [ DB ] CONNECT:[ UseTime:0.002366s ] mysql:host=127.0.0.2;dbname=schedule;charset=utf8
[ sql ] [ SQL ] SHOW COLUMNS FROM `sd_user_token` [ RunTime:0.001679s ]
[ sql ] [ SQL ] SELECT * FROM `sd_user_token` WHERE  `token` = '1e3a99f137ce511404bb0cf5dfaef8bcd0929140' LIMIT 1 [ RunTime:0.000323s ]
[ sql ] [ SQL ] SHOW COLUMNS FROM `sd_user` [ RunTime:0.002178s ]
[ sql ] [ SQL ] SELECT * FROM `sd_user` WHERE  `id` = 1 LIMIT 1 [ RunTime:0.000574s ]
---------------------------------------------------------------
[ 2019-04-14T20:12:52+08:00 ] 127.0.0.1 GET 127.0.0.2/index/form/pb.html
[运行时间：0.063583s] [吞吐率：15.73req/s] [内存消耗：2,831.23kb] [文件加载：74]
[ info ] [ BEHAVIOR ] Run Closure @app_init [ RunTime:0.000016s ]
[ info ] [ CACHE ] INIT File
[ info ] [ BEHAVIOR ] Run Closure @app_init [ RunTime:0.005989s ]
[ info ] [ LANG ] D:\fastadmin\thinkphp\lang\zh-cn.php
[ info ] [ ROUTE ] array (
  'type' => 'module',
  'module' => 
  array (
    0 => 'index',
    1 => 'form',
    2 => 'pb',
  ),
)
[ info ] [ HEADER ] array (
  'cookie' => 'Hm_lvt_f8d0a8c400404989e195270b0bbf060a=1554814376; uid=1; token=16a21bfc-008a-4680-bc7c-a078de2379ba',
  'accept-language' => 'zh-CN,zh;q=0.9',
  'accept-encoding' => 'gzip, deflate, br',
  'referer' => 'http://127.0.0.2/index/user/index.html',
  'accept' => 'text/html,application/xhtml+xml,application/xml;q=0.9,image/webp,image/apng,*/*;q=0.8',
  'user-agent' => 'Mozilla/5.0 (Windows NT 10.0; Win64; x64) AppleWebKit/537.36 (KHTML, like Gecko) Chrome/70.0.3538.67 Safari/537.36',
  'upgrade-insecure-requests' => '1',
  'connection' => 'close',
  'host' => '127.0.0.2',
)
[ info ] [ PARAM ] array (
)
[ info ] [ LANG ] D:\fastadmin\public/../application/index\lang\zh-cn.php
[ info ] [ BEHAVIOR ] Run app\common\behavior\Common @module_init [ RunTime:0.001274s ]
[ info ] [ TOKEN ] INIT Mysql
[ info ] [ DB ] INIT mysql
[ info ] [ RUN ] app\index\controller\Form->pb[ D:\fastadmin\application\index\controller\Form.php ]
[ info ] [ VIEW ] D:\fastadmin\public/../application/index\view\form\pb.html [ array (
  0 => 'user',
  1 => 'site',
  2 => 'config',
) ]
[ info ] [ LOG ] INIT File
[ sql ] [ DB ] CONNECT:[ UseTime:0.012644s ] mysql:host=127.0.0.2;dbname=schedule;charset=utf8
[ sql ] [ SQL ] SHOW COLUMNS FROM `sd_user_token` [ RunTime:0.001934s ]
[ sql ] [ SQL ] SELECT * FROM `sd_user_token` WHERE  `token` = '1e3a99f137ce511404bb0cf5dfaef8bcd0929140' LIMIT 1 [ RunTime:0.000489s ]
[ sql ] [ SQL ] SHOW COLUMNS FROM `sd_user` [ RunTime:0.001665s ]
[ sql ] [ SQL ] SELECT * FROM `sd_user` WHERE  `id` = 1 LIMIT 1 [ RunTime:0.000538s ]
---------------------------------------------------------------
[ 2019-04-14T20:12:53+08:00 ] 127.0.0.1 GET 127.0.0.2/index/user/teams_board.html
[运行时间：0.070581s] [吞吐率：14.17req/s] [内存消耗：2,964.02kb] [文件加载：76]
[ info ] [ BEHAVIOR ] Run Closure @app_init [ RunTime:0.000015s ]
[ info ] [ CACHE ] INIT File
[ info ] [ BEHAVIOR ] Run Closure @app_init [ RunTime:0.004102s ]
[ info ] [ LANG ] D:\fastadmin\thinkphp\lang\zh-cn.php
[ info ] [ ROUTE ] array (
  'type' => 'module',
  'module' => 
  array (
    0 => 'index',
    1 => 'user',
    2 => 'teams_board',
  ),
)
[ info ] [ HEADER ] array (
  'cookie' => 'Hm_lvt_f8d0a8c400404989e195270b0bbf060a=1554814376; uid=1; token=16a21bfc-008a-4680-bc7c-a078de2379ba',
  'accept-language' => 'zh-CN,zh;q=0.9',
  'accept-encoding' => 'gzip, deflate, br',
  'referer' => 'http://127.0.0.2/index/user/index.html',
  'accept' => 'text/html,application/xhtml+xml,application/xml;q=0.9,image/webp,image/apng,*/*;q=0.8',
  'user-agent' => 'Mozilla/5.0 (Windows NT 10.0; Win64; x64) AppleWebKit/537.36 (KHTML, like Gecko) Chrome/70.0.3538.67 Safari/537.36',
  'upgrade-insecure-requests' => '1',
  'connection' => 'close',
  'host' => '127.0.0.2',
)
[ info ] [ PARAM ] array (
)
[ info ] [ LANG ] D:\fastadmin\public/../application/index\lang\zh-cn.php
[ info ] [ BEHAVIOR ] Run app\common\behavior\Common @module_init [ RunTime:0.001214s ]
[ info ] [ TOKEN ] INIT Mysql
[ info ] [ DB ] INIT mysql
[ info ] [ LANG ] D:\fastadmin\public/../application/index/lang/zh-cn/user.php
[ info ] [ RUN ] app\index\controller\User->_empty[ D:\fastadmin\application\index\controller\User.php ]
[ info ] [ LOG ] INIT File
[ sql ] [ DB ] CONNECT:[ UseTime:0.011930s ] mysql:host=127.0.0.2;dbname=schedule;charset=utf8
[ sql ] [ SQL ] SHOW COLUMNS FROM `sd_user_token` [ RunTime:0.001920s ]
[ sql ] [ SQL ] SELECT * FROM `sd_user_token` WHERE  `token` = '1e3a99f137ce511404bb0cf5dfaef8bcd0929140' LIMIT 1 [ RunTime:0.000460s ]
[ sql ] [ SQL ] SHOW COLUMNS FROM `sd_user` [ RunTime:0.001973s ]
[ sql ] [ SQL ] SELECT * FROM `sd_user` WHERE  `id` = 1 LIMIT 1 [ RunTime:0.000507s ]
[ error ] [0]模板文件不存在:D:\fastadmin\public/../application/index\view\user\teams_board.html[D:\fastadmin\thinkphp\library\think\view\driver\Think.php:82]
---------------------------------------------------------------
[ 2019-04-14T20:12:54+08:00 ] 127.0.0.1 GET 127.0.0.2/index/user/form_validate.html
[运行时间：0.054374s] [吞吐率：18.39req/s] [内存消耗：2,964.07kb] [文件加载：76]
[ info ] [ BEHAVIOR ] Run Closure @app_init [ RunTime:0.000031s ]
[ info ] [ CACHE ] INIT File
[ info ] [ BEHAVIOR ] Run Closure @app_init [ RunTime:0.002140s ]
[ info ] [ LANG ] D:\fastadmin\thinkphp\lang\zh-cn.php
[ info ] [ ROUTE ] array (
  'type' => 'module',
  'module' => 
  array (
    0 => 'index',
    1 => 'user',
    2 => 'form_validate',
  ),
)
[ info ] [ HEADER ] array (
  'cookie' => 'Hm_lvt_f8d0a8c400404989e195270b0bbf060a=1554814376; uid=1; token=16a21bfc-008a-4680-bc7c-a078de2379ba',
  'accept-language' => 'zh-CN,zh;q=0.9',
  'accept-encoding' => 'gzip, deflate, br',
  'referer' => 'http://127.0.0.2/index/user/index.html',
  'accept' => 'text/html,application/xhtml+xml,application/xml;q=0.9,image/webp,image/apng,*/*;q=0.8',
  'user-agent' => 'Mozilla/5.0 (Windows NT 10.0; Win64; x64) AppleWebKit/537.36 (KHTML, like Gecko) Chrome/70.0.3538.67 Safari/537.36',
  'upgrade-insecure-requests' => '1',
  'connection' => 'close',
  'host' => '127.0.0.2',
)
[ info ] [ PARAM ] array (
)
[ info ] [ LANG ] D:\fastadmin\public/../application/index\lang\zh-cn.php
[ info ] [ BEHAVIOR ] Run app\common\behavior\Common @module_init [ RunTime:0.001799s ]
[ info ] [ TOKEN ] INIT Mysql
[ info ] [ DB ] INIT mysql
[ info ] [ LANG ] D:\fastadmin\public/../application/index/lang/zh-cn/user.php
[ info ] [ RUN ] app\index\controller\User->_empty[ D:\fastadmin\application\index\controller\User.php ]
[ info ] [ LOG ] INIT File
[ sql ] [ DB ] CONNECT:[ UseTime:0.010753s ] mysql:host=127.0.0.2;dbname=schedule;charset=utf8
[ sql ] [ SQL ] SHOW COLUMNS FROM `sd_user_token` [ RunTime:0.001568s ]
[ sql ] [ SQL ] SELECT * FROM `sd_user_token` WHERE  `token` = '1e3a99f137ce511404bb0cf5dfaef8bcd0929140' LIMIT 1 [ RunTime:0.000510s ]
[ sql ] [ SQL ] SHOW COLUMNS FROM `sd_user` [ RunTime:0.001658s ]
[ sql ] [ SQL ] SELECT * FROM `sd_user` WHERE  `id` = 1 LIMIT 1 [ RunTime:0.000550s ]
[ error ] [0]模板文件不存在:D:\fastadmin\public/../application/index\view\user\form_validate.html[D:\fastadmin\thinkphp\library\think\view\driver\Think.php:82]
---------------------------------------------------------------
[ 2019-04-14T20:12:56+08:00 ] 127.0.0.1 GET 127.0.0.2/index/user/projects.html
[运行时间：0.061784s] [吞吐率：16.19req/s] [内存消耗：2,964.01kb] [文件加载：76]
[ info ] [ BEHAVIOR ] Run Closure @app_init [ RunTime:0.000020s ]
[ info ] [ CACHE ] INIT File
[ info ] [ BEHAVIOR ] Run Closure @app_init [ RunTime:0.002059s ]
[ info ] [ LANG ] D:\fastadmin\thinkphp\lang\zh-cn.php
[ info ] [ ROUTE ] array (
  'type' => 'module',
  'module' => 
  array (
    0 => 'index',
    1 => 'user',
    2 => 'projects',
  ),
)
[ info ] [ HEADER ] array (
  'cookie' => 'Hm_lvt_f8d0a8c400404989e195270b0bbf060a=1554814376; uid=1; token=16a21bfc-008a-4680-bc7c-a078de2379ba',
  'accept-language' => 'zh-CN,zh;q=0.9',
  'accept-encoding' => 'gzip, deflate, br',
  'referer' => 'http://127.0.0.2/index/user/index.html',
  'accept' => 'text/html,application/xhtml+xml,application/xml;q=0.9,image/webp,image/apng,*/*;q=0.8',
  'user-agent' => 'Mozilla/5.0 (Windows NT 10.0; Win64; x64) AppleWebKit/537.36 (KHTML, like Gecko) Chrome/70.0.3538.67 Safari/537.36',
  'upgrade-insecure-requests' => '1',
  'connection' => 'close',
  'host' => '127.0.0.2',
)
[ info ] [ PARAM ] array (
)
[ info ] [ LANG ] D:\fastadmin\public/../application/index\lang\zh-cn.php
[ info ] [ BEHAVIOR ] Run app\common\behavior\Common @module_init [ RunTime:0.001312s ]
[ info ] [ TOKEN ] INIT Mysql
[ info ] [ DB ] INIT mysql
[ info ] [ LANG ] D:\fastadmin\public/../application/index/lang/zh-cn/user.php
[ info ] [ RUN ] app\index\controller\User->_empty[ D:\fastadmin\application\index\controller\User.php ]
[ info ] [ LOG ] INIT File
[ sql ] [ DB ] CONNECT:[ UseTime:0.011390s ] mysql:host=127.0.0.2;dbname=schedule;charset=utf8
[ sql ] [ SQL ] SHOW COLUMNS FROM `sd_user_token` [ RunTime:0.002024s ]
[ sql ] [ SQL ] SELECT * FROM `sd_user_token` WHERE  `token` = '1e3a99f137ce511404bb0cf5dfaef8bcd0929140' LIMIT 1 [ RunTime:0.000458s ]
[ sql ] [ SQL ] SHOW COLUMNS FROM `sd_user` [ RunTime:0.002313s ]
[ sql ] [ SQL ] SELECT * FROM `sd_user` WHERE  `id` = 1 LIMIT 1 [ RunTime:0.000726s ]
[ error ] [0]模板文件不存在:D:\fastadmin\public/../application/index\view\user\projects.html[D:\fastadmin\thinkphp\library\think\view\driver\Think.php:82]
---------------------------------------------------------------
[ 2019-04-14T20:12:56+08:00 ] 127.0.0.1 GET 127.0.0.2/index/user/project_detail.html
[运行时间：0.061940s] [吞吐率：16.14req/s] [内存消耗：2,964.07kb] [文件加载：76]
[ info ] [ BEHAVIOR ] Run Closure @app_init [ RunTime:0.000056s ]
[ info ] [ CACHE ] INIT File
[ info ] [ BEHAVIOR ] Run Closure @app_init [ RunTime:0.002180s ]
[ info ] [ LANG ] D:\fastadmin\thinkphp\lang\zh-cn.php
[ info ] [ ROUTE ] array (
  'type' => 'module',
  'module' => 
  array (
    0 => 'index',
    1 => 'user',
    2 => 'project_detail',
  ),
)
[ info ] [ HEADER ] array (
  'cookie' => 'Hm_lvt_f8d0a8c400404989e195270b0bbf060a=1554814376; uid=1; token=16a21bfc-008a-4680-bc7c-a078de2379ba',
  'accept-language' => 'zh-CN,zh;q=0.9',
  'accept-encoding' => 'gzip, deflate, br',
  'referer' => 'http://127.0.0.2/index/user/index.html',
  'accept' => 'text/html,application/xhtml+xml,application/xml;q=0.9,image/webp,image/apng,*/*;q=0.8',
  'user-agent' => 'Mozilla/5.0 (Windows NT 10.0; Win64; x64) AppleWebKit/537.36 (KHTML, like Gecko) Chrome/70.0.3538.67 Safari/537.36',
  'upgrade-insecure-requests' => '1',
  'connection' => 'close',
  'host' => '127.0.0.2',
)
[ info ] [ PARAM ] array (
)
[ info ] [ LANG ] D:\fastadmin\public/../application/index\lang\zh-cn.php
[ info ] [ BEHAVIOR ] Run app\common\behavior\Common @module_init [ RunTime:0.001299s ]
[ info ] [ TOKEN ] INIT Mysql
[ info ] [ DB ] INIT mysql
[ info ] [ LANG ] D:\fastadmin\public/../application/index/lang/zh-cn/user.php
[ info ] [ RUN ] app\index\controller\User->_empty[ D:\fastadmin\application\index\controller\User.php ]
[ info ] [ LOG ] INIT File
[ sql ] [ DB ] CONNECT:[ UseTime:0.011742s ] mysql:host=127.0.0.2;dbname=schedule;charset=utf8
[ sql ] [ SQL ] SHOW COLUMNS FROM `sd_user_token` [ RunTime:0.001526s ]
[ sql ] [ SQL ] SELECT * FROM `sd_user_token` WHERE  `token` = '1e3a99f137ce511404bb0cf5dfaef8bcd0929140' LIMIT 1 [ RunTime:0.000594s ]
[ sql ] [ SQL ] SHOW COLUMNS FROM `sd_user` [ RunTime:0.001738s ]
[ sql ] [ SQL ] SELECT * FROM `sd_user` WHERE  `id` = 1 LIMIT 1 [ RunTime:0.000484s ]
[ error ] [0]模板文件不存在:D:\fastadmin\public/../application/index\view\user\project_detail.html[D:\fastadmin\thinkphp\library\think\view\driver\Think.php:82]
---------------------------------------------------------------
[ 2019-04-14T20:12:57+08:00 ] 127.0.0.1 GET 127.0.0.2/index/user/form_wizard.html
[运行时间：0.045892s] [吞吐率：21.79req/s] [内存消耗：2,964.02kb] [文件加载：76]
[ info ] [ BEHAVIOR ] Run Closure @app_init [ RunTime:0.000017s ]
[ info ] [ CACHE ] INIT File
[ info ] [ BEHAVIOR ] Run Closure @app_init [ RunTime:0.002011s ]
[ info ] [ LANG ] D:\fastadmin\thinkphp\lang\zh-cn.php
[ info ] [ ROUTE ] array (
  'type' => 'module',
  'module' => 
  array (
    0 => 'index',
    1 => 'user',
    2 => 'form_wizard',
  ),
)
[ info ] [ HEADER ] array (
  'cookie' => 'Hm_lvt_f8d0a8c400404989e195270b0bbf060a=1554814376; uid=1; token=16a21bfc-008a-4680-bc7c-a078de2379ba',
  'accept-language' => 'zh-CN,zh;q=0.9',
  'accept-encoding' => 'gzip, deflate, br',
  'referer' => 'http://127.0.0.2/index/user/index.html',
  'accept' => 'text/html,application/xhtml+xml,application/xml;q=0.9,image/webp,image/apng,*/*;q=0.8',
  'user-agent' => 'Mozilla/5.0 (Windows NT 10.0; Win64; x64) AppleWebKit/537.36 (KHTML, like Gecko) Chrome/70.0.3538.67 Safari/537.36',
  'upgrade-insecure-requests' => '1',
  'connection' => 'close',
  'host' => '127.0.0.2',
)
[ info ] [ PARAM ] array (
)
[ info ] [ LANG ] D:\fastadmin\public/../application/index\lang\zh-cn.php
[ info ] [ BEHAVIOR ] Run app\common\behavior\Common @module_init [ RunTime:0.001356s ]
[ info ] [ TOKEN ] INIT Mysql
[ info ] [ DB ] INIT mysql
[ info ] [ LANG ] D:\fastadmin\public/../application/index/lang/zh-cn/user.php
[ info ] [ RUN ] app\index\controller\User->_empty[ D:\fastadmin\application\index\controller\User.php ]
[ info ] [ LOG ] INIT File
[ sql ] [ DB ] CONNECT:[ UseTime:0.001547s ] mysql:host=127.0.0.2;dbname=schedule;charset=utf8
[ sql ] [ SQL ] SHOW COLUMNS FROM `sd_user_token` [ RunTime:0.001694s ]
[ sql ] [ SQL ] SELECT * FROM `sd_user_token` WHERE  `token` = '1e3a99f137ce511404bb0cf5dfaef8bcd0929140' LIMIT 1 [ RunTime:0.000388s ]
[ sql ] [ SQL ] SHOW COLUMNS FROM `sd_user` [ RunTime:0.001804s ]
[ sql ] [ SQL ] SELECT * FROM `sd_user` WHERE  `id` = 1 LIMIT 1 [ RunTime:0.000626s ]
[ error ] [0]模板文件不存在:D:\fastadmin\public/../application/index\view\user\form_wizard.html[D:\fastadmin\thinkphp\library\think\view\driver\Think.php:82]
