---------------------------------------------------------------
[ 2019-04-15T21:54:51+08:00 ] 127.0.0.1 GET 127.0.0.2/
[运行时间：0.107085s] [吞吐率：9.34req/s] [内存消耗：2,822.02kb] [文件加载：74]
[ info ] [ BEHAVIOR ] Run Closure @app_init [ RunTime:0.000075s ]
[ info ] [ CACHE ] INIT File
[ info ] [ BEHAVIOR ] Run Closure @app_init [ RunTime:0.009146s ]
[ info ] [ LANG ] D:\fastadmin\thinkphp\lang\zh-cn.php
[ info ] [ ROUTE ] array (
  'type' => 'module',
  'module' => 
  array (
    0 => '',
    1 => NULL,
    2 => NULL,
  ),
)
[ info ] [ HEADER ] array (
  'cookie' => 'Hm_lvt_f8d0a8c400404989e195270b0bbf060a=1554814376; uid=1; token=16a21bfc-008a-4680-bc7c-a078de2379ba',
  'accept-language' => 'zh-CN,zh;q=0.9',
  'accept-encoding' => 'gzip, deflate, br',
  'accept' => 'text/html,application/xhtml+xml,application/xml;q=0.9,image/webp,image/apng,*/*;q=0.8',
  'user-agent' => 'Mozilla/5.0 (Windows NT 10.0; Win64; x64) AppleWebKit/537.36 (KHTML, like Gecko) Chrome/70.0.3538.67 Safari/537.36',
  'upgrade-insecure-requests' => '1',
  'connection' => 'close',
  'host' => '127.0.0.2',
)
[ info ] [ PARAM ] array (
)
[ info ] [ LANG ] D:\fastadmin\public/../application/index\lang\zh-cn.php
[ info ] [ BEHAVIOR ] Run app\common\behavior\Common @module_init [ RunTime:0.002917s ]
[ info ] [ TOKEN ] INIT Mysql
[ info ] [ DB ] INIT mysql
[ info ] [ LANG ] D:\fastadmin\public/../application/index/lang/zh-cn/index.php
[ info ] [ RUN ] app\index\controller\Index->index[ D:\fastadmin\application\index\controller\Index.php ]
[ info ] [ VIEW ] D:\fastadmin\public/../application/index\view\index\index.html [ array (
  0 => 'user',
  1 => 'site',
  2 => 'config',
) ]
[ info ] [ LOG ] INIT File
[ sql ] [ DB ] CONNECT:[ UseTime:0.010224s ] mysql:host=127.0.0.2;dbname=schedule;charset=utf8
[ sql ] [ SQL ] SHOW COLUMNS FROM `sd_user_token` [ RunTime:0.014069s ]
[ sql ] [ SQL ] SELECT * FROM `sd_user_token` WHERE  `token` = '1e3a99f137ce511404bb0cf5dfaef8bcd0929140' LIMIT 1 [ RunTime:0.002358s ]
[ sql ] [ SQL ] SHOW COLUMNS FROM `sd_user` [ RunTime:0.002254s ]
[ sql ] [ SQL ] SELECT * FROM `sd_user` WHERE  `id` = 1 LIMIT 1 [ RunTime:0.000347s ]
---------------------------------------------------------------
[ 2019-04-15T21:54:52+08:00 ] 127.0.0.1 GET 127.0.0.2/assets/img/
[运行时间：0.029765s] [吞吐率：33.60req/s] [内存消耗：1,401.55kb] [文件加载：49]
[ info ] [ BEHAVIOR ] Run Closure @app_init [ RunTime:0.000036s ]
[ info ] [ CACHE ] INIT File
[ info ] [ BEHAVIOR ] Run Closure @app_init [ RunTime:0.003386s ]
[ info ] [ LANG ] D:\fastadmin\thinkphp\lang\zh-cn.php
[ info ] [ ROUTE ] array (
  'type' => 'module',
  'module' => 
  array (
    0 => '403',
    1 => NULL,
    2 => NULL,
  ),
)
[ info ] [ HEADER ] array (
  'cookie' => 'Hm_lvt_f8d0a8c400404989e195270b0bbf060a=1554814376; uid=1; token=16a21bfc-008a-4680-bc7c-a078de2379ba',
  'accept-language' => 'zh-CN,zh;q=0.9',
  'accept-encoding' => 'gzip, deflate, br',
  'referer' => 'http://127.0.0.2/',
  'accept' => 'image/webp,image/apng,image/*,*/*;q=0.8',
  'user-agent' => 'Mozilla/5.0 (Windows NT 10.0; Win64; x64) AppleWebKit/537.36 (KHTML, like Gecko) Chrome/70.0.3538.67 Safari/537.36',
  'connection' => 'close',
  'host' => '127.0.0.2',
)
[ info ] [ PARAM ] array (
)
[ info ] [ LOG ] INIT File
---------------------------------------------------------------
[ 2019-04-15T21:54:52+08:00 ] 127.0.0.1 GET 127.0.0.2/favicon.ico
[运行时间：0.028606s] [吞吐率：34.96req/s] [内存消耗：1,401.23kb] [文件加载：49]
[ info ] [ BEHAVIOR ] Run Closure @app_init [ RunTime:0.000017s ]
[ info ] [ CACHE ] INIT File
[ info ] [ BEHAVIOR ] Run Closure @app_init [ RunTime:0.006696s ]
[ info ] [ LANG ] D:\fastadmin\thinkphp\lang\zh-cn.php
[ info ] [ ROUTE ] array (
  'type' => 'module',
  'module' => 
  array (
    0 => 'favicon.ico',
    1 => NULL,
    2 => NULL,
  ),
)
[ info ] [ HEADER ] array (
  'cookie' => 'Hm_lvt_f8d0a8c400404989e195270b0bbf060a=1554814376; uid=1; token=16a21bfc-008a-4680-bc7c-a078de2379ba',
  'accept-language' => 'zh-CN,zh;q=0.9',
  'accept-encoding' => 'gzip, deflate, br',
  'referer' => 'http://127.0.0.2/',
  'accept' => 'image/webp,image/apng,image/*,*/*;q=0.8',
  'user-agent' => 'Mozilla/5.0 (Windows NT 10.0; Win64; x64) AppleWebKit/537.36 (KHTML, like Gecko) Chrome/70.0.3538.67 Safari/537.36',
  'connection' => 'close',
  'host' => '127.0.0.2',
)
[ info ] [ PARAM ] array (
)
[ info ] [ LOG ] INIT File
---------------------------------------------------------------
[ 2019-04-15T21:55:10+08:00 ] 127.0.0.1 GET 127.0.0.2/index/user/login.html
[运行时间：0.074862s] [吞吐率：13.36req/s] [内存消耗：2,872.80kb] [文件加载：75]
[ info ] [ BEHAVIOR ] Run Closure @app_init [ RunTime:0.000018s ]
[ info ] [ CACHE ] INIT File
[ info ] [ BEHAVIOR ] Run Closure @app_init [ RunTime:0.003042s ]
[ info ] [ LANG ] D:\fastadmin\thinkphp\lang\zh-cn.php
[ info ] [ ROUTE ] array (
  'type' => 'module',
  'module' => 
  array (
    0 => 'index',
    1 => 'user',
    2 => 'login',
  ),
)
[ info ] [ HEADER ] array (
  'cookie' => 'Hm_lvt_f8d0a8c400404989e195270b0bbf060a=1554814376; uid=1; token=16a21bfc-008a-4680-bc7c-a078de2379ba',
  'accept-language' => 'zh-CN,zh;q=0.9',
  'accept-encoding' => 'gzip, deflate, br',
  'referer' => 'http://127.0.0.2/',
  'accept' => 'text/html,application/xhtml+xml,application/xml;q=0.9,image/webp,image/apng,*/*;q=0.8',
  'user-agent' => 'Mozilla/5.0 (Windows NT 10.0; Win64; x64) AppleWebKit/537.36 (KHTML, like Gecko) Chrome/70.0.3538.67 Safari/537.36',
  'upgrade-insecure-requests' => '1',
  'connection' => 'close',
  'host' => '127.0.0.2',
)
[ info ] [ PARAM ] array (
)
[ info ] [ LANG ] D:\fastadmin\public/../application/index\lang\zh-cn.php
[ info ] [ BEHAVIOR ] Run app\common\behavior\Common @module_init [ RunTime:0.001346s ]
[ info ] [ TOKEN ] INIT Mysql
[ info ] [ DB ] INIT mysql
[ info ] [ LANG ] D:\fastadmin\public/../application/index/lang/zh-cn/user.php
[ info ] [ RUN ] app\index\controller\User->login[ D:\fastadmin\application\index\controller\User.php ]
[ info ] [ VIEW ] D:\fastadmin\public/../application/common\view\tpl\dispatch_jump.tpl [ array (
  0 => 'user',
  1 => 'site',
  2 => 'config',
  3 => 'code',
  4 => 'msg',
  5 => 'data',
  6 => 'url',
  7 => 'wait',
) ]
[ info ] [ LOG ] INIT File
[ sql ] [ DB ] CONNECT:[ UseTime:0.011296s ] mysql:host=127.0.0.2;dbname=schedule;charset=utf8
[ sql ] [ SQL ] SHOW COLUMNS FROM `sd_user_token` [ RunTime:0.004342s ]
[ sql ] [ SQL ] SELECT * FROM `sd_user_token` WHERE  `token` = '1e3a99f137ce511404bb0cf5dfaef8bcd0929140' LIMIT 1 [ RunTime:0.000617s ]
[ sql ] [ SQL ] SHOW COLUMNS FROM `sd_user` [ RunTime:0.001097s ]
[ sql ] [ SQL ] SELECT * FROM `sd_user` WHERE  `id` = 1 LIMIT 1 [ RunTime:0.000453s ]
---------------------------------------------------------------
[ 2019-04-15T21:55:11+08:00 ] 127.0.0.1 GET 127.0.0.2/index/user/index.html
[运行时间：0.072487s] [吞吐率：13.80req/s] [内存消耗：2,921.56kb] [文件加载：74]
[ info ] [ BEHAVIOR ] Run Closure @app_init [ RunTime:0.000016s ]
[ info ] [ CACHE ] INIT File
[ info ] [ BEHAVIOR ] Run Closure @app_init [ RunTime:0.009351s ]
[ info ] [ LANG ] D:\fastadmin\thinkphp\lang\zh-cn.php
[ info ] [ ROUTE ] array (
  'type' => 'module',
  'module' => 
  array (
    0 => 'index',
    1 => 'user',
    2 => 'index',
  ),
)
[ info ] [ HEADER ] array (
  'cookie' => 'Hm_lvt_f8d0a8c400404989e195270b0bbf060a=1554814376; uid=1; token=16a21bfc-008a-4680-bc7c-a078de2379ba',
  'accept-language' => 'zh-CN,zh;q=0.9',
  'accept-encoding' => 'gzip, deflate, br',
  'referer' => 'http://127.0.0.2/index/user/login.html',
  'accept' => 'text/html,application/xhtml+xml,application/xml;q=0.9,image/webp,image/apng,*/*;q=0.8',
  'user-agent' => 'Mozilla/5.0 (Windows NT 10.0; Win64; x64) AppleWebKit/537.36 (KHTML, like Gecko) Chrome/70.0.3538.67 Safari/537.36',
  'upgrade-insecure-requests' => '1',
  'connection' => 'close',
  'host' => '127.0.0.2',
)
[ info ] [ PARAM ] array (
)
[ info ] [ LANG ] D:\fastadmin\public/../application/index\lang\zh-cn.php
[ info ] [ BEHAVIOR ] Run app\common\behavior\Common @module_init [ RunTime:0.001690s ]
[ info ] [ TOKEN ] INIT Mysql
[ info ] [ DB ] INIT mysql
[ info ] [ LANG ] D:\fastadmin\public/../application/index/lang/zh-cn/user.php
[ info ] [ RUN ] app\index\controller\User->index[ D:\fastadmin\application\index\controller\User.php ]
[ info ] [ VIEW ] D:\fastadmin\public/../application/index\view\user\index.html [ array (
  0 => 'user',
  1 => 'site',
  2 => 'config',
  3 => 'title',
) ]
[ info ] [ LOG ] INIT File
[ sql ] [ DB ] CONNECT:[ UseTime:0.009878s ] mysql:host=127.0.0.2;dbname=schedule;charset=utf8
[ sql ] [ SQL ] SHOW COLUMNS FROM `sd_user_token` [ RunTime:0.001184s ]
[ sql ] [ SQL ] SELECT * FROM `sd_user_token` WHERE  `token` = '1e3a99f137ce511404bb0cf5dfaef8bcd0929140' LIMIT 1 [ RunTime:0.000462s ]
[ sql ] [ SQL ] SHOW COLUMNS FROM `sd_user` [ RunTime:0.001325s ]
[ sql ] [ SQL ] SELECT * FROM `sd_user` WHERE  `id` = 1 LIMIT 1 [ RunTime:0.000715s ]
---------------------------------------------------------------
[ 2019-04-15T21:55:11+08:00 ] 127.0.0.1 GET 127.0.0.2/index/calender/main.html
[运行时间：0.055991s] [吞吐率：17.86req/s] [内存消耗：2,827.88kb] [文件加载：74]
[ info ] [ BEHAVIOR ] Run Closure @app_init [ RunTime:0.000016s ]
[ info ] [ CACHE ] INIT File
[ info ] [ BEHAVIOR ] Run Closure @app_init [ RunTime:0.002351s ]
[ info ] [ LANG ] D:\fastadmin\thinkphp\lang\zh-cn.php
[ info ] [ ROUTE ] array (
  'type' => 'module',
  'module' => 
  array (
    0 => 'index',
    1 => 'calender',
    2 => 'main',
  ),
)
[ info ] [ HEADER ] array (
  'cookie' => 'Hm_lvt_f8d0a8c400404989e195270b0bbf060a=1554814376; uid=1; token=16a21bfc-008a-4680-bc7c-a078de2379ba',
  'accept-language' => 'zh-CN,zh;q=0.9',
  'accept-encoding' => 'gzip, deflate, br',
  'referer' => 'http://127.0.0.2/index/user/index.html',
  'accept' => 'text/html,application/xhtml+xml,application/xml;q=0.9,image/webp,image/apng,*/*;q=0.8',
  'user-agent' => 'Mozilla/5.0 (Windows NT 10.0; Win64; x64) AppleWebKit/537.36 (KHTML, like Gecko) Chrome/70.0.3538.67 Safari/537.36',
  'upgrade-insecure-requests' => '1',
  'connection' => 'close',
  'host' => '127.0.0.2',
)
[ info ] [ PARAM ] array (
)
[ info ] [ LANG ] D:\fastadmin\public/../application/index\lang\zh-cn.php
[ info ] [ BEHAVIOR ] Run app\common\behavior\Common @module_init [ RunTime:0.002019s ]
[ info ] [ TOKEN ] INIT Mysql
[ info ] [ DB ] INIT mysql
[ info ] [ RUN ] app\index\controller\Calender->main[ D:\fastadmin\application\index\controller\Calender.php ]
[ info ] [ VIEW ] D:\fastadmin\public/../application/index\view\calender\main.html [ array (
  0 => 'user',
  1 => 'site',
  2 => 'config',
) ]
[ info ] [ LOG ] INIT File
[ sql ] [ DB ] CONNECT:[ UseTime:0.001051s ] mysql:host=127.0.0.2;dbname=schedule;charset=utf8
[ sql ] [ SQL ] SHOW COLUMNS FROM `sd_user_token` [ RunTime:0.001009s ]
[ sql ] [ SQL ] SELECT * FROM `sd_user_token` WHERE  `token` = '1e3a99f137ce511404bb0cf5dfaef8bcd0929140' LIMIT 1 [ RunTime:0.000464s ]
[ sql ] [ SQL ] SHOW COLUMNS FROM `sd_user` [ RunTime:0.001246s ]
[ sql ] [ SQL ] SELECT * FROM `sd_user` WHERE  `id` = 1 LIMIT 1 [ RunTime:0.000488s ]
---------------------------------------------------------------
[ 2019-04-15T21:55:12+08:00 ] 127.0.0.1 GET 127.0.0.2/index/user/form_validate.html
[运行时间：0.052563s] [吞吐率：19.02req/s] [内存消耗：2,964.07kb] [文件加载：76]
[ info ] [ BEHAVIOR ] Run Closure @app_init [ RunTime:0.000035s ]
[ info ] [ CACHE ] INIT File
[ info ] [ BEHAVIOR ] Run Closure @app_init [ RunTime:0.004318s ]
[ info ] [ LANG ] D:\fastadmin\thinkphp\lang\zh-cn.php
[ info ] [ ROUTE ] array (
  'type' => 'module',
  'module' => 
  array (
    0 => 'index',
    1 => 'user',
    2 => 'form_validate',
  ),
)
[ info ] [ HEADER ] array (
  'cookie' => 'Hm_lvt_f8d0a8c400404989e195270b0bbf060a=1554814376; uid=1; token=16a21bfc-008a-4680-bc7c-a078de2379ba',
  'accept-language' => 'zh-CN,zh;q=0.9',
  'accept-encoding' => 'gzip, deflate, br',
  'referer' => 'http://127.0.0.2/index/user/index.html',
  'accept' => 'text/html,application/xhtml+xml,application/xml;q=0.9,image/webp,image/apng,*/*;q=0.8',
  'user-agent' => 'Mozilla/5.0 (Windows NT 10.0; Win64; x64) AppleWebKit/537.36 (KHTML, like Gecko) Chrome/70.0.3538.67 Safari/537.36',
  'upgrade-insecure-requests' => '1',
  'connection' => 'close',
  'host' => '127.0.0.2',
)
[ info ] [ PARAM ] array (
)
[ info ] [ LANG ] D:\fastadmin\public/../application/index\lang\zh-cn.php
[ info ] [ BEHAVIOR ] Run app\common\behavior\Common @module_init [ RunTime:0.001184s ]
[ info ] [ TOKEN ] INIT Mysql
[ info ] [ DB ] INIT mysql
[ info ] [ LANG ] D:\fastadmin\public/../application/index/lang/zh-cn/user.php
[ info ] [ RUN ] app\index\controller\User->_empty[ D:\fastadmin\application\index\controller\User.php ]
[ info ] [ LOG ] INIT File
[ sql ] [ DB ] CONNECT:[ UseTime:0.001314s ] mysql:host=127.0.0.2;dbname=schedule;charset=utf8
[ sql ] [ SQL ] SHOW COLUMNS FROM `sd_user_token` [ RunTime:0.002130s ]
[ sql ] [ SQL ] SELECT * FROM `sd_user_token` WHERE  `token` = '1e3a99f137ce511404bb0cf5dfaef8bcd0929140' LIMIT 1 [ RunTime:0.000639s ]
[ sql ] [ SQL ] SHOW COLUMNS FROM `sd_user` [ RunTime:0.001101s ]
[ sql ] [ SQL ] SELECT * FROM `sd_user` WHERE  `id` = 1 LIMIT 1 [ RunTime:0.000471s ]
[ error ] [0]模板文件不存在:D:\fastadmin\public/../application/index\view\user\form_validate.html[D:\fastadmin\thinkphp\library\think\view\driver\Think.php:82]
---------------------------------------------------------------
[ 2019-04-15T21:55:13+08:00 ] 127.0.0.1 GET 127.0.0.2/index/user/libs/favicon.ico
[运行时间：0.050883s] [吞吐率：19.65req/s] [内存消耗：2,963.34kb] [文件加载：76]
[ info ] [ BEHAVIOR ] Run Closure @app_init [ RunTime:0.000018s ]
[ info ] [ CACHE ] INIT File
[ info ] [ BEHAVIOR ] Run Closure @app_init [ RunTime:0.002108s ]
[ info ] [ LANG ] D:\fastadmin\thinkphp\lang\zh-cn.php
[ info ] [ ROUTE ] array (
  'type' => 'module',
  'module' => 
  array (
    0 => 'index',
    1 => 'user',
    2 => 'libs',
  ),
)
[ info ] [ HEADER ] array (
  'cookie' => 'Hm_lvt_f8d0a8c400404989e195270b0bbf060a=1554814376; uid=1; token=16a21bfc-008a-4680-bc7c-a078de2379ba',
  'accept-language' => 'zh-CN,zh;q=0.9',
  'accept-encoding' => 'gzip, deflate, br',
  'referer' => 'http://127.0.0.2/index/user/index.html',
  'accept' => 'image/webp,image/apng,image/*,*/*;q=0.8',
  'user-agent' => 'Mozilla/5.0 (Windows NT 10.0; Win64; x64) AppleWebKit/537.36 (KHTML, like Gecko) Chrome/70.0.3538.67 Safari/537.36',
  'connection' => 'close',
  'host' => '127.0.0.2',
)
[ info ] [ PARAM ] array (
)
[ info ] [ LANG ] D:\fastadmin\public/../application/index\lang\zh-cn.php
[ info ] [ BEHAVIOR ] Run app\common\behavior\Common @module_init [ RunTime:0.001090s ]
[ info ] [ TOKEN ] INIT Mysql
[ info ] [ DB ] INIT mysql
[ info ] [ LANG ] D:\fastadmin\public/../application/index/lang/zh-cn/user.php
[ info ] [ RUN ] app\index\controller\User->_empty[ D:\fastadmin\application\index\controller\User.php ]
[ info ] [ LOG ] INIT File
[ sql ] [ DB ] CONNECT:[ UseTime:0.001147s ] mysql:host=127.0.0.2;dbname=schedule;charset=utf8
[ sql ] [ SQL ] SHOW COLUMNS FROM `sd_user_token` [ RunTime:0.000853s ]
[ sql ] [ SQL ] SELECT * FROM `sd_user_token` WHERE  `token` = '1e3a99f137ce511404bb0cf5dfaef8bcd0929140' LIMIT 1 [ RunTime:0.000382s ]
[ sql ] [ SQL ] SHOW COLUMNS FROM `sd_user` [ RunTime:0.001276s ]
[ sql ] [ SQL ] SELECT * FROM `sd_user` WHERE  `id` = 1 LIMIT 1 [ RunTime:0.000691s ]
[ error ] [0]模板文件不存在:D:\fastadmin\public/../application/index\view\user\libs.html[D:\fastadmin\thinkphp\library\think\view\driver\Think.php:82]
---------------------------------------------------------------
[ 2019-04-15T21:55:14+08:00 ] 127.0.0.1 GET 127.0.0.2/index/calender/labelwall.html
[运行时间：0.039957s] [吞吐率：25.03req/s] [内存消耗：2,824.02kb] [文件加载：74]
[ info ] [ BEHAVIOR ] Run Closure @app_init [ RunTime:0.000022s ]
[ info ] [ CACHE ] INIT File
[ info ] [ BEHAVIOR ] Run Closure @app_init [ RunTime:0.003910s ]
[ info ] [ LANG ] D:\fastadmin\thinkphp\lang\zh-cn.php
[ info ] [ ROUTE ] array (
  'type' => 'module',
  'module' => 
  array (
    0 => 'index',
    1 => 'calender',
    2 => 'labelwall',
  ),
)
[ info ] [ HEADER ] array (
  'cookie' => 'Hm_lvt_f8d0a8c400404989e195270b0bbf060a=1554814376; uid=1; token=16a21bfc-008a-4680-bc7c-a078de2379ba',
  'accept-language' => 'zh-CN,zh;q=0.9',
  'accept-encoding' => 'gzip, deflate, br',
  'referer' => 'http://127.0.0.2/index/user/index.html',
  'accept' => 'text/html,application/xhtml+xml,application/xml;q=0.9,image/webp,image/apng,*/*;q=0.8',
  'user-agent' => 'Mozilla/5.0 (Windows NT 10.0; Win64; x64) AppleWebKit/537.36 (KHTML, like Gecko) Chrome/70.0.3538.67 Safari/537.36',
  'upgrade-insecure-requests' => '1',
  'connection' => 'close',
  'host' => '127.0.0.2',
)
[ info ] [ PARAM ] array (
)
[ info ] [ LANG ] D:\fastadmin\public/../application/index\lang\zh-cn.php
[ info ] [ BEHAVIOR ] Run app\common\behavior\Common @module_init [ RunTime:0.001396s ]
[ info ] [ TOKEN ] INIT Mysql
[ info ] [ DB ] INIT mysql
[ info ] [ RUN ] app\index\controller\Calender->labelwall[ D:\fastadmin\application\index\controller\Calender.php ]
[ info ] [ VIEW ] D:\fastadmin\public/../application/index\view\calender\labelwall.html [ array (
  0 => 'user',
  1 => 'site',
  2 => 'config',
) ]
[ info ] [ LOG ] INIT File
[ sql ] [ DB ] CONNECT:[ UseTime:0.000964s ] mysql:host=127.0.0.2;dbname=schedule;charset=utf8
[ sql ] [ SQL ] SHOW COLUMNS FROM `sd_user_token` [ RunTime:0.000967s ]
[ sql ] [ SQL ] SELECT * FROM `sd_user_token` WHERE  `token` = '1e3a99f137ce511404bb0cf5dfaef8bcd0929140' LIMIT 1 [ RunTime:0.000391s ]
[ sql ] [ SQL ] SHOW COLUMNS FROM `sd_user` [ RunTime:0.001051s ]
[ sql ] [ SQL ] SELECT * FROM `sd_user` WHERE  `id` = 1 LIMIT 1 [ RunTime:0.000569s ]
---------------------------------------------------------------
[ 2019-04-15T21:57:06+08:00 ] 127.0.0.1 GET 127.0.0.2/index/calender/pb.html
[运行时间：0.060465s] [吞吐率：16.54req/s] [内存消耗：2,823.57kb] [文件加载：74]
[ info ] [ BEHAVIOR ] Run Closure @app_init [ RunTime:0.000015s ]
[ info ] [ CACHE ] INIT File
[ info ] [ BEHAVIOR ] Run Closure @app_init [ RunTime:0.002958s ]
[ info ] [ LANG ] D:\fastadmin\thinkphp\lang\zh-cn.php
[ info ] [ ROUTE ] array (
  'type' => 'module',
  'module' => 
  array (
    0 => 'index',
    1 => 'calender',
    2 => 'pb',
  ),
)
[ info ] [ HEADER ] array (
  'cookie' => 'Hm_lvt_f8d0a8c400404989e195270b0bbf060a=1554814376; uid=1; token=16a21bfc-008a-4680-bc7c-a078de2379ba',
  'accept-language' => 'zh-CN,zh;q=0.9',
  'accept-encoding' => 'gzip, deflate, br',
  'referer' => 'http://127.0.0.2/index/user/index.html',
  'accept' => 'text/html,application/xhtml+xml,application/xml;q=0.9,image/webp,image/apng,*/*;q=0.8',
  'user-agent' => 'Mozilla/5.0 (Windows NT 10.0; Win64; x64) AppleWebKit/537.36 (KHTML, like Gecko) Chrome/70.0.3538.67 Safari/537.36',
  'upgrade-insecure-requests' => '1',
  'connection' => 'close',
  'host' => '127.0.0.2',
)
[ info ] [ PARAM ] array (
)
[ info ] [ LANG ] D:\fastadmin\public/../application/index\lang\zh-cn.php
[ info ] [ BEHAVIOR ] Run app\common\behavior\Common @module_init [ RunTime:0.003165s ]
[ info ] [ TOKEN ] INIT Mysql
[ info ] [ DB ] INIT mysql
[ info ] [ RUN ] app\index\controller\Calender->pb[ D:\fastadmin\application\index\controller\Calender.php ]
[ info ] [ VIEW ] D:\fastadmin\public/../application/index\view\calender\pb.html [ array (
  0 => 'user',
  1 => 'site',
  2 => 'config',
) ]
[ info ] [ LOG ] INIT File
[ sql ] [ DB ] CONNECT:[ UseTime:0.011458s ] mysql:host=127.0.0.2;dbname=schedule;charset=utf8
[ sql ] [ SQL ] SHOW COLUMNS FROM `sd_user_token` [ RunTime:0.000972s ]
[ sql ] [ SQL ] SELECT * FROM `sd_user_token` WHERE  `token` = '1e3a99f137ce511404bb0cf5dfaef8bcd0929140' LIMIT 1 [ RunTime:0.000649s ]
[ sql ] [ SQL ] SHOW COLUMNS FROM `sd_user` [ RunTime:0.002335s ]
[ sql ] [ SQL ] SELECT * FROM `sd_user` WHERE  `id` = 1 LIMIT 1 [ RunTime:0.000740s ]
---------------------------------------------------------------
[ 2019-04-15T21:57:06+08:00 ] 127.0.0.1 GET 127.0.0.2/index/calender/team.html
[运行时间：0.044831s] [吞吐率：22.31req/s] [内存消耗：2,823.88kb] [文件加载：74]
[ info ] [ BEHAVIOR ] Run Closure @app_init [ RunTime:0.000018s ]
[ info ] [ CACHE ] INIT File
[ info ] [ BEHAVIOR ] Run Closure @app_init [ RunTime:0.003844s ]
[ info ] [ LANG ] D:\fastadmin\thinkphp\lang\zh-cn.php
[ info ] [ ROUTE ] array (
  'type' => 'module',
  'module' => 
  array (
    0 => 'index',
    1 => 'calender',
    2 => 'team',
  ),
)
[ info ] [ HEADER ] array (
  'cookie' => 'Hm_lvt_f8d0a8c400404989e195270b0bbf060a=1554814376; uid=1; token=16a21bfc-008a-4680-bc7c-a078de2379ba',
  'accept-language' => 'zh-CN,zh;q=0.9',
  'accept-encoding' => 'gzip, deflate, br',
  'referer' => 'http://127.0.0.2/index/user/index.html',
  'accept' => 'text/html,application/xhtml+xml,application/xml;q=0.9,image/webp,image/apng,*/*;q=0.8',
  'user-agent' => 'Mozilla/5.0 (Windows NT 10.0; Win64; x64) AppleWebKit/537.36 (KHTML, like Gecko) Chrome/70.0.3538.67 Safari/537.36',
  'upgrade-insecure-requests' => '1',
  'connection' => 'close',
  'host' => '127.0.0.2',
)
[ info ] [ PARAM ] array (
)
[ info ] [ LANG ] D:\fastadmin\public/../application/index\lang\zh-cn.php
[ info ] [ BEHAVIOR ] Run app\common\behavior\Common @module_init [ RunTime:0.001172s ]
[ info ] [ TOKEN ] INIT Mysql
[ info ] [ DB ] INIT mysql
[ info ] [ RUN ] app\index\controller\Calender->team[ D:\fastadmin\application\index\controller\Calender.php ]
[ info ] [ VIEW ] D:\fastadmin\public/../application/index\view\calender\team.html [ array (
  0 => 'user',
  1 => 'site',
  2 => 'config',
) ]
[ info ] [ LOG ] INIT File
[ sql ] [ DB ] CONNECT:[ UseTime:0.001264s ] mysql:host=127.0.0.2;dbname=schedule;charset=utf8
[ sql ] [ SQL ] SHOW COLUMNS FROM `sd_user_token` [ RunTime:0.002368s ]
[ sql ] [ SQL ] SELECT * FROM `sd_user_token` WHERE  `token` = '1e3a99f137ce511404bb0cf5dfaef8bcd0929140' LIMIT 1 [ RunTime:0.000559s ]
[ sql ] [ SQL ] SHOW COLUMNS FROM `sd_user` [ RunTime:0.001539s ]
[ sql ] [ SQL ] SELECT * FROM `sd_user` WHERE  `id` = 1 LIMIT 1 [ RunTime:0.000635s ]
---------------------------------------------------------------
[ 2019-04-15T21:57:07+08:00 ] 127.0.0.1 GET 127.0.0.2/index/calender/main.html
[运行时间：0.055781s] [吞吐率：17.93req/s] [内存消耗：2,827.88kb] [文件加载：74]
[ info ] [ BEHAVIOR ] Run Closure @app_init [ RunTime:0.000038s ]
[ info ] [ CACHE ] INIT File
[ info ] [ BEHAVIOR ] Run Closure @app_init [ RunTime:0.004137s ]
[ info ] [ LANG ] D:\fastadmin\thinkphp\lang\zh-cn.php
[ info ] [ ROUTE ] array (
  'type' => 'module',
  'module' => 
  array (
    0 => 'index',
    1 => 'calender',
    2 => 'main',
  ),
)
[ info ] [ HEADER ] array (
  'cookie' => 'Hm_lvt_f8d0a8c400404989e195270b0bbf060a=1554814376; uid=1; token=16a21bfc-008a-4680-bc7c-a078de2379ba',
  'accept-language' => 'zh-CN,zh;q=0.9',
  'accept-encoding' => 'gzip, deflate, br',
  'referer' => 'http://127.0.0.2/index/user/index.html',
  'accept' => 'text/html,application/xhtml+xml,application/xml;q=0.9,image/webp,image/apng,*/*;q=0.8',
  'user-agent' => 'Mozilla/5.0 (Windows NT 10.0; Win64; x64) AppleWebKit/537.36 (KHTML, like Gecko) Chrome/70.0.3538.67 Safari/537.36',
  'upgrade-insecure-requests' => '1',
  'connection' => 'close',
  'host' => '127.0.0.2',
)
[ info ] [ PARAM ] array (
)
[ info ] [ LANG ] D:\fastadmin\public/../application/index\lang\zh-cn.php
[ info ] [ BEHAVIOR ] Run app\common\behavior\Common @module_init [ RunTime:0.001144s ]
[ info ] [ TOKEN ] INIT Mysql
[ info ] [ DB ] INIT mysql
[ info ] [ RUN ] app\index\controller\Calender->main[ D:\fastadmin\application\index\controller\Calender.php ]
[ info ] [ VIEW ] D:\fastadmin\public/../application/index\view\calender\main.html [ array (
  0 => 'user',
  1 => 'site',
  2 => 'config',
) ]
[ info ] [ LOG ] INIT File
[ sql ] [ DB ] CONNECT:[ UseTime:0.010564s ] mysql:host=127.0.0.2;dbname=schedule;charset=utf8
[ sql ] [ SQL ] SHOW COLUMNS FROM `sd_user_token` [ RunTime:0.000997s ]
[ sql ] [ SQL ] SELECT * FROM `sd_user_token` WHERE  `token` = '1e3a99f137ce511404bb0cf5dfaef8bcd0929140' LIMIT 1 [ RunTime:0.000381s ]
[ sql ] [ SQL ] SHOW COLUMNS FROM `sd_user` [ RunTime:0.001296s ]
[ sql ] [ SQL ] SELECT * FROM `sd_user` WHERE  `id` = 1 LIMIT 1 [ RunTime:0.000718s ]
---------------------------------------------------------------
[ 2019-04-15T23:46:24+08:00 ] 127.0.0.1 GET 127.0.0.2/index/calender/pb.html
[运行时间：0.832062s] [吞吐率：1.20req/s] [内存消耗：2,823.57kb] [文件加载：74]
[ info ] [ BEHAVIOR ] Run Closure @app_init [ RunTime:0.000085s ]
[ info ] [ CACHE ] INIT File
[ info ] [ BEHAVIOR ] Run Closure @app_init [ RunTime:0.042873s ]
[ info ] [ LANG ] D:\fastadmin\thinkphp\lang\zh-cn.php
[ info ] [ ROUTE ] array (
  'type' => 'module',
  'module' => 
  array (
    0 => 'index',
    1 => 'calender',
    2 => 'pb',
  ),
)
[ info ] [ HEADER ] array (
  'cookie' => 'Hm_lvt_f8d0a8c400404989e195270b0bbf060a=1554814376; uid=1; token=16a21bfc-008a-4680-bc7c-a078de2379ba',
  'accept-language' => 'zh-CN,zh;q=0.9',
  'accept-encoding' => 'gzip, deflate, br',
  'referer' => 'http://127.0.0.2/index/user/index.html',
  'accept' => 'text/html,application/xhtml+xml,application/xml;q=0.9,image/webp,image/apng,*/*;q=0.8',
  'user-agent' => 'Mozilla/5.0 (Windows NT 10.0; Win64; x64) AppleWebKit/537.36 (KHTML, like Gecko) Chrome/70.0.3538.67 Safari/537.36',
  'upgrade-insecure-requests' => '1',
  'connection' => 'close',
  'host' => '127.0.0.2',
)
[ info ] [ PARAM ] array (
)
[ info ] [ LANG ] D:\fastadmin\public/../application/index\lang\zh-cn.php
[ info ] [ BEHAVIOR ] Run app\common\behavior\Common @module_init [ RunTime:0.017962s ]
[ info ] [ TOKEN ] INIT Mysql
[ info ] [ DB ] INIT mysql
[ info ] [ RUN ] app\index\controller\Calender->pb[ D:\fastadmin\application\index\controller\Calender.php ]
[ info ] [ VIEW ] D:\fastadmin\public/../application/index\view\calender\pb.html [ array (
  0 => 'user',
  1 => 'site',
  2 => 'config',
) ]
[ info ] [ LOG ] INIT File
[ sql ] [ DB ] CONNECT:[ UseTime:0.008584s ] mysql:host=127.0.0.2;dbname=schedule;charset=utf8
[ sql ] [ SQL ] SHOW COLUMNS FROM `sd_user_token` [ RunTime:0.004985s ]
[ sql ] [ SQL ] SELECT * FROM `sd_user_token` WHERE  `token` = '1e3a99f137ce511404bb0cf5dfaef8bcd0929140' LIMIT 1 [ RunTime:0.001267s ]
[ sql ] [ SQL ] SHOW COLUMNS FROM `sd_user` [ RunTime:0.002026s ]
[ sql ] [ SQL ] SELECT * FROM `sd_user` WHERE  `id` = 1 LIMIT 1 [ RunTime:0.000675s ]
---------------------------------------------------------------
[ 2019-04-15T23:46:24+08:00 ] 127.0.0.1 GET 127.0.0.2/index/calender/labelwall.html
[运行时间：0.067893s] [吞吐率：14.73req/s] [内存消耗：2,824.02kb] [文件加载：74]
[ info ] [ BEHAVIOR ] Run Closure @app_init [ RunTime:0.000021s ]
[ info ] [ CACHE ] INIT File
[ info ] [ BEHAVIOR ] Run Closure @app_init [ RunTime:0.003147s ]
[ info ] [ LANG ] D:\fastadmin\thinkphp\lang\zh-cn.php
[ info ] [ ROUTE ] array (
  'type' => 'module',
  'module' => 
  array (
    0 => 'index',
    1 => 'calender',
    2 => 'labelwall',
  ),
)
[ info ] [ HEADER ] array (
  'cookie' => 'Hm_lvt_f8d0a8c400404989e195270b0bbf060a=1554814376; uid=1; token=16a21bfc-008a-4680-bc7c-a078de2379ba',
  'accept-language' => 'zh-CN,zh;q=0.9',
  'accept-encoding' => 'gzip, deflate, br',
  'referer' => 'http://127.0.0.2/index/user/index.html',
  'accept' => 'text/html,application/xhtml+xml,application/xml;q=0.9,image/webp,image/apng,*/*;q=0.8',
  'user-agent' => 'Mozilla/5.0 (Windows NT 10.0; Win64; x64) AppleWebKit/537.36 (KHTML, like Gecko) Chrome/70.0.3538.67 Safari/537.36',
  'upgrade-insecure-requests' => '1',
  'connection' => 'close',
  'host' => '127.0.0.2',
)
[ info ] [ PARAM ] array (
)
[ info ] [ LANG ] D:\fastadmin\public/../application/index\lang\zh-cn.php
[ info ] [ BEHAVIOR ] Run app\common\behavior\Common @module_init [ RunTime:0.001714s ]
[ info ] [ TOKEN ] INIT Mysql
[ info ] [ DB ] INIT mysql
[ info ] [ RUN ] app\index\controller\Calender->labelwall[ D:\fastadmin\application\index\controller\Calender.php ]
[ info ] [ VIEW ] D:\fastadmin\public/../application/index\view\calender\labelwall.html [ array (
  0 => 'user',
  1 => 'site',
  2 => 'config',
) ]
[ info ] [ LOG ] INIT File
[ sql ] [ DB ] CONNECT:[ UseTime:0.001339s ] mysql:host=127.0.0.2;dbname=schedule;charset=utf8
[ sql ] [ SQL ] SHOW COLUMNS FROM `sd_user_token` [ RunTime:0.001181s ]
[ sql ] [ SQL ] SELECT * FROM `sd_user_token` WHERE  `token` = '1e3a99f137ce511404bb0cf5dfaef8bcd0929140' LIMIT 1 [ RunTime:0.000539s ]
[ sql ] [ SQL ] SHOW COLUMNS FROM `sd_user` [ RunTime:0.001954s ]
[ sql ] [ SQL ] SELECT * FROM `sd_user` WHERE  `id` = 1 LIMIT 1 [ RunTime:0.000591s ]
---------------------------------------------------------------
[ 2019-04-15T23:46:26+08:00 ] 127.0.0.1 GET 127.0.0.2/index/calender/team.html
[运行时间：0.071360s] [吞吐率：14.01req/s] [内存消耗：2,823.88kb] [文件加载：74]
[ info ] [ BEHAVIOR ] Run Closure @app_init [ RunTime:0.000030s ]
[ info ] [ CACHE ] INIT File
[ info ] [ BEHAVIOR ] Run Closure @app_init [ RunTime:0.004836s ]
[ info ] [ LANG ] D:\fastadmin\thinkphp\lang\zh-cn.php
[ info ] [ ROUTE ] array (
  'type' => 'module',
  'module' => 
  array (
    0 => 'index',
    1 => 'calender',
    2 => 'team',
  ),
)
[ info ] [ HEADER ] array (
  'cookie' => 'Hm_lvt_f8d0a8c400404989e195270b0bbf060a=1554814376; uid=1; token=16a21bfc-008a-4680-bc7c-a078de2379ba',
  'accept-language' => 'zh-CN,zh;q=0.9',
  'accept-encoding' => 'gzip, deflate, br',
  'referer' => 'http://127.0.0.2/index/user/index.html',
  'accept' => 'text/html,application/xhtml+xml,application/xml;q=0.9,image/webp,image/apng,*/*;q=0.8',
  'user-agent' => 'Mozilla/5.0 (Windows NT 10.0; Win64; x64) AppleWebKit/537.36 (KHTML, like Gecko) Chrome/70.0.3538.67 Safari/537.36',
  'upgrade-insecure-requests' => '1',
  'connection' => 'close',
  'host' => '127.0.0.2',
)
[ info ] [ PARAM ] array (
)
[ info ] [ LANG ] D:\fastadmin\public/../application/index\lang\zh-cn.php
[ info ] [ BEHAVIOR ] Run app\common\behavior\Common @module_init [ RunTime:0.001126s ]
[ info ] [ TOKEN ] INIT Mysql
[ info ] [ DB ] INIT mysql
[ info ] [ RUN ] app\index\controller\Calender->team[ D:\fastadmin\application\index\controller\Calender.php ]
[ info ] [ VIEW ] D:\fastadmin\public/../application/index\view\calender\team.html [ array (
  0 => 'user',
  1 => 'site',
  2 => 'config',
) ]
[ info ] [ LOG ] INIT File
[ sql ] [ DB ] CONNECT:[ UseTime:0.011324s ] mysql:host=127.0.0.2;dbname=schedule;charset=utf8
[ sql ] [ SQL ] SHOW COLUMNS FROM `sd_user_token` [ RunTime:0.001199s ]
[ sql ] [ SQL ] SELECT * FROM `sd_user_token` WHERE  `token` = '1e3a99f137ce511404bb0cf5dfaef8bcd0929140' LIMIT 1 [ RunTime:0.000496s ]
[ sql ] [ SQL ] SHOW COLUMNS FROM `sd_user` [ RunTime:0.001415s ]
[ sql ] [ SQL ] SELECT * FROM `sd_user` WHERE  `id` = 1 LIMIT 1 [ RunTime:0.000733s ]
---------------------------------------------------------------
[ 2019-04-15T23:46:46+08:00 ] 127.0.0.1 GET 127.0.0.2/index/form/index.html
[运行时间：0.078459s] [吞吐率：12.75req/s] [内存消耗：2,827.30kb] [文件加载：74]
[ info ] [ BEHAVIOR ] Run Closure @app_init [ RunTime:0.000019s ]
[ info ] [ CACHE ] INIT File
[ info ] [ BEHAVIOR ] Run Closure @app_init [ RunTime:0.002646s ]
[ info ] [ LANG ] D:\fastadmin\thinkphp\lang\zh-cn.php
[ info ] [ ROUTE ] array (
  'type' => 'module',
  'module' => 
  array (
    0 => 'index',
    1 => 'form',
    2 => 'index',
  ),
)
[ info ] [ HEADER ] array (
  'cookie' => 'Hm_lvt_f8d0a8c400404989e195270b0bbf060a=1554814376; uid=1; token=16a21bfc-008a-4680-bc7c-a078de2379ba',
  'accept-language' => 'zh-CN,zh;q=0.9',
  'accept-encoding' => 'gzip, deflate, br',
  'referer' => 'http://127.0.0.2/index/user/index.html',
  'accept' => 'text/html,application/xhtml+xml,application/xml;q=0.9,image/webp,image/apng,*/*;q=0.8',
  'user-agent' => 'Mozilla/5.0 (Windows NT 10.0; Win64; x64) AppleWebKit/537.36 (KHTML, like Gecko) Chrome/70.0.3538.67 Safari/537.36',
  'upgrade-insecure-requests' => '1',
  'connection' => 'close',
  'host' => '127.0.0.2',
)
[ info ] [ PARAM ] array (
)
[ info ] [ LANG ] D:\fastadmin\public/../application/index\lang\zh-cn.php
[ info ] [ BEHAVIOR ] Run app\common\behavior\Common @module_init [ RunTime:0.001870s ]
[ info ] [ TOKEN ] INIT Mysql
[ info ] [ DB ] INIT mysql
[ info ] [ RUN ] app\index\controller\Form->index[ D:\fastadmin\application\index\controller\Form.php ]
[ info ] [ VIEW ] D:\fastadmin\public/../application/index\view\form\index.html [ array (
  0 => 'user',
  1 => 'site',
  2 => 'config',
) ]
[ info ] [ LOG ] INIT File
[ sql ] [ DB ] CONNECT:[ UseTime:0.010835s ] mysql:host=127.0.0.2;dbname=schedule;charset=utf8
[ sql ] [ SQL ] SHOW COLUMNS FROM `sd_user_token` [ RunTime:0.002177s ]
[ sql ] [ SQL ] SELECT * FROM `sd_user_token` WHERE  `token` = '1e3a99f137ce511404bb0cf5dfaef8bcd0929140' LIMIT 1 [ RunTime:0.000540s ]
[ sql ] [ SQL ] SHOW COLUMNS FROM `sd_user` [ RunTime:0.001191s ]
[ sql ] [ SQL ] SELECT * FROM `sd_user` WHERE  `id` = 1 LIMIT 1 [ RunTime:0.000743s ]
---------------------------------------------------------------
[ 2019-04-15T23:46:47+08:00 ] 127.0.0.1 GET 127.0.0.2/index/user/graph_flot.html
[运行时间：0.138316s] [吞吐率：7.23req/s] [内存消耗：2,964.02kb] [文件加载：76]
[ info ] [ BEHAVIOR ] Run Closure @app_init [ RunTime:0.000014s ]
[ info ] [ CACHE ] INIT File
[ info ] [ BEHAVIOR ] Run Closure @app_init [ RunTime:0.002163s ]
[ info ] [ LANG ] D:\fastadmin\thinkphp\lang\zh-cn.php
[ info ] [ ROUTE ] array (
  'type' => 'module',
  'module' => 
  array (
    0 => 'index',
    1 => 'user',
    2 => 'graph_flot',
  ),
)
[ info ] [ HEADER ] array (
  'cookie' => 'Hm_lvt_f8d0a8c400404989e195270b0bbf060a=1554814376; uid=1; token=16a21bfc-008a-4680-bc7c-a078de2379ba',
  'accept-language' => 'zh-CN,zh;q=0.9',
  'accept-encoding' => 'gzip, deflate, br',
  'referer' => 'http://127.0.0.2/index/user/index.html',
  'accept' => 'text/html,application/xhtml+xml,application/xml;q=0.9,image/webp,image/apng,*/*;q=0.8',
  'user-agent' => 'Mozilla/5.0 (Windows NT 10.0; Win64; x64) AppleWebKit/537.36 (KHTML, like Gecko) Chrome/70.0.3538.67 Safari/537.36',
  'upgrade-insecure-requests' => '1',
  'connection' => 'close',
  'host' => '127.0.0.2',
)
[ info ] [ PARAM ] array (
)
[ info ] [ LANG ] D:\fastadmin\public/../application/index\lang\zh-cn.php
[ info ] [ BEHAVIOR ] Run app\common\behavior\Common @module_init [ RunTime:0.001505s ]
[ info ] [ TOKEN ] INIT Mysql
[ info ] [ DB ] INIT mysql
[ info ] [ LANG ] D:\fastadmin\public/../application/index/lang/zh-cn/user.php
[ info ] [ RUN ] app\index\controller\User->_empty[ D:\fastadmin\application\index\controller\User.php ]
[ info ] [ LOG ] INIT File
[ sql ] [ DB ] CONNECT:[ UseTime:0.011336s ] mysql:host=127.0.0.2;dbname=schedule;charset=utf8
[ sql ] [ SQL ] SHOW COLUMNS FROM `sd_user_token` [ RunTime:0.000923s ]
[ sql ] [ SQL ] SELECT * FROM `sd_user_token` WHERE  `token` = '1e3a99f137ce511404bb0cf5dfaef8bcd0929140' LIMIT 1 [ RunTime:0.000456s ]
[ sql ] [ SQL ] SHOW COLUMNS FROM `sd_user` [ RunTime:0.001270s ]
[ sql ] [ SQL ] SELECT * FROM `sd_user` WHERE  `id` = 1 LIMIT 1 [ RunTime:0.000478s ]
[ error ] [0]模板文件不存在:D:\fastadmin\public/../application/index\view\user\graph_flot.html[D:\fastadmin\thinkphp\library\think\view\driver\Think.php:82]
---------------------------------------------------------------
[ 2019-04-15T23:46:47+08:00 ] 127.0.0.1 GET 127.0.0.2/index/form/team.html
[运行时间：0.066981s] [吞吐率：14.93req/s] [内存消耗：2,831.24kb] [文件加载：74]
[ info ] [ BEHAVIOR ] Run Closure @app_init [ RunTime:0.000015s ]
[ info ] [ CACHE ] INIT File
[ info ] [ BEHAVIOR ] Run Closure @app_init [ RunTime:0.002024s ]
[ info ] [ LANG ] D:\fastadmin\thinkphp\lang\zh-cn.php
[ info ] [ ROUTE ] array (
  'type' => 'module',
  'module' => 
  array (
    0 => 'index',
    1 => 'form',
    2 => 'team',
  ),
)
[ info ] [ HEADER ] array (
  'cookie' => 'Hm_lvt_f8d0a8c400404989e195270b0bbf060a=1554814376; uid=1; token=16a21bfc-008a-4680-bc7c-a078de2379ba',
  'accept-language' => 'zh-CN,zh;q=0.9',
  'accept-encoding' => 'gzip, deflate, br',
  'referer' => 'http://127.0.0.2/index/user/index.html',
  'accept' => 'text/html,application/xhtml+xml,application/xml;q=0.9,image/webp,image/apng,*/*;q=0.8',
  'user-agent' => 'Mozilla/5.0 (Windows NT 10.0; Win64; x64) AppleWebKit/537.36 (KHTML, like Gecko) Chrome/70.0.3538.67 Safari/537.36',
  'upgrade-insecure-requests' => '1',
  'connection' => 'close',
  'host' => '127.0.0.2',
)
[ info ] [ PARAM ] array (
)
[ info ] [ LANG ] D:\fastadmin\public/../application/index\lang\zh-cn.php
[ info ] [ BEHAVIOR ] Run app\common\behavior\Common @module_init [ RunTime:0.001209s ]
[ info ] [ TOKEN ] INIT Mysql
[ info ] [ DB ] INIT mysql
[ info ] [ RUN ] app\index\controller\Form->team[ D:\fastadmin\application\index\controller\Form.php ]
[ info ] [ VIEW ] D:\fastadmin\public/../application/index\view\form\team.html [ array (
  0 => 'user',
  1 => 'site',
  2 => 'config',
) ]
[ info ] [ LOG ] INIT File
[ sql ] [ DB ] CONNECT:[ UseTime:0.010152s ] mysql:host=127.0.0.2;dbname=schedule;charset=utf8
[ sql ] [ SQL ] SHOW COLUMNS FROM `sd_user_token` [ RunTime:0.003784s ]
[ sql ] [ SQL ] SELECT * FROM `sd_user_token` WHERE  `token` = '1e3a99f137ce511404bb0cf5dfaef8bcd0929140' LIMIT 1 [ RunTime:0.000619s ]
[ sql ] [ SQL ] SHOW COLUMNS FROM `sd_user` [ RunTime:0.001902s ]
[ sql ] [ SQL ] SELECT * FROM `sd_user` WHERE  `id` = 1 LIMIT 1 [ RunTime:0.000581s ]
---------------------------------------------------------------
[ 2019-04-15T23:55:06+08:00 ] 127.0.0.1 GET 127.0.0.2/index/form/pb.html
[运行时间：0.062603s] [吞吐率：15.97req/s] [内存消耗：2,831.23kb] [文件加载：74]
[ info ] [ BEHAVIOR ] Run Closure @app_init [ RunTime:0.000017s ]
[ info ] [ CACHE ] INIT File
[ info ] [ BEHAVIOR ] Run Closure @app_init [ RunTime:0.003218s ]
[ info ] [ LANG ] D:\fastadmin\thinkphp\lang\zh-cn.php
[ info ] [ ROUTE ] array (
  'type' => 'module',
  'module' => 
  array (
    0 => 'index',
    1 => 'form',
    2 => 'pb',
  ),
)
[ info ] [ HEADER ] array (
  'cookie' => 'Hm_lvt_f8d0a8c400404989e195270b0bbf060a=1554814376; uid=1; token=16a21bfc-008a-4680-bc7c-a078de2379ba',
  'accept-language' => 'zh-CN,zh;q=0.9',
  'accept-encoding' => 'gzip, deflate, br',
  'referer' => 'http://127.0.0.2/index/user/index.html',
  'accept' => 'text/html,application/xhtml+xml,application/xml;q=0.9,image/webp,image/apng,*/*;q=0.8',
  'user-agent' => 'Mozilla/5.0 (Windows NT 10.0; Win64; x64) AppleWebKit/537.36 (KHTML, like Gecko) Chrome/70.0.3538.67 Safari/537.36',
  'upgrade-insecure-requests' => '1',
  'connection' => 'close',
  'host' => '127.0.0.2',
)
[ info ] [ PARAM ] array (
)
[ info ] [ LANG ] D:\fastadmin\public/../application/index\lang\zh-cn.php
[ info ] [ BEHAVIOR ] Run app\common\behavior\Common @module_init [ RunTime:0.003192s ]
[ info ] [ TOKEN ] INIT Mysql
[ info ] [ DB ] INIT mysql
[ info ] [ RUN ] app\index\controller\Form->pb[ D:\fastadmin\application\index\controller\Form.php ]
[ info ] [ VIEW ] D:\fastadmin\public/../application/index\view\form\pb.html [ array (
  0 => 'user',
  1 => 'site',
  2 => 'config',
) ]
[ info ] [ LOG ] INIT File
[ sql ] [ DB ] CONNECT:[ UseTime:0.001329s ] mysql:host=127.0.0.2;dbname=schedule;charset=utf8
[ sql ] [ SQL ] SHOW COLUMNS FROM `sd_user_token` [ RunTime:0.001539s ]
[ sql ] [ SQL ] SELECT * FROM `sd_user_token` WHERE  `token` = '1e3a99f137ce511404bb0cf5dfaef8bcd0929140' LIMIT 1 [ RunTime:0.001272s ]
[ sql ] [ SQL ] SHOW COLUMNS FROM `sd_user` [ RunTime:0.001174s ]
[ sql ] [ SQL ] SELECT * FROM `sd_user` WHERE  `id` = 1 LIMIT 1 [ RunTime:0.000697s ]
---------------------------------------------------------------
[ 2019-04-15T23:55:24+08:00 ] 127.0.0.1 GET 127.0.0.2/index/user/index.html
[运行时间：0.116341s] [吞吐率：8.60req/s] [内存消耗：3,157.96kb] [文件加载：76]
[ info ] [ BEHAVIOR ] Run Closure @app_init [ RunTime:0.000028s ]
[ info ] [ CACHE ] INIT File
[ info ] [ BEHAVIOR ] Run Closure @app_init [ RunTime:0.002165s ]
[ info ] [ LANG ] D:\fastadmin\thinkphp\lang\zh-cn.php
[ info ] [ ROUTE ] array (
  'type' => 'module',
  'module' => 
  array (
    0 => 'index',
    1 => 'user',
    2 => 'index',
  ),
)
[ info ] [ HEADER ] array (
  'cookie' => 'Hm_lvt_f8d0a8c400404989e195270b0bbf060a=1554814376; uid=1; token=16a21bfc-008a-4680-bc7c-a078de2379ba',
  'accept-language' => 'zh-CN,zh;q=0.9',
  'accept-encoding' => 'gzip, deflate, br',
  'referer' => 'http://127.0.0.2/index/user/login.html',
  'accept' => 'text/html,application/xhtml+xml,application/xml;q=0.9,image/webp,image/apng,*/*;q=0.8',
  'user-agent' => 'Mozilla/5.0 (Windows NT 10.0; Win64; x64) AppleWebKit/537.36 (KHTML, like Gecko) Chrome/70.0.3538.67 Safari/537.36',
  'upgrade-insecure-requests' => '1',
  'cache-control' => 'max-age=0',
  'connection' => 'close',
  'host' => '127.0.0.2',
)
[ info ] [ PARAM ] array (
)
[ info ] [ LANG ] D:\fastadmin\public/../application/index\lang\zh-cn.php
[ info ] [ BEHAVIOR ] Run app\common\behavior\Common @module_init [ RunTime:0.001629s ]
[ info ] [ TOKEN ] INIT Mysql
[ info ] [ DB ] INIT mysql
[ info ] [ LANG ] D:\fastadmin\public/../application/index/lang/zh-cn/user.php
[ info ] [ RUN ] app\index\controller\User->index[ D:\fastadmin\application\index\controller\User.php ]
[ info ] [ VIEW ] D:\fastadmin\public/../application/index\view\user\index.html [ array (
  0 => 'user',
  1 => 'site',
  2 => 'config',
  3 => 'title',
) ]
[ info ] [ LOG ] INIT File
[ sql ] [ DB ] CONNECT:[ UseTime:0.001077s ] mysql:host=127.0.0.2;dbname=schedule;charset=utf8
[ sql ] [ SQL ] SHOW COLUMNS FROM `sd_user_token` [ RunTime:0.000988s ]
[ sql ] [ SQL ] SELECT * FROM `sd_user_token` WHERE  `token` = '1e3a99f137ce511404bb0cf5dfaef8bcd0929140' LIMIT 1 [ RunTime:0.000372s ]
[ sql ] [ SQL ] SHOW COLUMNS FROM `sd_user` [ RunTime:0.001482s ]
[ sql ] [ SQL ] SELECT * FROM `sd_user` WHERE  `id` = 1 LIMIT 1 [ RunTime:0.001351s ]
---------------------------------------------------------------
[ 2019-04-15T23:55:24+08:00 ] 127.0.0.1 GET 127.0.0.2/index/calender/main.html
[运行时间：0.060830s] [吞吐率：16.44req/s] [内存消耗：2,827.88kb] [文件加载：74]
[ info ] [ BEHAVIOR ] Run Closure @app_init [ RunTime:0.000017s ]
[ info ] [ CACHE ] INIT File
[ info ] [ BEHAVIOR ] Run Closure @app_init [ RunTime:0.002342s ]
[ info ] [ LANG ] D:\fastadmin\thinkphp\lang\zh-cn.php
[ info ] [ ROUTE ] array (
  'type' => 'module',
  'module' => 
  array (
    0 => 'index',
    1 => 'calender',
    2 => 'main',
  ),
)
[ info ] [ HEADER ] array (
  'cookie' => 'Hm_lvt_f8d0a8c400404989e195270b0bbf060a=1554814376; uid=1; token=16a21bfc-008a-4680-bc7c-a078de2379ba',
  'accept-language' => 'zh-CN,zh;q=0.9',
  'accept-encoding' => 'gzip, deflate, br',
  'referer' => 'http://127.0.0.2/index/user/index.html',
  'accept' => 'text/html,application/xhtml+xml,application/xml;q=0.9,image/webp,image/apng,*/*;q=0.8',
  'user-agent' => 'Mozilla/5.0 (Windows NT 10.0; Win64; x64) AppleWebKit/537.36 (KHTML, like Gecko) Chrome/70.0.3538.67 Safari/537.36',
  'upgrade-insecure-requests' => '1',
  'connection' => 'close',
  'host' => '127.0.0.2',
)
[ info ] [ PARAM ] array (
)
[ info ] [ LANG ] D:\fastadmin\public/../application/index\lang\zh-cn.php
[ info ] [ BEHAVIOR ] Run app\common\behavior\Common @module_init [ RunTime:0.001456s ]
[ info ] [ TOKEN ] INIT Mysql
[ info ] [ DB ] INIT mysql
[ info ] [ RUN ] app\index\controller\Calender->main[ D:\fastadmin\application\index\controller\Calender.php ]
[ info ] [ VIEW ] D:\fastadmin\public/../application/index\view\calender\main.html [ array (
  0 => 'user',
  1 => 'site',
  2 => 'config',
) ]
[ info ] [ LOG ] INIT File
[ sql ] [ DB ] CONNECT:[ UseTime:0.000847s ] mysql:host=127.0.0.2;dbname=schedule;charset=utf8
[ sql ] [ SQL ] SHOW COLUMNS FROM `sd_user_token` [ RunTime:0.000894s ]
[ sql ] [ SQL ] SELECT * FROM `sd_user_token` WHERE  `token` = '1e3a99f137ce511404bb0cf5dfaef8bcd0929140' LIMIT 1 [ RunTime:0.000351s ]
[ sql ] [ SQL ] SHOW COLUMNS FROM `sd_user` [ RunTime:0.001135s ]
[ sql ] [ SQL ] SELECT * FROM `sd_user` WHERE  `id` = 1 LIMIT 1 [ RunTime:0.000533s ]
---------------------------------------------------------------
[ 2019-04-15T23:55:25+08:00 ] 127.0.0.1 GET 127.0.0.2/index/user/libs/favicon.ico
[运行时间：0.046918s] [吞吐率：21.31req/s] [内存消耗：2,963.95kb] [文件加载：76]
[ info ] [ BEHAVIOR ] Run Closure @app_init [ RunTime:0.000026s ]
[ info ] [ CACHE ] INIT File
[ info ] [ BEHAVIOR ] Run Closure @app_init [ RunTime:0.002207s ]
[ info ] [ LANG ] D:\fastadmin\thinkphp\lang\zh-cn.php
[ info ] [ ROUTE ] array (
  'type' => 'module',
  'module' => 
  array (
    0 => 'index',
    1 => 'user',
    2 => 'libs',
  ),
)
[ info ] [ HEADER ] array (
  'cookie' => 'Hm_lvt_f8d0a8c400404989e195270b0bbf060a=1554814376; uid=1; token=16a21bfc-008a-4680-bc7c-a078de2379ba',
  'accept-language' => 'zh-CN,zh;q=0.9',
  'accept-encoding' => 'gzip, deflate, br',
  'referer' => 'http://127.0.0.2/index/user/index.html',
  'accept' => 'image/webp,image/apng,image/*,*/*;q=0.8',
  'user-agent' => 'Mozilla/5.0 (Windows NT 10.0; Win64; x64) AppleWebKit/537.36 (KHTML, like Gecko) Chrome/70.0.3538.67 Safari/537.36',
  'cache-control' => 'no-cache',
  'pragma' => 'no-cache',
  'connection' => 'close',
  'host' => '127.0.0.2',
)
[ info ] [ PARAM ] array (
)
[ info ] [ LANG ] D:\fastadmin\public/../application/index\lang\zh-cn.php
[ info ] [ BEHAVIOR ] Run app\common\behavior\Common @module_init [ RunTime:0.001185s ]
[ info ] [ TOKEN ] INIT Mysql
[ info ] [ DB ] INIT mysql
[ info ] [ LANG ] D:\fastadmin\public/../application/index/lang/zh-cn/user.php
[ info ] [ RUN ] app\index\controller\User->_empty[ D:\fastadmin\application\index\controller\User.php ]
[ info ] [ LOG ] INIT File
[ sql ] [ DB ] CONNECT:[ UseTime:0.001186s ] mysql:host=127.0.0.2;dbname=schedule;charset=utf8
[ sql ] [ SQL ] SHOW COLUMNS FROM `sd_user_token` [ RunTime:0.000958s ]
[ sql ] [ SQL ] SELECT * FROM `sd_user_token` WHERE  `token` = '1e3a99f137ce511404bb0cf5dfaef8bcd0929140' LIMIT 1 [ RunTime:0.000333s ]
[ sql ] [ SQL ] SHOW COLUMNS FROM `sd_user` [ RunTime:0.001287s ]
[ sql ] [ SQL ] SELECT * FROM `sd_user` WHERE  `id` = 1 LIMIT 1 [ RunTime:0.000406s ]
[ error ] [0]模板文件不存在:D:\fastadmin\public/../application/index\view\user\libs.html[D:\fastadmin\thinkphp\library\think\view\driver\Think.php:82]
---------------------------------------------------------------
[ 2019-04-15T23:55:53+08:00 ] 127.0.0.1 GET 127.0.0.2/index/form/index.html
[运行时间：0.055177s] [吞吐率：18.12req/s] [内存消耗：2,827.30kb] [文件加载：74]
[ info ] [ BEHAVIOR ] Run Closure @app_init [ RunTime:0.000017s ]
[ info ] [ CACHE ] INIT File
[ info ] [ BEHAVIOR ] Run Closure @app_init [ RunTime:0.002729s ]
[ info ] [ LANG ] D:\fastadmin\thinkphp\lang\zh-cn.php
[ info ] [ ROUTE ] array (
  'type' => 'module',
  'module' => 
  array (
    0 => 'index',
    1 => 'form',
    2 => 'index',
  ),
)
[ info ] [ HEADER ] array (
  'cookie' => 'Hm_lvt_f8d0a8c400404989e195270b0bbf060a=1554814376; uid=1; token=16a21bfc-008a-4680-bc7c-a078de2379ba',
  'accept-language' => 'zh-CN,zh;q=0.9',
  'accept-encoding' => 'gzip, deflate, br',
  'referer' => 'http://127.0.0.2/index/user/index.html',
  'accept' => 'text/html,application/xhtml+xml,application/xml;q=0.9,image/webp,image/apng,*/*;q=0.8',
  'user-agent' => 'Mozilla/5.0 (Windows NT 10.0; Win64; x64) AppleWebKit/537.36 (KHTML, like Gecko) Chrome/70.0.3538.67 Safari/537.36',
  'upgrade-insecure-requests' => '1',
  'connection' => 'close',
  'host' => '127.0.0.2',
)
[ info ] [ PARAM ] array (
)
[ info ] [ LANG ] D:\fastadmin\public/../application/index\lang\zh-cn.php
[ info ] [ BEHAVIOR ] Run app\common\behavior\Common @module_init [ RunTime:0.001819s ]
[ info ] [ TOKEN ] INIT Mysql
[ info ] [ DB ] INIT mysql
[ info ] [ RUN ] app\index\controller\Form->index[ D:\fastadmin\application\index\controller\Form.php ]
[ info ] [ VIEW ] D:\fastadmin\public/../application/index\view\form\index.html [ array (
  0 => 'user',
  1 => 'site',
  2 => 'config',
) ]
[ info ] [ LOG ] INIT File
[ sql ] [ DB ] CONNECT:[ UseTime:0.011107s ] mysql:host=127.0.0.2;dbname=schedule;charset=utf8
[ sql ] [ SQL ] SHOW COLUMNS FROM `sd_user_token` [ RunTime:0.001211s ]
[ sql ] [ SQL ] SELECT * FROM `sd_user_token` WHERE  `token` = '1e3a99f137ce511404bb0cf5dfaef8bcd0929140' LIMIT 1 [ RunTime:0.000476s ]
[ sql ] [ SQL ] SHOW COLUMNS FROM `sd_user` [ RunTime:0.001271s ]
[ sql ] [ SQL ] SELECT * FROM `sd_user` WHERE  `id` = 1 LIMIT 1 [ RunTime:0.000601s ]
---------------------------------------------------------------
[ 2019-04-15T23:55:53+08:00 ] 127.0.0.1 GET 127.0.0.2/index/form/team.html
[运行时间：0.044547s] [吞吐率：22.45req/s] [内存消耗：2,831.24kb] [文件加载：74]
[ info ] [ BEHAVIOR ] Run Closure @app_init [ RunTime:0.000049s ]
[ info ] [ CACHE ] INIT File
[ info ] [ BEHAVIOR ] Run Closure @app_init [ RunTime:0.004149s ]
[ info ] [ LANG ] D:\fastadmin\thinkphp\lang\zh-cn.php
[ info ] [ ROUTE ] array (
  'type' => 'module',
  'module' => 
  array (
    0 => 'index',
    1 => 'form',
    2 => 'team',
  ),
)
[ info ] [ HEADER ] array (
  'cookie' => 'Hm_lvt_f8d0a8c400404989e195270b0bbf060a=1554814376; uid=1; token=16a21bfc-008a-4680-bc7c-a078de2379ba',
  'accept-language' => 'zh-CN,zh;q=0.9',
  'accept-encoding' => 'gzip, deflate, br',
  'referer' => 'http://127.0.0.2/index/user/index.html',
  'accept' => 'text/html,application/xhtml+xml,application/xml;q=0.9,image/webp,image/apng,*/*;q=0.8',
  'user-agent' => 'Mozilla/5.0 (Windows NT 10.0; Win64; x64) AppleWebKit/537.36 (KHTML, like Gecko) Chrome/70.0.3538.67 Safari/537.36',
  'upgrade-insecure-requests' => '1',
  'connection' => 'close',
  'host' => '127.0.0.2',
)
[ info ] [ PARAM ] array (
)
[ info ] [ LANG ] D:\fastadmin\public/../application/index\lang\zh-cn.php
[ info ] [ BEHAVIOR ] Run app\common\behavior\Common @module_init [ RunTime:0.001129s ]
[ info ] [ TOKEN ] INIT Mysql
[ info ] [ DB ] INIT mysql
[ info ] [ RUN ] app\index\controller\Form->team[ D:\fastadmin\application\index\controller\Form.php ]
[ info ] [ VIEW ] D:\fastadmin\public/../application/index\view\form\team.html [ array (
  0 => 'user',
  1 => 'site',
  2 => 'config',
) ]
[ info ] [ LOG ] INIT File
[ sql ] [ DB ] CONNECT:[ UseTime:0.001234s ] mysql:host=127.0.0.2;dbname=schedule;charset=utf8
[ sql ] [ SQL ] SHOW COLUMNS FROM `sd_user_token` [ RunTime:0.001136s ]
[ sql ] [ SQL ] SELECT * FROM `sd_user_token` WHERE  `token` = '1e3a99f137ce511404bb0cf5dfaef8bcd0929140' LIMIT 1 [ RunTime:0.000975s ]
[ sql ] [ SQL ] SHOW COLUMNS FROM `sd_user` [ RunTime:0.001069s ]
[ sql ] [ SQL ] SELECT * FROM `sd_user` WHERE  `id` = 1 LIMIT 1 [ RunTime:0.000623s ]
---------------------------------------------------------------
[ 2019-04-15T23:55:54+08:00 ] 127.0.0.1 GET 127.0.0.2/index/form/pb.html
[运行时间：0.051058s] [吞吐率：19.59req/s] [内存消耗：2,831.23kb] [文件加载：74]
[ info ] [ BEHAVIOR ] Run Closure @app_init [ RunTime:0.000016s ]
[ info ] [ CACHE ] INIT File
[ info ] [ BEHAVIOR ] Run Closure @app_init [ RunTime:0.002085s ]
[ info ] [ LANG ] D:\fastadmin\thinkphp\lang\zh-cn.php
[ info ] [ ROUTE ] array (
  'type' => 'module',
  'module' => 
  array (
    0 => 'index',
    1 => 'form',
    2 => 'pb',
  ),
)
[ info ] [ HEADER ] array (
  'cookie' => 'Hm_lvt_f8d0a8c400404989e195270b0bbf060a=1554814376; uid=1; token=16a21bfc-008a-4680-bc7c-a078de2379ba',
  'accept-language' => 'zh-CN,zh;q=0.9',
  'accept-encoding' => 'gzip, deflate, br',
  'referer' => 'http://127.0.0.2/index/user/index.html',
  'accept' => 'text/html,application/xhtml+xml,application/xml;q=0.9,image/webp,image/apng,*/*;q=0.8',
  'user-agent' => 'Mozilla/5.0 (Windows NT 10.0; Win64; x64) AppleWebKit/537.36 (KHTML, like Gecko) Chrome/70.0.3538.67 Safari/537.36',
  'upgrade-insecure-requests' => '1',
  'connection' => 'close',
  'host' => '127.0.0.2',
)
[ info ] [ PARAM ] array (
)
[ info ] [ LANG ] D:\fastadmin\public/../application/index\lang\zh-cn.php
[ info ] [ BEHAVIOR ] Run app\common\behavior\Common @module_init [ RunTime:0.001323s ]
[ info ] [ TOKEN ] INIT Mysql
[ info ] [ DB ] INIT mysql
[ info ] [ RUN ] app\index\controller\Form->pb[ D:\fastadmin\application\index\controller\Form.php ]
[ info ] [ VIEW ] D:\fastadmin\public/../application/index\view\form\pb.html [ array (
  0 => 'user',
  1 => 'site',
  2 => 'config',
) ]
[ info ] [ LOG ] INIT File
[ sql ] [ DB ] CONNECT:[ UseTime:0.010443s ] mysql:host=127.0.0.2;dbname=schedule;charset=utf8
[ sql ] [ SQL ] SHOW COLUMNS FROM `sd_user_token` [ RunTime:0.000948s ]
[ sql ] [ SQL ] SELECT * FROM `sd_user_token` WHERE  `token` = '1e3a99f137ce511404bb0cf5dfaef8bcd0929140' LIMIT 1 [ RunTime:0.000440s ]
[ sql ] [ SQL ] SHOW COLUMNS FROM `sd_user` [ RunTime:0.001271s ]
[ sql ] [ SQL ] SELECT * FROM `sd_user` WHERE  `id` = 1 LIMIT 1 [ RunTime:0.000599s ]
---------------------------------------------------------------
[ 2019-04-15T23:56:14+08:00 ] 127.0.0.1 GET 127.0.0.2/index/user/index.html
[运行时间：0.069613s] [吞吐率：14.37req/s] [内存消耗：3,153.90kb] [文件加载：76]
[ info ] [ BEHAVIOR ] Run Closure @app_init [ RunTime:0.000016s ]
[ info ] [ CACHE ] INIT File
[ info ] [ BEHAVIOR ] Run Closure @app_init [ RunTime:0.002111s ]
[ info ] [ LANG ] D:\fastadmin\thinkphp\lang\zh-cn.php
[ info ] [ ROUTE ] array (
  'type' => 'module',
  'module' => 
  array (
    0 => 'index',
    1 => 'user',
    2 => 'index',
  ),
)
[ info ] [ HEADER ] array (
  'cookie' => 'Hm_lvt_f8d0a8c400404989e195270b0bbf060a=1554814376; uid=1; token=16a21bfc-008a-4680-bc7c-a078de2379ba',
  'accept-language' => 'zh-CN,zh;q=0.9',
  'accept-encoding' => 'gzip, deflate, br',
  'referer' => 'http://127.0.0.2/index/user/login.html',
  'accept' => 'text/html,application/xhtml+xml,application/xml;q=0.9,image/webp,image/apng,*/*;q=0.8',
  'user-agent' => 'Mozilla/5.0 (Windows NT 10.0; Win64; x64) AppleWebKit/537.36 (KHTML, like Gecko) Chrome/70.0.3538.67 Safari/537.36',
  'upgrade-insecure-requests' => '1',
  'cache-control' => 'max-age=0',
  'connection' => 'close',
  'host' => '127.0.0.2',
)
[ info ] [ PARAM ] array (
)
[ info ] [ LANG ] D:\fastadmin\public/../application/index\lang\zh-cn.php
[ info ] [ BEHAVIOR ] Run app\common\behavior\Common @module_init [ RunTime:0.001316s ]
[ info ] [ TOKEN ] INIT Mysql
[ info ] [ DB ] INIT mysql
[ info ] [ LANG ] D:\fastadmin\public/../application/index/lang/zh-cn/user.php
[ info ] [ RUN ] app\index\controller\User->index[ D:\fastadmin\application\index\controller\User.php ]
[ info ] [ VIEW ] D:\fastadmin\public/../application/index\view\user\index.html [ array (
  0 => 'user',
  1 => 'site',
  2 => 'config',
  3 => 'title',
) ]
[ info ] [ LOG ] INIT File
[ sql ] [ DB ] CONNECT:[ UseTime:0.011233s ] mysql:host=127.0.0.2;dbname=schedule;charset=utf8
[ sql ] [ SQL ] SHOW COLUMNS FROM `sd_user_token` [ RunTime:0.000930s ]
[ sql ] [ SQL ] SELECT * FROM `sd_user_token` WHERE  `token` = '1e3a99f137ce511404bb0cf5dfaef8bcd0929140' LIMIT 1 [ RunTime:0.000435s ]
[ sql ] [ SQL ] SHOW COLUMNS FROM `sd_user` [ RunTime:0.001063s ]
[ sql ] [ SQL ] SELECT * FROM `sd_user` WHERE  `id` = 1 LIMIT 1 [ RunTime:0.000640s ]
---------------------------------------------------------------
[ 2019-04-15T23:56:14+08:00 ] 127.0.0.1 GET 127.0.0.2/index/calender/main.html
[运行时间：0.048170s] [吞吐率：20.76req/s] [内存消耗：2,827.88kb] [文件加载：74]
[ info ] [ BEHAVIOR ] Run Closure @app_init [ RunTime:0.000017s ]
[ info ] [ CACHE ] INIT File
[ info ] [ BEHAVIOR ] Run Closure @app_init [ RunTime:0.005031s ]
[ info ] [ LANG ] D:\fastadmin\thinkphp\lang\zh-cn.php
[ info ] [ ROUTE ] array (
  'type' => 'module',
  'module' => 
  array (
    0 => 'index',
    1 => 'calender',
    2 => 'main',
  ),
)
[ info ] [ HEADER ] array (
  'cookie' => 'Hm_lvt_f8d0a8c400404989e195270b0bbf060a=1554814376; uid=1; token=16a21bfc-008a-4680-bc7c-a078de2379ba',
  'accept-language' => 'zh-CN,zh;q=0.9',
  'accept-encoding' => 'gzip, deflate, br',
  'referer' => 'http://127.0.0.2/index/user/index.html',
  'accept' => 'text/html,application/xhtml+xml,application/xml;q=0.9,image/webp,image/apng,*/*;q=0.8',
  'user-agent' => 'Mozilla/5.0 (Windows NT 10.0; Win64; x64) AppleWebKit/537.36 (KHTML, like Gecko) Chrome/70.0.3538.67 Safari/537.36',
  'upgrade-insecure-requests' => '1',
  'connection' => 'close',
  'host' => '127.0.0.2',
)
[ info ] [ PARAM ] array (
)
[ info ] [ LANG ] D:\fastadmin\public/../application/index\lang\zh-cn.php
[ info ] [ BEHAVIOR ] Run app\common\behavior\Common @module_init [ RunTime:0.001248s ]
[ info ] [ TOKEN ] INIT Mysql
[ info ] [ DB ] INIT mysql
[ info ] [ RUN ] app\index\controller\Calender->main[ D:\fastadmin\application\index\controller\Calender.php ]
[ info ] [ VIEW ] D:\fastadmin\public/../application/index\view\calender\main.html [ array (
  0 => 'user',
  1 => 'site',
  2 => 'config',
) ]
[ info ] [ LOG ] INIT File
[ sql ] [ DB ] CONNECT:[ UseTime:0.001560s ] mysql:host=127.0.0.2;dbname=schedule;charset=utf8
[ sql ] [ SQL ] SHOW COLUMNS FROM `sd_user_token` [ RunTime:0.000914s ]
[ sql ] [ SQL ] SELECT * FROM `sd_user_token` WHERE  `token` = '1e3a99f137ce511404bb0cf5dfaef8bcd0929140' LIMIT 1 [ RunTime:0.000371s ]
[ sql ] [ SQL ] SHOW COLUMNS FROM `sd_user` [ RunTime:0.001079s ]
[ sql ] [ SQL ] SELECT * FROM `sd_user` WHERE  `id` = 1 LIMIT 1 [ RunTime:0.000541s ]
---------------------------------------------------------------
[ 2019-04-15T23:56:14+08:00 ] 127.0.0.1 GET 127.0.0.2/index/user/libs/favicon.ico
[运行时间：0.048038s] [吞吐率：20.82req/s] [内存消耗：2,963.95kb] [文件加载：76]
[ info ] [ BEHAVIOR ] Run Closure @app_init [ RunTime:0.000016s ]
[ info ] [ CACHE ] INIT File
[ info ] [ BEHAVIOR ] Run Closure @app_init [ RunTime:0.005206s ]
[ info ] [ LANG ] D:\fastadmin\thinkphp\lang\zh-cn.php
[ info ] [ ROUTE ] array (
  'type' => 'module',
  'module' => 
  array (
    0 => 'index',
    1 => 'user',
    2 => 'libs',
  ),
)
[ info ] [ HEADER ] array (
  'cookie' => 'Hm_lvt_f8d0a8c400404989e195270b0bbf060a=1554814376; uid=1; token=16a21bfc-008a-4680-bc7c-a078de2379ba',
  'accept-language' => 'zh-CN,zh;q=0.9',
  'accept-encoding' => 'gzip, deflate, br',
  'referer' => 'http://127.0.0.2/index/user/index.html',
  'accept' => 'image/webp,image/apng,image/*,*/*;q=0.8',
  'user-agent' => 'Mozilla/5.0 (Windows NT 10.0; Win64; x64) AppleWebKit/537.36 (KHTML, like Gecko) Chrome/70.0.3538.67 Safari/537.36',
  'cache-control' => 'no-cache',
  'pragma' => 'no-cache',
  'connection' => 'close',
  'host' => '127.0.0.2',
)
[ info ] [ PARAM ] array (
)
[ info ] [ LANG ] D:\fastadmin\public/../application/index\lang\zh-cn.php
[ info ] [ BEHAVIOR ] Run app\common\behavior\Common @module_init [ RunTime:0.001464s ]
[ info ] [ TOKEN ] INIT Mysql
[ info ] [ DB ] INIT mysql
[ info ] [ LANG ] D:\fastadmin\public/../application/index/lang/zh-cn/user.php
[ info ] [ RUN ] app\index\controller\User->_empty[ D:\fastadmin\application\index\controller\User.php ]
[ info ] [ LOG ] INIT File
[ sql ] [ DB ] CONNECT:[ UseTime:0.001561s ] mysql:host=127.0.0.2;dbname=schedule;charset=utf8
[ sql ] [ SQL ] SHOW COLUMNS FROM `sd_user_token` [ RunTime:0.001003s ]
[ sql ] [ SQL ] SELECT * FROM `sd_user_token` WHERE  `token` = '1e3a99f137ce511404bb0cf5dfaef8bcd0929140' LIMIT 1 [ RunTime:0.000459s ]
[ sql ] [ SQL ] SHOW COLUMNS FROM `sd_user` [ RunTime:0.001035s ]
[ sql ] [ SQL ] SELECT * FROM `sd_user` WHERE  `id` = 1 LIMIT 1 [ RunTime:0.000475s ]
[ error ] [0]模板文件不存在:D:\fastadmin\public/../application/index\view\user\libs.html[D:\fastadmin\thinkphp\library\think\view\driver\Think.php:82]
---------------------------------------------------------------
[ 2019-04-15T23:56:59+08:00 ] 127.0.0.1 GET 127.0.0.2/index/user/index.html
[运行时间：0.093509s] [吞吐率：10.69req/s] [内存消耗：3,153.90kb] [文件加载：76]
[ info ] [ BEHAVIOR ] Run Closure @app_init [ RunTime:0.000019s ]
[ info ] [ CACHE ] INIT File
[ info ] [ BEHAVIOR ] Run Closure @app_init [ RunTime:0.002751s ]
[ info ] [ LANG ] D:\fastadmin\thinkphp\lang\zh-cn.php
[ info ] [ ROUTE ] array (
  'type' => 'module',
  'module' => 
  array (
    0 => 'index',
    1 => 'user',
    2 => 'index',
  ),
)
[ info ] [ HEADER ] array (
  'cookie' => 'Hm_lvt_f8d0a8c400404989e195270b0bbf060a=1554814376; uid=1; token=16a21bfc-008a-4680-bc7c-a078de2379ba',
  'accept-language' => 'zh-CN,zh;q=0.9',
  'accept-encoding' => 'gzip, deflate, br',
  'referer' => 'http://127.0.0.2/index/user/login.html',
  'accept' => 'text/html,application/xhtml+xml,application/xml;q=0.9,image/webp,image/apng,*/*;q=0.8',
  'user-agent' => 'Mozilla/5.0 (Windows NT 10.0; Win64; x64) AppleWebKit/537.36 (KHTML, like Gecko) Chrome/70.0.3538.67 Safari/537.36',
  'upgrade-insecure-requests' => '1',
  'cache-control' => 'max-age=0',
  'connection' => 'close',
  'host' => '127.0.0.2',
)
[ info ] [ PARAM ] array (
)
[ info ] [ LANG ] D:\fastadmin\public/../application/index\lang\zh-cn.php
[ info ] [ BEHAVIOR ] Run app\common\behavior\Common @module_init [ RunTime:0.001910s ]
[ info ] [ TOKEN ] INIT Mysql
[ info ] [ DB ] INIT mysql
[ info ] [ LANG ] D:\fastadmin\public/../application/index/lang/zh-cn/user.php
[ info ] [ RUN ] app\index\controller\User->index[ D:\fastadmin\application\index\controller\User.php ]
[ info ] [ VIEW ] D:\fastadmin\public/../application/index\view\user\index.html [ array (
  0 => 'user',
  1 => 'site',
  2 => 'config',
  3 => 'title',
) ]
[ info ] [ LOG ] INIT File
[ sql ] [ DB ] CONNECT:[ UseTime:0.001004s ] mysql:host=127.0.0.2;dbname=schedule;charset=utf8
[ sql ] [ SQL ] SHOW COLUMNS FROM `sd_user_token` [ RunTime:0.000829s ]
[ sql ] [ SQL ] SELECT * FROM `sd_user_token` WHERE  `token` = '1e3a99f137ce511404bb0cf5dfaef8bcd0929140' LIMIT 1 [ RunTime:0.000340s ]
[ sql ] [ SQL ] SHOW COLUMNS FROM `sd_user` [ RunTime:0.001112s ]
[ sql ] [ SQL ] SELECT * FROM `sd_user` WHERE  `id` = 1 LIMIT 1 [ RunTime:0.000498s ]
---------------------------------------------------------------
[ 2019-04-15T23:56:59+08:00 ] 127.0.0.1 GET 127.0.0.2/index/calender/main.html
[运行时间：0.047194s] [吞吐率：21.19req/s] [内存消耗：2,827.88kb] [文件加载：74]
[ info ] [ BEHAVIOR ] Run Closure @app_init [ RunTime:0.000017s ]
[ info ] [ CACHE ] INIT File
[ info ] [ BEHAVIOR ] Run Closure @app_init [ RunTime:0.002812s ]
[ info ] [ LANG ] D:\fastadmin\thinkphp\lang\zh-cn.php
[ info ] [ ROUTE ] array (
  'type' => 'module',
  'module' => 
  array (
    0 => 'index',
    1 => 'calender',
    2 => 'main',
  ),
)
[ info ] [ HEADER ] array (
  'cookie' => 'Hm_lvt_f8d0a8c400404989e195270b0bbf060a=1554814376; uid=1; token=16a21bfc-008a-4680-bc7c-a078de2379ba',
  'accept-language' => 'zh-CN,zh;q=0.9',
  'accept-encoding' => 'gzip, deflate, br',
  'referer' => 'http://127.0.0.2/index/user/index.html',
  'accept' => 'text/html,application/xhtml+xml,application/xml;q=0.9,image/webp,image/apng,*/*;q=0.8',
  'user-agent' => 'Mozilla/5.0 (Windows NT 10.0; Win64; x64) AppleWebKit/537.36 (KHTML, like Gecko) Chrome/70.0.3538.67 Safari/537.36',
  'upgrade-insecure-requests' => '1',
  'connection' => 'close',
  'host' => '127.0.0.2',
)
[ info ] [ PARAM ] array (
)
[ info ] [ LANG ] D:\fastadmin\public/../application/index\lang\zh-cn.php
[ info ] [ BEHAVIOR ] Run app\common\behavior\Common @module_init [ RunTime:0.001194s ]
[ info ] [ TOKEN ] INIT Mysql
[ info ] [ DB ] INIT mysql
[ info ] [ RUN ] app\index\controller\Calender->main[ D:\fastadmin\application\index\controller\Calender.php ]
[ info ] [ VIEW ] D:\fastadmin\public/../application/index\view\calender\main.html [ array (
  0 => 'user',
  1 => 'site',
  2 => 'config',
) ]
[ info ] [ LOG ] INIT File
[ sql ] [ DB ] CONNECT:[ UseTime:0.005567s ] mysql:host=127.0.0.2;dbname=schedule;charset=utf8
[ sql ] [ SQL ] SHOW COLUMNS FROM `sd_user_token` [ RunTime:0.001435s ]
[ sql ] [ SQL ] SELECT * FROM `sd_user_token` WHERE  `token` = '1e3a99f137ce511404bb0cf5dfaef8bcd0929140' LIMIT 1 [ RunTime:0.000317s ]
[ sql ] [ SQL ] SHOW COLUMNS FROM `sd_user` [ RunTime:0.001008s ]
[ sql ] [ SQL ] SELECT * FROM `sd_user` WHERE  `id` = 1 LIMIT 1 [ RunTime:0.000486s ]
---------------------------------------------------------------
[ 2019-04-15T23:57:00+08:00 ] 127.0.0.1 GET 127.0.0.2/index/user/libs/favicon.ico
[运行时间：0.058709s] [吞吐率：17.03req/s] [内存消耗：2,963.95kb] [文件加载：76]
[ info ] [ BEHAVIOR ] Run Closure @app_init [ RunTime:0.000044s ]
[ info ] [ CACHE ] INIT File
[ info ] [ BEHAVIOR ] Run Closure @app_init [ RunTime:0.003041s ]
[ info ] [ LANG ] D:\fastadmin\thinkphp\lang\zh-cn.php
[ info ] [ ROUTE ] array (
  'type' => 'module',
  'module' => 
  array (
    0 => 'index',
    1 => 'user',
    2 => 'libs',
  ),
)
[ info ] [ HEADER ] array (
  'cookie' => 'Hm_lvt_f8d0a8c400404989e195270b0bbf060a=1554814376; uid=1; token=16a21bfc-008a-4680-bc7c-a078de2379ba',
  'accept-language' => 'zh-CN,zh;q=0.9',
  'accept-encoding' => 'gzip, deflate, br',
  'referer' => 'http://127.0.0.2/index/user/index.html',
  'accept' => 'image/webp,image/apng,image/*,*/*;q=0.8',
  'user-agent' => 'Mozilla/5.0 (Windows NT 10.0; Win64; x64) AppleWebKit/537.36 (KHTML, like Gecko) Chrome/70.0.3538.67 Safari/537.36',
  'cache-control' => 'no-cache',
  'pragma' => 'no-cache',
  'connection' => 'close',
  'host' => '127.0.0.2',
)
[ info ] [ PARAM ] array (
)
[ info ] [ LANG ] D:\fastadmin\public/../application/index\lang\zh-cn.php
[ info ] [ BEHAVIOR ] Run app\common\behavior\Common @module_init [ RunTime:0.001292s ]
[ info ] [ TOKEN ] INIT Mysql
[ info ] [ DB ] INIT mysql
[ info ] [ LANG ] D:\fastadmin\public/../application/index/lang/zh-cn/user.php
[ info ] [ RUN ] app\index\controller\User->_empty[ D:\fastadmin\application\index\controller\User.php ]
[ info ] [ LOG ] INIT File
[ sql ] [ DB ] CONNECT:[ UseTime:0.001168s ] mysql:host=127.0.0.2;dbname=schedule;charset=utf8
[ sql ] [ SQL ] SHOW COLUMNS FROM `sd_user_token` [ RunTime:0.000752s ]
[ sql ] [ SQL ] SELECT * FROM `sd_user_token` WHERE  `token` = '1e3a99f137ce511404bb0cf5dfaef8bcd0929140' LIMIT 1 [ RunTime:0.000236s ]
[ sql ] [ SQL ] SHOW COLUMNS FROM `sd_user` [ RunTime:0.000779s ]
[ sql ] [ SQL ] SELECT * FROM `sd_user` WHERE  `id` = 1 LIMIT 1 [ RunTime:0.000313s ]
[ error ] [0]模板文件不存在:D:\fastadmin\public/../application/index\view\user\libs.html[D:\fastadmin\thinkphp\library\think\view\driver\Think.php:82]
---------------------------------------------------------------
[ 2019-04-15T23:57:40+08:00 ] 127.0.0.1 GET 127.0.0.2/index/user/index.html
[运行时间：0.084089s] [吞吐率：11.89req/s] [内存消耗：3,153.90kb] [文件加载：76]
[ info ] [ BEHAVIOR ] Run Closure @app_init [ RunTime:0.000016s ]
[ info ] [ CACHE ] INIT File
[ info ] [ BEHAVIOR ] Run Closure @app_init [ RunTime:0.004112s ]
[ info ] [ LANG ] D:\fastadmin\thinkphp\lang\zh-cn.php
[ info ] [ ROUTE ] array (
  'type' => 'module',
  'module' => 
  array (
    0 => 'index',
    1 => 'user',
    2 => 'index',
  ),
)
[ info ] [ HEADER ] array (
  'cookie' => 'Hm_lvt_f8d0a8c400404989e195270b0bbf060a=1554814376; uid=1; token=16a21bfc-008a-4680-bc7c-a078de2379ba',
  'accept-language' => 'zh-CN,zh;q=0.9',
  'accept-encoding' => 'gzip, deflate, br',
  'referer' => 'http://127.0.0.2/index/user/login.html',
  'accept' => 'text/html,application/xhtml+xml,application/xml;q=0.9,image/webp,image/apng,*/*;q=0.8',
  'user-agent' => 'Mozilla/5.0 (Windows NT 10.0; Win64; x64) AppleWebKit/537.36 (KHTML, like Gecko) Chrome/70.0.3538.67 Safari/537.36',
  'upgrade-insecure-requests' => '1',
  'cache-control' => 'max-age=0',
  'connection' => 'close',
  'host' => '127.0.0.2',
)
[ info ] [ PARAM ] array (
)
[ info ] [ LANG ] D:\fastadmin\public/../application/index\lang\zh-cn.php
[ info ] [ BEHAVIOR ] Run app\common\behavior\Common @module_init [ RunTime:0.001474s ]
[ info ] [ TOKEN ] INIT Mysql
[ info ] [ DB ] INIT mysql
[ info ] [ LANG ] D:\fastadmin\public/../application/index/lang/zh-cn/user.php
[ info ] [ RUN ] app\index\controller\User->index[ D:\fastadmin\application\index\controller\User.php ]
[ info ] [ VIEW ] D:\fastadmin\public/../application/index\view\user\index.html [ array (
  0 => 'user',
  1 => 'site',
  2 => 'config',
  3 => 'title',
) ]
[ info ] [ LOG ] INIT File
[ sql ] [ DB ] CONNECT:[ UseTime:0.011663s ] mysql:host=127.0.0.2;dbname=schedule;charset=utf8
[ sql ] [ SQL ] SHOW COLUMNS FROM `sd_user_token` [ RunTime:0.001312s ]
[ sql ] [ SQL ] SELECT * FROM `sd_user_token` WHERE  `token` = '1e3a99f137ce511404bb0cf5dfaef8bcd0929140' LIMIT 1 [ RunTime:0.000592s ]
[ sql ] [ SQL ] SHOW COLUMNS FROM `sd_user` [ RunTime:0.001043s ]
[ sql ] [ SQL ] SELECT * FROM `sd_user` WHERE  `id` = 1 LIMIT 1 [ RunTime:0.000675s ]
---------------------------------------------------------------
[ 2019-04-15T23:57:40+08:00 ] 127.0.0.1 GET 127.0.0.2/index/calender/main.html
[运行时间：0.048900s] [吞吐率：20.45req/s] [内存消耗：2,827.88kb] [文件加载：74]
[ info ] [ BEHAVIOR ] Run Closure @app_init [ RunTime:0.000016s ]
[ info ] [ CACHE ] INIT File
[ info ] [ BEHAVIOR ] Run Closure @app_init [ RunTime:0.003443s ]
[ info ] [ LANG ] D:\fastadmin\thinkphp\lang\zh-cn.php
[ info ] [ ROUTE ] array (
  'type' => 'module',
  'module' => 
  array (
    0 => 'index',
    1 => 'calender',
    2 => 'main',
  ),
)
[ info ] [ HEADER ] array (
  'cookie' => 'Hm_lvt_f8d0a8c400404989e195270b0bbf060a=1554814376; uid=1; token=16a21bfc-008a-4680-bc7c-a078de2379ba',
  'accept-language' => 'zh-CN,zh;q=0.9',
  'accept-encoding' => 'gzip, deflate, br',
  'referer' => 'http://127.0.0.2/index/user/index.html',
  'accept' => 'text/html,application/xhtml+xml,application/xml;q=0.9,image/webp,image/apng,*/*;q=0.8',
  'user-agent' => 'Mozilla/5.0 (Windows NT 10.0; Win64; x64) AppleWebKit/537.36 (KHTML, like Gecko) Chrome/70.0.3538.67 Safari/537.36',
  'upgrade-insecure-requests' => '1',
  'connection' => 'close',
  'host' => '127.0.0.2',
)
[ info ] [ PARAM ] array (
)
[ info ] [ LANG ] D:\fastadmin\public/../application/index\lang\zh-cn.php
[ info ] [ BEHAVIOR ] Run app\common\behavior\Common @module_init [ RunTime:0.001742s ]
[ info ] [ TOKEN ] INIT Mysql
[ info ] [ DB ] INIT mysql
[ info ] [ RUN ] app\index\controller\Calender->main[ D:\fastadmin\application\index\controller\Calender.php ]
[ info ] [ VIEW ] D:\fastadmin\public/../application/index\view\calender\main.html [ array (
  0 => 'user',
  1 => 'site',
  2 => 'config',
) ]
[ info ] [ LOG ] INIT File
[ sql ] [ DB ] CONNECT:[ UseTime:0.000980s ] mysql:host=127.0.0.2;dbname=schedule;charset=utf8
[ sql ] [ SQL ] SHOW COLUMNS FROM `sd_user_token` [ RunTime:0.000881s ]
[ sql ] [ SQL ] SELECT * FROM `sd_user_token` WHERE  `token` = '1e3a99f137ce511404bb0cf5dfaef8bcd0929140' LIMIT 1 [ RunTime:0.000417s ]
[ sql ] [ SQL ] SHOW COLUMNS FROM `sd_user` [ RunTime:0.001249s ]
[ sql ] [ SQL ] SELECT * FROM `sd_user` WHERE  `id` = 1 LIMIT 1 [ RunTime:0.000413s ]
---------------------------------------------------------------
[ 2019-04-15T23:57:40+08:00 ] 127.0.0.1 GET 127.0.0.2/index/user/libs/favicon.ico
[运行时间：0.052661s] [吞吐率：18.99req/s] [内存消耗：2,963.95kb] [文件加载：76]
[ info ] [ BEHAVIOR ] Run Closure @app_init [ RunTime:0.000025s ]
[ info ] [ CACHE ] INIT File
[ info ] [ BEHAVIOR ] Run Closure @app_init [ RunTime:0.004171s ]
[ info ] [ LANG ] D:\fastadmin\thinkphp\lang\zh-cn.php
[ info ] [ ROUTE ] array (
  'type' => 'module',
  'module' => 
  array (
    0 => 'index',
    1 => 'user',
    2 => 'libs',
  ),
)
[ info ] [ HEADER ] array (
  'cookie' => 'Hm_lvt_f8d0a8c400404989e195270b0bbf060a=1554814376; uid=1; token=16a21bfc-008a-4680-bc7c-a078de2379ba',
  'accept-language' => 'zh-CN,zh;q=0.9',
  'accept-encoding' => 'gzip, deflate, br',
  'referer' => 'http://127.0.0.2/index/user/index.html',
  'accept' => 'image/webp,image/apng,image/*,*/*;q=0.8',
  'user-agent' => 'Mozilla/5.0 (Windows NT 10.0; Win64; x64) AppleWebKit/537.36 (KHTML, like Gecko) Chrome/70.0.3538.67 Safari/537.36',
  'cache-control' => 'no-cache',
  'pragma' => 'no-cache',
  'connection' => 'close',
  'host' => '127.0.0.2',
)
[ info ] [ PARAM ] array (
)
[ info ] [ LANG ] D:\fastadmin\public/../application/index\lang\zh-cn.php
[ info ] [ BEHAVIOR ] Run app\common\behavior\Common @module_init [ RunTime:0.001196s ]
[ info ] [ TOKEN ] INIT Mysql
[ info ] [ DB ] INIT mysql
[ info ] [ LANG ] D:\fastadmin\public/../application/index/lang/zh-cn/user.php
[ info ] [ RUN ] app\index\controller\User->_empty[ D:\fastadmin\application\index\controller\User.php ]
[ info ] [ LOG ] INIT File
[ sql ] [ DB ] CONNECT:[ UseTime:0.002560s ] mysql:host=127.0.0.2;dbname=schedule;charset=utf8
[ sql ] [ SQL ] SHOW COLUMNS FROM `sd_user_token` [ RunTime:0.000646s ]
[ sql ] [ SQL ] SELECT * FROM `sd_user_token` WHERE  `token` = '1e3a99f137ce511404bb0cf5dfaef8bcd0929140' LIMIT 1 [ RunTime:0.000242s ]
[ sql ] [ SQL ] SHOW COLUMNS FROM `sd_user` [ RunTime:0.001194s ]
[ sql ] [ SQL ] SELECT * FROM `sd_user` WHERE  `id` = 1 LIMIT 1 [ RunTime:0.000432s ]
[ error ] [0]模板文件不存在:D:\fastadmin\public/../application/index\view\user\libs.html[D:\fastadmin\thinkphp\library\think\view\driver\Think.php:82]
---------------------------------------------------------------
[ 2019-04-15T23:57:40+08:00 ] 127.0.0.1 GET 127.0.0.2/index/user/index.html
[运行时间：0.049644s] [吞吐率：20.14req/s] [内存消耗：2,917.83kb] [文件加载：74]
[ info ] [ BEHAVIOR ] Run Closure @app_init [ RunTime:0.000016s ]
[ info ] [ CACHE ] INIT File
[ info ] [ BEHAVIOR ] Run Closure @app_init [ RunTime:0.004088s ]
[ info ] [ LANG ] D:\fastadmin\thinkphp\lang\zh-cn.php
[ info ] [ ROUTE ] array (
  'type' => 'module',
  'module' => 
  array (
    0 => 'index',
    1 => 'user',
    2 => 'index',
  ),
)
[ info ] [ HEADER ] array (
  'cookie' => 'Hm_lvt_f8d0a8c400404989e195270b0bbf060a=1554814376; uid=1; token=16a21bfc-008a-4680-bc7c-a078de2379ba',
  'accept-language' => 'zh-CN,zh;q=0.9',
  'accept-encoding' => 'gzip, deflate, br',
  'referer' => 'http://127.0.0.2/index/user/login.html',
  'accept' => 'text/html,application/xhtml+xml,application/xml;q=0.9,image/webp,image/apng,*/*;q=0.8',
  'user-agent' => 'Mozilla/5.0 (Windows NT 10.0; Win64; x64) AppleWebKit/537.36 (KHTML, like Gecko) Chrome/70.0.3538.67 Safari/537.36',
  'upgrade-insecure-requests' => '1',
  'cache-control' => 'max-age=0',
  'connection' => 'close',
  'host' => '127.0.0.2',
)
[ info ] [ PARAM ] array (
)
[ info ] [ LANG ] D:\fastadmin\public/../application/index\lang\zh-cn.php
[ info ] [ BEHAVIOR ] Run app\common\behavior\Common @module_init [ RunTime:0.001664s ]
[ info ] [ TOKEN ] INIT Mysql
[ info ] [ DB ] INIT mysql
[ info ] [ LANG ] D:\fastadmin\public/../application/index/lang/zh-cn/user.php
[ info ] [ RUN ] app\index\controller\User->index[ D:\fastadmin\application\index\controller\User.php ]
[ info ] [ VIEW ] D:\fastadmin\public/../application/index\view\user\index.html [ array (
  0 => 'user',
  1 => 'site',
  2 => 'config',
  3 => 'title',
) ]
[ info ] [ LOG ] INIT File
[ sql ] [ DB ] CONNECT:[ UseTime:0.001164s ] mysql:host=127.0.0.2;dbname=schedule;charset=utf8
[ sql ] [ SQL ] SHOW COLUMNS FROM `sd_user_token` [ RunTime:0.000953s ]
[ sql ] [ SQL ] SELECT * FROM `sd_user_token` WHERE  `token` = '1e3a99f137ce511404bb0cf5dfaef8bcd0929140' LIMIT 1 [ RunTime:0.000612s ]
[ sql ] [ SQL ] SHOW COLUMNS FROM `sd_user` [ RunTime:0.001028s ]
[ sql ] [ SQL ] SELECT * FROM `sd_user` WHERE  `id` = 1 LIMIT 1 [ RunTime:0.000523s ]
---------------------------------------------------------------
[ 2019-04-15T23:57:41+08:00 ] 127.0.0.1 GET 127.0.0.2/index/calender/main.html
[运行时间：0.052048s] [吞吐率：19.21req/s] [内存消耗：2,827.88kb] [文件加载：74]
[ info ] [ BEHAVIOR ] Run Closure @app_init [ RunTime:0.000039s ]
[ info ] [ CACHE ] INIT File
[ info ] [ BEHAVIOR ] Run Closure @app_init [ RunTime:0.002934s ]
[ info ] [ LANG ] D:\fastadmin\thinkphp\lang\zh-cn.php
[ info ] [ ROUTE ] array (
  'type' => 'module',
  'module' => 
  array (
    0 => 'index',
    1 => 'calender',
    2 => 'main',
  ),
)
[ info ] [ HEADER ] array (
  'cookie' => 'Hm_lvt_f8d0a8c400404989e195270b0bbf060a=1554814376; uid=1; token=16a21bfc-008a-4680-bc7c-a078de2379ba',
  'accept-language' => 'zh-CN,zh;q=0.9',
  'accept-encoding' => 'gzip, deflate, br',
  'referer' => 'http://127.0.0.2/index/user/index.html',
  'accept' => 'text/html,application/xhtml+xml,application/xml;q=0.9,image/webp,image/apng,*/*;q=0.8',
  'user-agent' => 'Mozilla/5.0 (Windows NT 10.0; Win64; x64) AppleWebKit/537.36 (KHTML, like Gecko) Chrome/70.0.3538.67 Safari/537.36',
  'upgrade-insecure-requests' => '1',
  'connection' => 'close',
  'host' => '127.0.0.2',
)
[ info ] [ PARAM ] array (
)
[ info ] [ LANG ] D:\fastadmin\public/../application/index\lang\zh-cn.php
[ info ] [ BEHAVIOR ] Run app\common\behavior\Common @module_init [ RunTime:0.001394s ]
[ info ] [ TOKEN ] INIT Mysql
[ info ] [ DB ] INIT mysql
[ info ] [ RUN ] app\index\controller\Calender->main[ D:\fastadmin\application\index\controller\Calender.php ]
[ info ] [ VIEW ] D:\fastadmin\public/../application/index\view\calender\main.html [ array (
  0 => 'user',
  1 => 'site',
  2 => 'config',
) ]
[ info ] [ LOG ] INIT File
[ sql ] [ DB ] CONNECT:[ UseTime:0.000874s ] mysql:host=127.0.0.2;dbname=schedule;charset=utf8
[ sql ] [ SQL ] SHOW COLUMNS FROM `sd_user_token` [ RunTime:0.000890s ]
[ sql ] [ SQL ] SELECT * FROM `sd_user_token` WHERE  `token` = '1e3a99f137ce511404bb0cf5dfaef8bcd0929140' LIMIT 1 [ RunTime:0.000348s ]
[ sql ] [ SQL ] SHOW COLUMNS FROM `sd_user` [ RunTime:0.001241s ]
[ sql ] [ SQL ] SELECT * FROM `sd_user` WHERE  `id` = 1 LIMIT 1 [ RunTime:0.003480s ]
---------------------------------------------------------------
[ 2019-04-15T23:57:41+08:00 ] 127.0.0.1 GET 127.0.0.2/index/user/libs/favicon.ico
[运行时间：0.048267s] [吞吐率：20.72req/s] [内存消耗：2,963.95kb] [文件加载：76]
[ info ] [ BEHAVIOR ] Run Closure @app_init [ RunTime:0.000018s ]
[ info ] [ CACHE ] INIT File
[ info ] [ BEHAVIOR ] Run Closure @app_init [ RunTime:0.002807s ]
[ info ] [ LANG ] D:\fastadmin\thinkphp\lang\zh-cn.php
[ info ] [ ROUTE ] array (
  'type' => 'module',
  'module' => 
  array (
    0 => 'index',
    1 => 'user',
    2 => 'libs',
  ),
)
[ info ] [ HEADER ] array (
  'cookie' => 'Hm_lvt_f8d0a8c400404989e195270b0bbf060a=1554814376; uid=1; token=16a21bfc-008a-4680-bc7c-a078de2379ba',
  'accept-language' => 'zh-CN,zh;q=0.9',
  'accept-encoding' => 'gzip, deflate, br',
  'referer' => 'http://127.0.0.2/index/user/index.html',
  'accept' => 'image/webp,image/apng,image/*,*/*;q=0.8',
  'user-agent' => 'Mozilla/5.0 (Windows NT 10.0; Win64; x64) AppleWebKit/537.36 (KHTML, like Gecko) Chrome/70.0.3538.67 Safari/537.36',
  'cache-control' => 'no-cache',
  'pragma' => 'no-cache',
  'connection' => 'close',
  'host' => '127.0.0.2',
)
[ info ] [ PARAM ] array (
)
[ info ] [ LANG ] D:\fastadmin\public/../application/index\lang\zh-cn.php
[ info ] [ BEHAVIOR ] Run app\common\behavior\Common @module_init [ RunTime:0.002974s ]
[ info ] [ TOKEN ] INIT Mysql
[ info ] [ DB ] INIT mysql
[ info ] [ LANG ] D:\fastadmin\public/../application/index/lang/zh-cn/user.php
[ info ] [ RUN ] app\index\controller\User->_empty[ D:\fastadmin\application\index\controller\User.php ]
[ info ] [ LOG ] INIT File
[ sql ] [ DB ] CONNECT:[ UseTime:0.001252s ] mysql:host=127.0.0.2;dbname=schedule;charset=utf8
[ sql ] [ SQL ] SHOW COLUMNS FROM `sd_user_token` [ RunTime:0.000900s ]
[ sql ] [ SQL ] SELECT * FROM `sd_user_token` WHERE  `token` = '1e3a99f137ce511404bb0cf5dfaef8bcd0929140' LIMIT 1 [ RunTime:0.000347s ]
[ sql ] [ SQL ] SHOW COLUMNS FROM `sd_user` [ RunTime:0.000911s ]
[ sql ] [ SQL ] SELECT * FROM `sd_user` WHERE  `id` = 1 LIMIT 1 [ RunTime:0.000370s ]
[ error ] [0]模板文件不存在:D:\fastadmin\public/../application/index\view\user\libs.html[D:\fastadmin\thinkphp\library\think\view\driver\Think.php:82]
---------------------------------------------------------------
[ 2019-04-15T23:58:42+08:00 ] 127.0.0.1 GET 127.0.0.2/index/user/index.html
[运行时间：0.072797s] [吞吐率：13.74req/s] [内存消耗：3,169.90kb] [文件加载：76]
[ info ] [ BEHAVIOR ] Run Closure @app_init [ RunTime:0.000036s ]
[ info ] [ CACHE ] INIT File
[ info ] [ BEHAVIOR ] Run Closure @app_init [ RunTime:0.003129s ]
[ info ] [ LANG ] D:\fastadmin\thinkphp\lang\zh-cn.php
[ info ] [ ROUTE ] array (
  'type' => 'module',
  'module' => 
  array (
    0 => 'index',
    1 => 'user',
    2 => 'index',
  ),
)
[ info ] [ HEADER ] array (
  'cookie' => 'Hm_lvt_f8d0a8c400404989e195270b0bbf060a=1554814376; uid=1; token=16a21bfc-008a-4680-bc7c-a078de2379ba',
  'accept-language' => 'zh-CN,zh;q=0.9',
  'accept-encoding' => 'gzip, deflate, br',
  'referer' => 'http://127.0.0.2/index/user/login.html',
  'accept' => 'text/html,application/xhtml+xml,application/xml;q=0.9,image/webp,image/apng,*/*;q=0.8',
  'user-agent' => 'Mozilla/5.0 (Windows NT 10.0; Win64; x64) AppleWebKit/537.36 (KHTML, like Gecko) Chrome/70.0.3538.67 Safari/537.36',
  'upgrade-insecure-requests' => '1',
  'cache-control' => 'max-age=0',
  'connection' => 'close',
  'host' => '127.0.0.2',
)
[ info ] [ PARAM ] array (
)
[ info ] [ LANG ] D:\fastadmin\public/../application/index\lang\zh-cn.php
[ info ] [ BEHAVIOR ] Run app\common\behavior\Common @module_init [ RunTime:0.001146s ]
[ info ] [ TOKEN ] INIT Mysql
[ info ] [ DB ] INIT mysql
[ info ] [ LANG ] D:\fastadmin\public/../application/index/lang/zh-cn/user.php
[ info ] [ RUN ] app\index\controller\User->index[ D:\fastadmin\application\index\controller\User.php ]
[ info ] [ VIEW ] D:\fastadmin\public/../application/index\view\user\index.html [ array (
  0 => 'user',
  1 => 'site',
  2 => 'config',
  3 => 'title',
) ]
[ info ] [ LOG ] INIT File
[ sql ] [ DB ] CONNECT:[ UseTime:0.001884s ] mysql:host=127.0.0.2;dbname=schedule;charset=utf8
[ sql ] [ SQL ] SHOW COLUMNS FROM `sd_user_token` [ RunTime:0.002407s ]
[ sql ] [ SQL ] SELECT * FROM `sd_user_token` WHERE  `token` = '1e3a99f137ce511404bb0cf5dfaef8bcd0929140' LIMIT 1 [ RunTime:0.000637s ]
[ sql ] [ SQL ] SHOW COLUMNS FROM `sd_user` [ RunTime:0.001101s ]
[ sql ] [ SQL ] SELECT * FROM `sd_user` WHERE  `id` = 1 LIMIT 1 [ RunTime:0.000738s ]
---------------------------------------------------------------
[ 2019-04-15T23:58:42+08:00 ] 127.0.0.1 GET 127.0.0.2/index/calender/main.html
[运行时间：0.051237s] [吞吐率：19.52req/s] [内存消耗：2,827.88kb] [文件加载：74]
[ info ] [ BEHAVIOR ] Run Closure @app_init [ RunTime:0.000021s ]
[ info ] [ CACHE ] INIT File
[ info ] [ BEHAVIOR ] Run Closure @app_init [ RunTime:0.002182s ]
[ info ] [ LANG ] D:\fastadmin\thinkphp\lang\zh-cn.php
[ info ] [ ROUTE ] array (
  'type' => 'module',
  'module' => 
  array (
    0 => 'index',
    1 => 'calender',
    2 => 'main',
  ),
)
[ info ] [ HEADER ] array (
  'cookie' => 'Hm_lvt_f8d0a8c400404989e195270b0bbf060a=1554814376; uid=1; token=16a21bfc-008a-4680-bc7c-a078de2379ba',
  'accept-language' => 'zh-CN,zh;q=0.9',
  'accept-encoding' => 'gzip, deflate, br',
  'referer' => 'http://127.0.0.2/index/user/index.html',
  'accept' => 'text/html,application/xhtml+xml,application/xml;q=0.9,image/webp,image/apng,*/*;q=0.8',
  'user-agent' => 'Mozilla/5.0 (Windows NT 10.0; Win64; x64) AppleWebKit/537.36 (KHTML, like Gecko) Chrome/70.0.3538.67 Safari/537.36',
  'upgrade-insecure-requests' => '1',
  'connection' => 'close',
  'host' => '127.0.0.2',
)
[ info ] [ PARAM ] array (
)
[ info ] [ LANG ] D:\fastadmin\public/../application/index\lang\zh-cn.php
[ info ] [ BEHAVIOR ] Run app\common\behavior\Common @module_init [ RunTime:0.001165s ]
[ info ] [ TOKEN ] INIT Mysql
[ info ] [ DB ] INIT mysql
[ info ] [ RUN ] app\index\controller\Calender->main[ D:\fastadmin\application\index\controller\Calender.php ]
[ info ] [ VIEW ] D:\fastadmin\public/../application/index\view\calender\main.html [ array (
  0 => 'user',
  1 => 'site',
  2 => 'config',
) ]
[ info ] [ LOG ] INIT File
[ sql ] [ DB ] CONNECT:[ UseTime:0.001108s ] mysql:host=127.0.0.2;dbname=schedule;charset=utf8
[ sql ] [ SQL ] SHOW COLUMNS FROM `sd_user_token` [ RunTime:0.000973s ]
[ sql ] [ SQL ] SELECT * FROM `sd_user_token` WHERE  `token` = '1e3a99f137ce511404bb0cf5dfaef8bcd0929140' LIMIT 1 [ RunTime:0.000405s ]
[ sql ] [ SQL ] SHOW COLUMNS FROM `sd_user` [ RunTime:0.001281s ]
[ sql ] [ SQL ] SELECT * FROM `sd_user` WHERE  `id` = 1 LIMIT 1 [ RunTime:0.000477s ]
---------------------------------------------------------------
[ 2019-04-15T23:58:42+08:00 ] 127.0.0.1 GET 127.0.0.2/index/user/libs/favicon.ico
[运行时间：0.052633s] [吞吐率：19.00req/s] [内存消耗：2,963.95kb] [文件加载：76]
[ info ] [ BEHAVIOR ] Run Closure @app_init [ RunTime:0.000018s ]
[ info ] [ CACHE ] INIT File
[ info ] [ BEHAVIOR ] Run Closure @app_init [ RunTime:0.002129s ]
[ info ] [ LANG ] D:\fastadmin\thinkphp\lang\zh-cn.php
[ info ] [ ROUTE ] array (
  'type' => 'module',
  'module' => 
  array (
    0 => 'index',
    1 => 'user',
    2 => 'libs',
  ),
)
[ info ] [ HEADER ] array (
  'cookie' => 'Hm_lvt_f8d0a8c400404989e195270b0bbf060a=1554814376; uid=1; token=16a21bfc-008a-4680-bc7c-a078de2379ba',
  'accept-language' => 'zh-CN,zh;q=0.9',
  'accept-encoding' => 'gzip, deflate, br',
  'referer' => 'http://127.0.0.2/index/user/index.html',
  'accept' => 'image/webp,image/apng,image/*,*/*;q=0.8',
  'user-agent' => 'Mozilla/5.0 (Windows NT 10.0; Win64; x64) AppleWebKit/537.36 (KHTML, like Gecko) Chrome/70.0.3538.67 Safari/537.36',
  'cache-control' => 'no-cache',
  'pragma' => 'no-cache',
  'connection' => 'close',
  'host' => '127.0.0.2',
)
[ info ] [ PARAM ] array (
)
[ info ] [ LANG ] D:\fastadmin\public/../application/index\lang\zh-cn.php
[ info ] [ BEHAVIOR ] Run app\common\behavior\Common @module_init [ RunTime:0.001413s ]
[ info ] [ TOKEN ] INIT Mysql
[ info ] [ DB ] INIT mysql
[ info ] [ LANG ] D:\fastadmin\public/../application/index/lang/zh-cn/user.php
[ info ] [ RUN ] app\index\controller\User->_empty[ D:\fastadmin\application\index\controller\User.php ]
[ info ] [ LOG ] INIT File
[ sql ] [ DB ] CONNECT:[ UseTime:0.001330s ] mysql:host=127.0.0.2;dbname=schedule;charset=utf8
[ sql ] [ SQL ] SHOW COLUMNS FROM `sd_user_token` [ RunTime:0.001012s ]
[ sql ] [ SQL ] SELECT * FROM `sd_user_token` WHERE  `token` = '1e3a99f137ce511404bb0cf5dfaef8bcd0929140' LIMIT 1 [ RunTime:0.000239s ]
[ sql ] [ SQL ] SHOW COLUMNS FROM `sd_user` [ RunTime:0.000986s ]
[ sql ] [ SQL ] SELECT * FROM `sd_user` WHERE  `id` = 1 LIMIT 1 [ RunTime:0.000392s ]
[ error ] [0]模板文件不存在:D:\fastadmin\public/../application/index\view\user\libs.html[D:\fastadmin\thinkphp\library\think\view\driver\Think.php:82]
---------------------------------------------------------------
[ 2019-04-15T23:58:43+08:00 ] 127.0.0.1 GET 127.0.0.2/index/user/index.html
[运行时间：0.060802s] [吞吐率：16.45req/s] [内存消耗：2,925.83kb] [文件加载：74]
[ info ] [ BEHAVIOR ] Run Closure @app_init [ RunTime:0.000029s ]
[ info ] [ CACHE ] INIT File
[ info ] [ BEHAVIOR ] Run Closure @app_init [ RunTime:0.002825s ]
[ info ] [ LANG ] D:\fastadmin\thinkphp\lang\zh-cn.php
[ info ] [ ROUTE ] array (
  'type' => 'module',
  'module' => 
  array (
    0 => 'index',
    1 => 'user',
    2 => 'index',
  ),
)
[ info ] [ HEADER ] array (
  'cookie' => 'Hm_lvt_f8d0a8c400404989e195270b0bbf060a=1554814376; uid=1; token=16a21bfc-008a-4680-bc7c-a078de2379ba',
  'accept-language' => 'zh-CN,zh;q=0.9',
  'accept-encoding' => 'gzip, deflate, br',
  'referer' => 'http://127.0.0.2/index/user/login.html',
  'accept' => 'text/html,application/xhtml+xml,application/xml;q=0.9,image/webp,image/apng,*/*;q=0.8',
  'user-agent' => 'Mozilla/5.0 (Windows NT 10.0; Win64; x64) AppleWebKit/537.36 (KHTML, like Gecko) Chrome/70.0.3538.67 Safari/537.36',
  'upgrade-insecure-requests' => '1',
  'cache-control' => 'max-age=0',
  'connection' => 'close',
  'host' => '127.0.0.2',
)
[ info ] [ PARAM ] array (
)
[ info ] [ LANG ] D:\fastadmin\public/../application/index\lang\zh-cn.php
[ info ] [ BEHAVIOR ] Run app\common\behavior\Common @module_init [ RunTime:0.001386s ]
[ info ] [ TOKEN ] INIT Mysql
[ info ] [ DB ] INIT mysql
[ info ] [ LANG ] D:\fastadmin\public/../application/index/lang/zh-cn/user.php
[ info ] [ RUN ] app\index\controller\User->index[ D:\fastadmin\application\index\controller\User.php ]
[ info ] [ VIEW ] D:\fastadmin\public/../application/index\view\user\index.html [ array (
  0 => 'user',
  1 => 'site',
  2 => 'config',
  3 => 'title',
) ]
[ info ] [ LOG ] INIT File
[ sql ] [ DB ] CONNECT:[ UseTime:0.001396s ] mysql:host=127.0.0.2;dbname=schedule;charset=utf8
[ sql ] [ SQL ] SHOW COLUMNS FROM `sd_user_token` [ RunTime:0.001207s ]
[ sql ] [ SQL ] SELECT * FROM `sd_user_token` WHERE  `token` = '1e3a99f137ce511404bb0cf5dfaef8bcd0929140' LIMIT 1 [ RunTime:0.000507s ]
[ sql ] [ SQL ] SHOW COLUMNS FROM `sd_user` [ RunTime:0.001481s ]
[ sql ] [ SQL ] SELECT * FROM `sd_user` WHERE  `id` = 1 LIMIT 1 [ RunTime:0.002110s ]
---------------------------------------------------------------
[ 2019-04-15T23:58:43+08:00 ] 127.0.0.1 GET 127.0.0.2/index/calender/main.html
[运行时间：0.052568s] [吞吐率：19.02req/s] [内存消耗：2,827.88kb] [文件加载：74]
[ info ] [ BEHAVIOR ] Run Closure @app_init [ RunTime:0.000029s ]
[ info ] [ CACHE ] INIT File
[ info ] [ BEHAVIOR ] Run Closure @app_init [ RunTime:0.006584s ]
[ info ] [ LANG ] D:\fastadmin\thinkphp\lang\zh-cn.php
[ info ] [ ROUTE ] array (
  'type' => 'module',
  'module' => 
  array (
    0 => 'index',
    1 => 'calender',
    2 => 'main',
  ),
)
[ info ] [ HEADER ] array (
  'cookie' => 'Hm_lvt_f8d0a8c400404989e195270b0bbf060a=1554814376; uid=1; token=16a21bfc-008a-4680-bc7c-a078de2379ba',
  'accept-language' => 'zh-CN,zh;q=0.9',
  'accept-encoding' => 'gzip, deflate, br',
  'referer' => 'http://127.0.0.2/index/user/index.html',
  'accept' => 'text/html,application/xhtml+xml,application/xml;q=0.9,image/webp,image/apng,*/*;q=0.8',
  'user-agent' => 'Mozilla/5.0 (Windows NT 10.0; Win64; x64) AppleWebKit/537.36 (KHTML, like Gecko) Chrome/70.0.3538.67 Safari/537.36',
  'upgrade-insecure-requests' => '1',
  'connection' => 'close',
  'host' => '127.0.0.2',
)
[ info ] [ PARAM ] array (
)
[ info ] [ LANG ] D:\fastadmin\public/../application/index\lang\zh-cn.php
[ info ] [ BEHAVIOR ] Run app\common\behavior\Common @module_init [ RunTime:0.001293s ]
[ info ] [ TOKEN ] INIT Mysql
[ info ] [ DB ] INIT mysql
[ info ] [ RUN ] app\index\controller\Calender->main[ D:\fastadmin\application\index\controller\Calender.php ]
[ info ] [ VIEW ] D:\fastadmin\public/../application/index\view\calender\main.html [ array (
  0 => 'user',
  1 => 'site',
  2 => 'config',
) ]
[ info ] [ LOG ] INIT File
[ sql ] [ DB ] CONNECT:[ UseTime:0.000879s ] mysql:host=127.0.0.2;dbname=schedule;charset=utf8
[ sql ] [ SQL ] SHOW COLUMNS FROM `sd_user_token` [ RunTime:0.000672s ]
[ sql ] [ SQL ] SELECT * FROM `sd_user_token` WHERE  `token` = '1e3a99f137ce511404bb0cf5dfaef8bcd0929140' LIMIT 1 [ RunTime:0.000355s ]
[ sql ] [ SQL ] SHOW COLUMNS FROM `sd_user` [ RunTime:0.001647s ]
[ sql ] [ SQL ] SELECT * FROM `sd_user` WHERE  `id` = 1 LIMIT 1 [ RunTime:0.000518s ]
---------------------------------------------------------------
[ 2019-04-15T23:58:43+08:00 ] 127.0.0.1 GET 127.0.0.2/index/user/libs/favicon.ico
[运行时间：0.057339s] [吞吐率：17.44req/s] [内存消耗：2,963.95kb] [文件加载：76]
[ info ] [ BEHAVIOR ] Run Closure @app_init [ RunTime:0.000020s ]
[ info ] [ CACHE ] INIT File
[ info ] [ BEHAVIOR ] Run Closure @app_init [ RunTime:0.002325s ]
[ info ] [ LANG ] D:\fastadmin\thinkphp\lang\zh-cn.php
[ info ] [ ROUTE ] array (
  'type' => 'module',
  'module' => 
  array (
    0 => 'index',
    1 => 'user',
    2 => 'libs',
  ),
)
[ info ] [ HEADER ] array (
  'cookie' => 'Hm_lvt_f8d0a8c400404989e195270b0bbf060a=1554814376; uid=1; token=16a21bfc-008a-4680-bc7c-a078de2379ba',
  'accept-language' => 'zh-CN,zh;q=0.9',
  'accept-encoding' => 'gzip, deflate, br',
  'referer' => 'http://127.0.0.2/index/user/index.html',
  'accept' => 'image/webp,image/apng,image/*,*/*;q=0.8',
  'user-agent' => 'Mozilla/5.0 (Windows NT 10.0; Win64; x64) AppleWebKit/537.36 (KHTML, like Gecko) Chrome/70.0.3538.67 Safari/537.36',
  'cache-control' => 'no-cache',
  'pragma' => 'no-cache',
  'connection' => 'close',
  'host' => '127.0.0.2',
)
[ info ] [ PARAM ] array (
)
[ info ] [ LANG ] D:\fastadmin\public/../application/index\lang\zh-cn.php
[ info ] [ BEHAVIOR ] Run app\common\behavior\Common @module_init [ RunTime:0.001537s ]
[ info ] [ TOKEN ] INIT Mysql
[ info ] [ DB ] INIT mysql
[ info ] [ LANG ] D:\fastadmin\public/../application/index/lang/zh-cn/user.php
[ info ] [ RUN ] app\index\controller\User->_empty[ D:\fastadmin\application\index\controller\User.php ]
[ info ] [ LOG ] INIT File
[ sql ] [ DB ] CONNECT:[ UseTime:0.003737s ] mysql:host=127.0.0.2;dbname=schedule;charset=utf8
[ sql ] [ SQL ] SHOW COLUMNS FROM `sd_user_token` [ RunTime:0.003120s ]
[ sql ] [ SQL ] SELECT * FROM `sd_user_token` WHERE  `token` = '1e3a99f137ce511404bb0cf5dfaef8bcd0929140' LIMIT 1 [ RunTime:0.001331s ]
[ sql ] [ SQL ] SHOW COLUMNS FROM `sd_user` [ RunTime:0.000992s ]
[ sql ] [ SQL ] SELECT * FROM `sd_user` WHERE  `id` = 1 LIMIT 1 [ RunTime:0.000383s ]
[ error ] [0]模板文件不存在:D:\fastadmin\public/../application/index\view\user\libs.html[D:\fastadmin\thinkphp\library\think\view\driver\Think.php:82]
