---------------------------------------------------------------
[ 2019-04-10T12:57:39+08:00 ] 127.0.0.1 GET 127.0.0.2/index/index/home
[运行时间：0.024716s] [吞吐率：40.46req/s] [内存消耗：1,029.96kb] [文件加载：38]
[ info ] [ LANG ] D:\fastadmin\thinkphp\lang\zh-cn.php
[ info ] [ ROUTE ] array (
  'type' => 'module',
  'module' => 
  array (
    0 => 'index',
    1 => 'index',
    2 => 'home',
  ),
)
[ info ] [ HEADER ] array (
  'cookie' => 'thinkphp_show_page_trace=0|0; PHPSESSID=367fjkrlmkteieaiu02gvt7mva; Hm_lvt_f8d0a8c400404989e195270b0bbf060a=1554814376; Hm_lpvt_f8d0a8c400404989e195270b0bbf060a=1554826911',
  'accept-language' => 'zh-CN,zh;q=0.9',
  'accept-encoding' => 'gzip, deflate, br',
  'accept' => 'text/html,application/xhtml+xml,application/xml;q=0.9,image/webp,image/apng,*/*;q=0.8',
  'user-agent' => 'Mozilla/5.0 (Windows NT 10.0; Win64; x64) AppleWebKit/537.36 (KHTML, like Gecko) Chrome/70.0.3538.67 Safari/537.36',
  'upgrade-insecure-requests' => '1',
  'cache-control' => 'max-age=0',
  'connection' => 'close',
  'host' => '127.0.0.2',
)
[ info ] [ PARAM ] array (
)
[ info ] [ LANG ] D:\fastadmin\public/../application/index\lang\zh-cn.php
[ info ] [ LOG ] INIT File
[ error ] [2]Class 'fast\Form' not found[D:\fastadmin\application\common\behavior\Common.php:63]
---------------------------------------------------------------
[ 2019-04-10T12:58:26+08:00 ] 127.0.0.1 GET 127.0.0.2/admin/dashboard?ref=addtabs
[运行时间：0.020509s] [吞吐率：48.76req/s] [内存消耗：1,068.55kb] [文件加载：41]
[ info ] [ LANG ] D:\fastadmin\thinkphp\lang\zh-cn.php
[ info ] [ ROUTE ] array (
  'type' => 'module',
  'module' => 
  array (
    0 => 'admin',
    1 => 'dashboard',
    2 => NULL,
  ),
)
[ info ] [ HEADER ] array (
  'cookie' => 'PHPSESSID=367fjkrlmkteieaiu02gvt7mva; Hm_lvt_f8d0a8c400404989e195270b0bbf060a=1554814376; Hm_lpvt_f8d0a8c400404989e195270b0bbf060a=1554826911',
  'accept-language' => 'zh-CN,zh;q=0.9',
  'accept-encoding' => 'gzip, deflate, br',
  'accept' => 'text/html,application/xhtml+xml,application/xml;q=0.9,image/webp,image/apng,*/*;q=0.8',
  'user-agent' => 'Mozilla/5.0 (Windows NT 10.0; Win64; x64) AppleWebKit/537.36 (KHTML, like Gecko) Chrome/70.0.3538.67 Safari/537.36',
  'upgrade-insecure-requests' => '1',
  'purpose' => 'prefetch',
  'connection' => 'close',
  'host' => '127.0.0.2',
)
[ info ] [ PARAM ] array (
  'ref' => 'addtabs',
)
[ info ] [ LANG ] D:\fastadmin\public/../application/admin\lang\zh-cn.php
[ info ] [ LOG ] INIT File
[ error ] [2]Class 'fast\Form' not found[D:\fastadmin\application\common\behavior\Common.php:63]
